[2015.12.18-22.03.58:055][  0]Log file open, 12/18/15 17:03:58
[2015.12.18-22.03.58:055][  0]LogInit:Display: Running engine for game: essai
[2015.12.18-22.03.58:055][  0]LogPlatformFile: Not using cached read wrapper
[2015.12.18-22.03.58:055][  0]LogInit:Display: RandInit(780797433) SRandInit(780797434).
[2015.12.18-22.03.58:055][  0]LogTaskGraph: Started task graph with 4 named threads and 7 total threads.
[2015.12.18-22.03.58:055][  0]LogStats: Stats thread started at 0.078108
[2015.12.18-22.03.58:055][  0]LogInit: Version: 4.10.1-2791327+++depot+UE4-Releases+4.10
[2015.12.18-22.03.58:055][  0]LogInit: API Version: 2758231
[2015.12.18-22.03.58:055][  0]LogInit: Compiled (64-bit): Dec  4 2015 19:44:40
[2015.12.18-22.03.58:055][  0]LogInit: Compiled with Visual C++: 19.00.23026.00
[2015.12.18-22.03.58:055][  0]LogInit: Build Configuration: Development
[2015.12.18-22.03.58:055][  0]LogInit: Branch Name: ++depot+UE4-Releases+4.10
[2015.12.18-22.03.58:055][  0]LogInit: Command line:  
[2015.12.18-22.03.58:055][  0]LogInit: Base directory: C:/Program Files/Epic Games/4.10/Engine/Binaries/Win64/
[2015.12.18-22.03.58:055][  0]LogInit: Rocket: 1
[2015.12.18-22.03.58:064][  0]LogInit: Using libcurl 7.41.0
[2015.12.18-22.03.58:064][  0]LogInit:  - built for x86_64-pc-win32
[2015.12.18-22.03.58:064][  0]LogInit:  - supports SSL with WinSSL
[2015.12.18-22.03.58:064][  0]LogInit:  - other features:
[2015.12.18-22.03.58:064][  0]LogInit:      CURL_VERSION_SSL
[2015.12.18-22.03.58:064][  0]LogInit:      CURL_VERSION_IPV6
[2015.12.18-22.03.58:064][  0]LogInit:      CURL_VERSION_ASYNCHDNS
[2015.12.18-22.03.58:064][  0]LogInit:      CURL_VERSION_LARGEFILE
[2015.12.18-22.03.58:064][  0]LogInit:      CURL_VERSION_IDN
[2015.12.18-22.03.58:064][  0]LogInit:  CurlRequestOptions (configurable via config and command line):
[2015.12.18-22.03.58:064][  0]LogInit:  - bVerifyPeer = true  - Libcurl will verify peer certificate
[2015.12.18-22.03.58:064][  0]LogInit:  - bUseHttpProxy = false  - Libcurl will NOT use HTTP proxy
[2015.12.18-22.03.58:064][  0]LogInit:  - bDontReuseConnections = false  - Libcurl will reuse connections
[2015.12.18-22.03.58:064][  0]LogInit:  - CertBundlePath = nullptr  - Libcurl will use whatever was configured at build time.
[2015.12.18-22.03.58:073][  0]LogInit: Presizing for 0 objects not considered by GC, pre-allocating 0 bytes.
[2015.12.18-22.03.58:080][  0]LogInit: Object subsystem initialized
[2015.12.18-22.03.58:081][  0]LogInit: Selected Device Profile: [Windows]
[2015.12.18-22.03.58:081][  0]LogInit: Applying CVar settings loaded from the selected device profile: [Windows]
[2015.12.18-22.03.58:089][  0]LogInit: Computer: LABAGUETTE
[2015.12.18-22.03.58:089][  0]LogInit: User: Mathieu
[2015.12.18-22.03.58:089][  0]LogInit: CPU Page size=4096, Cores=4
[2015.12.18-22.03.58:089][  0]LogInit: High frequency timer resolution =2.338447 MHz
[2015.12.18-22.03.58:089][  0]LogMemory: Memory total: Physical=7.7GB (8GB approx)
[2015.12.18-22.03.58:089][  0]LogMemory: Platform Memory Stats for Windows
[2015.12.18-22.03.58:089][  0]LogMemory: Process Physical Memory: 55.09 MB used, 55.09 MB peak
[2015.12.18-22.03.58:089][  0]LogMemory: Process Virtual Memory: 58.78 MB used, 58.78 MB peak
[2015.12.18-22.03.58:089][  0]LogMemory: Physical Memory: 4136.64 MB used, 7888.79 MB total
[2015.12.18-22.03.58:089][  0]LogMemory: Virtual Memory: 363.19 MB used, 134217728.00 MB total
[2015.12.18-22.03.58:443][  0]LogTextLocalizationManager: No specific translations for ('en-CA') exist, so ('en') translations will be used.
[2015.12.18-22.03.58:888][  0]LogD3D11RHI: Found D3D11 adapter 0: NVIDIA NVS 5400M     (Feature Level 11_0)
[2015.12.18-22.03.58:888][  0]LogD3D11RHI: Adapter has 973MB of dedicated video memory, 0MB of dedicated system memory, and 3071MB of shared system memory, 1 output[s]
[2015.12.18-22.03.58:908][  0]LogD3D11RHI: Found D3D11 adapter 1: NVIDIA NVS 5400M     (Feature Level 11_0)
[2015.12.18-22.03.58:908][  0]LogD3D11RHI: Adapter has 973MB of dedicated video memory, 0MB of dedicated system memory, and 3071MB of shared system memory, 0 output[s]
[2015.12.18-22.03.58:910][  0]LogD3D11RHI: Found D3D11 adapter 2: Microsoft Basic Render Driver (Feature Level 11_0)
[2015.12.18-22.03.58:910][  0]LogD3D11RHI: Adapter has 973MB of dedicated video memory, 0MB of dedicated system memory, and 3071MB of shared system memory, 0 output[s]
[2015.12.18-22.03.58:910][  0]LogD3D11RHI: Chosen D3D11 Adapter Id = 0
[2015.12.18-22.03.58:920][  0]LogD3D11RHI: !Direct3DDevice
[2015.12.18-22.03.58:920][  0]LogRHI: Texture pool is 1361 MB (70% of 1945 MB)
[2015.12.18-22.03.58:934][  0]LogD3D11RHI: Async texture creation enabled
[2015.12.18-22.03.58:951][  0]LogShaderCompilers: Guid format shader working directory is -35 characters bigger than the processId version (../../../../../../Users/Mathieu/Documents/Unreal Projects/Unreal-Music-Awsome-Game/Intermediate/Shaders/WorkingDirectory/28744/).
[2015.12.18-22.03.58:951][  0]LogShaderCompilers: Cleaned the shader compiler working directory 'C:/Users/Mathieu/AppData/Local/Temp/UnrealShaderWorkingDir/38D6E67B45E75AF7477901A488A947AA/'.
[2015.12.18-22.03.58:951][  0]LogShaderCompilers:Display: Using Local Shader Compiler.
[2015.12.18-22.04.00:078][  0]LogTemp:Display: Loaded TP AllDesktopTargetPlatform
[2015.12.18-22.04.00:084][  0]LogTemp:Display: Loaded TP WindowsClientTargetPlatform
[2015.12.18-22.04.00:089][  0]LogTemp:Display: Loaded TP WindowsNoEditorTargetPlatform
[2015.12.18-22.04.00:095][  0]LogTemp:Display: Loaded TP WindowsServerTargetPlatform
[2015.12.18-22.04.00:101][  0]LogTemp:Display: Loaded TP WindowsTargetPlatform
[2015.12.18-22.04.00:105][  0]LogTemp:Display: Loaded TP AndroidTargetPlatform
[2015.12.18-22.04.00:108][  0]LogTemp:Display: Loaded TP Android_ASTCTargetPlatform
[2015.12.18-22.04.00:112][  0]LogTemp:Display: Loaded TP Android_ATCTargetPlatform
[2015.12.18-22.04.00:115][  0]LogTemp:Display: Loaded TP Android_DXTTargetPlatform
[2015.12.18-22.04.00:118][  0]LogTemp:Display: Loaded TP Android_ETC1TargetPlatform
[2015.12.18-22.04.00:122][  0]LogTemp:Display: Loaded TP Android_ETC2TargetPlatform
[2015.12.18-22.04.00:129][  0]LogTemp:Display: Loaded TP Android_MultiTargetPlatform
[2015.12.18-22.04.00:129][  0]LogTemp:Display: Loaded TP Android_PVRTCTargetPlatform
[2015.12.18-22.04.00:130][  0]LogTemp:Display: Loaded TP HTML5TargetPlatform
[2015.12.18-22.04.00:148][  0]LogTemp:Display: Loaded TP IOSTargetPlatform
[2015.12.18-22.04.00:151][  0]LogTemp:Display: Loaded TP LinuxNoEditorTargetPlatform
[2015.12.18-22.04.00:155][  0]LogTemp:Display: Loaded TP LinuxServerTargetPlatform
[2015.12.18-22.04.00:158][  0]LogTemp:Display: Loaded TP LinuxTargetPlatform
[2015.12.18-22.04.00:158][  0]LogTargetPlatformManager:Display: Building Assets For Windows
[2015.12.18-22.04.00:268][  0]LogDerivedDataCache:Display: Max Cache Size: 512 MB
[2015.12.18-22.04.00:320][  0]LogDerivedDataCache: Loaded boot cache 0.05s 41MB C:/Users/Mathieu/AppData/Local/UnrealEngine/4.10/DerivedDataCache/Boot.ddc.
[2015.12.18-22.04.00:320][  0]LogDerivedDataCache:Display: Loaded Boot cache: C:/Users/Mathieu/AppData/Local/UnrealEngine/4.10/DerivedDataCache/Boot.ddc
[2015.12.18-22.04.00:320][  0]LogDerivedDataCache: FDerivedDataBackendGraph:  Pak pak cache file ../../../../../../Users/Mathieu/Documents/Unreal Projects/Unreal-Music-Awsome-Game/DerivedDataCache/DDC.ddp not found, will not use a pak cache.
[2015.12.18-22.04.00:320][  0]LogDerivedDataCache: Unable to find inner node Pak for hierarchical cache Hierarchy.
[2015.12.18-22.04.00:320][  0]LogDerivedDataCache: FDerivedDataBackendGraph:  CompressedPak pak cache file ../../../../../../Users/Mathieu/Documents/Unreal Projects/Unreal-Music-Awsome-Game/DerivedDataCache/Compressed.ddp not found, will not use a pak cache.
[2015.12.18-22.04.00:320][  0]LogDerivedDataCache: Unable to find inner node CompressedPak for hierarchical cache Hierarchy.
[2015.12.18-22.04.00:392][  0]LogDerivedDataCache:Display: Pak cache opened for reading ../../../Engine/DerivedDataCache/Compressed.ddp.
[2015.12.18-22.04.00:405][  0]LogDerivedDataCache: Using Local data cache path C:/Users/Mathieu/AppData/Local/UnrealEngine/Common/DerivedDataCache: Writable
[2015.12.18-22.04.00:778][  0]LogInit: Selected Device Profile: [Windows]
[2015.12.18-22.04.00:781][  0]LogContentStreaming: Texture pool size is 0.000000MB
[2015.12.18-22.04.00:900][  0]LogMeshUtilities: No automatic mesh reduction module available
[2015.12.18-22.04.00:900][  0]LogMeshUtilities: No automatic mesh merging module available
[2015.12.18-22.04.01:162][  0]LogInit: WinSock: version 1.1 (2.2), MaxSocks=32767, MaxUdp=65467
[2015.12.18-22.04.02:918][  0]UdpMessaging: Initializing bridge on interface 0.0.0.0:0 to multicast group 230.0.0.1:6666.
[2015.12.18-22.04.03:072][  0]LogAssetRegistry: FAssetRegistry took 0.0111 seconds to start up
[2015.12.18-22.04.03:294][  0]SourceControl: Info Source control is disabled
[2015.12.18-22.04.03:773][  0]SourceControl: Info Source control is disabled
[2015.12.18-22.04.03:792][  0]SourceControl: Info Source control is disabled
[2015.12.18-22.04.03:810][  0]SourceControl: Info Source control is disabled
[2015.12.18-22.04.04:180][  0]LogObj: 28633 objects as part of root set at end of initial load.
[2015.12.18-22.04.04:180][  0]LogUObjectAllocator: 6099744 out of 0 bytes used by permanent object pool.
[2015.12.18-22.04.04:253][  0]LogEngine: Initializing Engine...
[2015.12.18-22.04.04:257][  0]LogHMD: Can't find Oculus library dev build: is proper Runtime installed? Version: 0.8.0.0
[2015.12.18-22.04.04:259][  0]LogHMD: SteamVR failed to initialize.  Err: 110
[2015.12.18-22.04.04:392][  0]LogAIModule: Creating AISystem for world NewWorld
[2015.12.18-22.04.04:397][  0]LogInit: XAudio2 using 'Speakers (High Definition Audio Device)' : 2 channels at 44.1 kHz using 16 bits per sample (channel mask 0x3)
[2015.12.18-22.04.04:443][  0]LogInit: FAudioDevice initialized.
[2015.12.18-22.04.04:462][  0]LogDerivedDataCache: Saved boot cache 0.02s 41MB C:/Users/Mathieu/AppData/Local/UnrealEngine/4.10/DerivedDataCache/Boot.ddc.
[2015.12.18-22.04.04:465][  0]LogInit: Texture streaming: Enabled
[2015.12.18-22.04.04:473][  0]LogAnalytics: Creating configured Analytics provider AnalyticsET
[2015.12.18-22.04.04:473][  0]LogAnalytics: [UEEditor.Rocket.Release] APIServer = http://et2.epicgames.com/ET2/. AppVersion = 4.10.1-2791327+++depot+UE4-Releases+4.10
[2015.12.18-22.04.04:473][  0]LogAnalytics: [UEEditor.Rocket.Release] SetUserId dca4fec74d4e3c1ff6b015804794b88a|121a6ec79910484cb2ff136d0597de7f|315e9ff7-8e3a-48f8-92e8-2458b76a9466
[2015.12.18-22.04.04:473][  0]LogAnalytics: [UEEditor.Rocket.Release] AnalyticsET::StartSession
[2015.12.18-22.04.04:494][  0]LogWindowsTextInputMethodSystem:Display: IME system now deactivated.
[2015.12.18-22.04.04:815][  0]LogInit: Transaction tracking system initialized
[2015.12.18-22.04.04:859][  0]BlueprintLog: New page: Editor Load
[2015.12.18-22.04.04:974][  0]LocalizationService: Info Localization service is disabled
[2015.12.18-22.04.05:223][  0]LogConsoleResponse:Display: 
[2015.12.18-22.04.05:369][  0]LogCook:Display: Done creating registry. It took  0.00s.
[2015.12.18-22.04.05:451][  0]LogFileCache: Scanning file cache for directory 'C:/Users/Mathieu/Documents/Unreal Projects/Unreal-Music-Awsome-Game/Content/' took 0.02s
[2015.12.18-22.04.05:451][  0]SourceControl: Info Source control is disabled
[2015.12.18-22.04.05:451][  0]Cmd: MAP LOAD FILE="../../../../../../Users/Mathieu/Documents/Unreal Projects/Unreal-Music-Awsome-Game/Content/FirstPersonBP/Maps/FirstPersonExampleMap.umap" TEMPLATE=0 SHOWPROGRESS=1 FEATURELEVEL=3
[2015.12.18-22.04.05:451][  0]LightingResults: New page: Lighting Build
[2015.12.18-22.04.05:455][  0]MapCheck: New page: Map Check
[2015.12.18-22.04.05:455][  0]LightingResults: New page: Lighting Build
[2015.12.18-22.04.05:467][  0]LogParticles: Destroying 0 GPU particle simulations for FXSystem 0x0000007DAAB07B00
[2015.12.18-22.04.05:627][  0]LogLinker:Warning: Asset '../../../../../../Users/Mathieu/Documents/Unreal Projects/Unreal-Music-Awsome-Game/Content/FirstPerson/Meshes/FirstPersonProjectileMesh.uasset' has been saved with empty engine version. The asset will be loaded but may be incompatible.
[2015.12.18-22.04.06:403][  0]LogAIModule: Creating AISystem for world FirstPersonExampleMap
[2015.12.18-22.04.06:415][  0]LogEditorServer: Finished looking for orphan Actors (0.000 secs)
[2015.12.18-22.04.06:416][  0]Cmd: MAP CHECKDEP NOCLEARLOG
[2015.12.18-22.04.06:530][  0]MapCheck: Info Map check complete: 0 Error(s), 0 Warning(s), took 114.13ms to complete.
[2015.12.18-22.04.06:530][  0]LogFileHelpers: Loading map 'FirstPersonExampleMap' took 1.079
[2015.12.18-22.04.06:672][  0]LogCollectionManager: Loaded 0 collections in 0.003356 seconds
[2015.12.18-22.04.06:721][  0]LogFileCache: Scanning file cache for directory 'C:/Users/Mathieu/Documents/Unreal Projects/Unreal-Music-Awsome-Game/Saved/Collections/' took 0.01s
[2015.12.18-22.04.06:721][  0]LogFileCache: Scanning file cache for directory 'C:/Users/Mathieu/Documents/Unreal Projects/Unreal-Music-Awsome-Game/Content/Developers/Mathieu/Collections/' took 0.01s
[2015.12.18-22.04.06:721][  0]LogFileCache: Scanning file cache for directory 'C:/Users/Mathieu/Documents/Unreal Projects/Unreal-Music-Awsome-Game/Content/Collections/' took 0.01s
[2015.12.18-22.04.06:721][  0]LogCollectionManager: Rebuilt the GUID cache for 0 collections in 0.000003 seconds
[2015.12.18-22.04.06:731][  0]LogContentBrowser: Native class hierarchy populated in 0.0103 seconds. Added 1893 classes and 338 folders.
[2015.12.18-22.04.06:740][  0]LogContentBrowser: Native class hierarchy updated for 'WidgetCarousel' in 0.0004 seconds. Added 0 classes and 0 folders.
[2015.12.18-22.04.06:912][  0]LogContentBrowser: Native class hierarchy updated for 'AddContentDialog' in 0.0006 seconds. Added 0 classes and 0 folders.
[2015.12.18-22.04.06:928][  0]LogContentBrowser: Native class hierarchy updated for 'SceneOutliner' in 0.0006 seconds. Added 1 classes and 2 folders.
[2015.12.18-22.04.06:965][  0]LogCrashTracker: Crashtracker disabled due to settings.
[2015.12.18-22.04.06:973][  0]LogUObjectGlobals:Warning: Failed to find object 'Class None.'
[2015.12.18-22.04.07:000][  0]LogLoad: Full Startup: 9.37 seconds (BP compile: 0.19 seconds)
[2015.12.18-22.04.07:029][  0]LogOcInput: Can't find Oculus library dev build: is proper Runtime installed? Version: 0.8.0.0
[2015.12.18-22.04.07:114][  0]LogContentStreaming: Texture pool size now 200 MB
[2015.12.18-22.04.07:298][  0]LogRenderer: Reallocating scene render targets to support 736x368 (Frame:2).
[2015.12.18-22.04.07:815][  8]LogAssetRegistry: Asset discovery search completed in 4.7534 seconds
[2015.12.18-22.04.07:815][  8]LogCollectionManager: Rebuilt the object cache for 0 collections in 0.000002 seconds (found 0 objects)
[2015.12.18-22.04.07:815][  8]LogCollectionManager: Fixed up redirectors for 0 collections in 0.000035 seconds (updated 0 objects)
[2015.12.18-22.04.15:538][314]LogBlueprintUserMessages: Early PlayInEditor Detection: Level '/Game/FirstPersonBP/Maps/FirstPersonExampleMap.FirstPersonExampleMap:PersistentLevel' has LevelScriptBlueprint '/Game/FirstPersonBP/Maps/FirstPersonExampleMap.FirstPersonExampleMap:PersistentLevel.FirstPersonExampleMap' with GeneratedClass '/Game/FirstPersonBP/Maps/FirstPersonExampleMap.FirstPersonExampleMap_C' with ClassGeneratedBy '/Game/FirstPersonBP/Maps/FirstPersonExampleMap.FirstPersonExampleMap:PersistentLevel.FirstPersonExampleMap'
[2015.12.18-22.04.15:538][314]LogPlayLevel: PlayLevel: No blueprints needed recompiling
[2015.12.18-22.04.15:538][314]PIE: New page: PIE session: FirstPersonExampleMap (Dec 18, 2015, 12:04:15 PM)
[2015.12.18-22.04.15:538][314]LogPlayLevel: Creating play world package: /Game/FirstPersonBP/Maps/UEDPIE_0_FirstPersonExampleMap
[2015.12.18-22.04.15:565][314]LogPlayLevel: PIE: StaticDuplicateObject took: (0.026713s)
[2015.12.18-22.04.15:566][314]LogAIModule: Creating AISystem for world FirstPersonExampleMap
[2015.12.18-22.04.15:566][314]LogPlayLevel: PIE: World Init took: (0.001412s)
[2015.12.18-22.04.15:567][314]LogPlayLevel: PIE: Created PIE world by copying editor world from /Game/FirstPersonBP/Maps/FirstPersonExampleMap.FirstPersonExampleMap to /Game/FirstPersonBP/Maps/UEDPIE_0_FirstPersonExampleMap.FirstPersonExampleMap (0.028466s)
[2015.12.18-22.04.15:608][314]LogInit: XAudio2 using 'Speakers (High Definition Audio Device)' : 2 channels at 44.1 kHz using 16 bits per sample (channel mask 0x3)
[2015.12.18-22.04.15:616][314]LogInit: FAudioDevice initialized.
[2015.12.18-22.04.15:695][314]LogWorld: Game class is 'FirstPersonGameMode_C'
[2015.12.18-22.04.15:702][314]LogWorld: Bringing World /Game/FirstPersonBP/Maps/UEDPIE_0_FirstPersonExampleMap.FirstPersonExampleMap up for play (max tick rate 60) at 2015.12.18-17.04.15
[2015.12.18-22.04.15:703][314]LogActor:Warning: GameSession /Game/FirstPersonBP/Maps/UEDPIE_0_FirstPersonExampleMap.FirstPersonExampleMap:PersistentLevel.GameSession_0 has natively added scene component(s), but none of them were set as the actor's RootComponent - picking one arbitrarily
[2015.12.18-22.04.15:703][314]LogActor:Warning: GameNetworkManager /Game/FirstPersonBP/Maps/UEDPIE_0_FirstPersonExampleMap.FirstPersonExampleMap:PersistentLevel.GameNetworkManager_0 has natively added scene component(s), but none of them were set as the actor's RootComponent - picking one arbitrarily
[2015.12.18-22.04.15:717][314]LogWorld: Bringing up level for play took: 0.021347
[2015.12.18-22.04.15:720][314]PIE: Info Play in editor start time for /Game/FirstPersonBP/Maps/UEDPIE_0_FirstPersonExampleMap -0.399
[2015.12.18-22.04.15:720][314]LogBlueprintUserMessages: Late PlayInEditor Detection: Level '/Game/FirstPersonBP/Maps/FirstPersonExampleMap.FirstPersonExampleMap:PersistentLevel' has LevelScriptBlueprint '/Game/FirstPersonBP/Maps/FirstPersonExampleMap.FirstPersonExampleMap:PersistentLevel.FirstPersonExampleMap' with GeneratedClass '/Game/FirstPersonBP/Maps/FirstPersonExampleMap.FirstPersonExampleMap_C' with ClassGeneratedBy '/Game/FirstPersonBP/Maps/FirstPersonExampleMap.FirstPersonExampleMap:PersistentLevel.FirstPersonExampleMap'
[2015.12.18-22.04.17:352][406]LogBlueprintUserMessages: [Test_image_C_0] true
[2015.12.18-22.04.18:367][467]LogBlueprintUserMessages: [Test_image_C_1] true
[2015.12.18-22.04.19:383][528]LogBlueprintUserMessages: [Test_image_C_2] true
[2015.12.18-22.04.20:484][594]LogBlueprintUserMessages: [Test_image_C_3] true
[2015.12.18-22.04.21:418][650]LogBlueprintUserMessages: [Test_image_C_4] true
[2015.12.18-22.04.22:519][716]LogBlueprintUserMessages: [Test_image_C_5] true
[2015.12.18-22.04.23:451][772]LogBlueprintUserMessages: [Test_image_C_6] true
[2015.12.18-22.04.24:467][833]LogBlueprintUserMessages: [Test_image_C_7] true
[2015.12.18-22.04.25:485][894]LogBlueprintUserMessages: [Test_image_C_8] true
[2015.12.18-22.04.26:501][955]LogBlueprintUserMessages: [Test_image_C_9] true
[2015.12.18-22.04.27:517][ 16]LogBlueprintUserMessages: [Test_image_C_10] true
[2015.12.18-22.04.28:618][ 82]LogBlueprintUserMessages: [Test_image_C_11] true
[2015.12.18-22.04.29:553][138]LogBlueprintUserMessages: [Test_image_C_12] true
[2015.12.18-22.04.30:653][204]LogBlueprintUserMessages: [Test_image_C_13] true
[2015.12.18-22.04.31:668][265]LogBlueprintUserMessages: [Test_image_C_14] true
[2015.12.18-22.04.32:686][326]LogBlueprintUserMessages: [Test_image_C_15] true
[2015.12.18-22.04.33:701][387]LogBlueprintUserMessages: [Test_image_C_16] true
[2015.12.18-22.04.34:636][443]LogBlueprintUserMessages: [Test_image_C_17] true
[2015.12.18-22.04.35:736][509]LogBlueprintUserMessages: [Test_image_C_18] true
[2015.12.18-22.04.36:668][565]LogBlueprintUserMessages: [Test_image_C_19] true
[2015.12.18-22.04.37:686][626]LogBlueprintUserMessages: [Test_image_C_20] true
[2015.12.18-22.04.38:702][687]LogBlueprintUserMessages: [Test_image_C_21] true
[2015.12.18-22.04.39:719][748]LogBlueprintUserMessages: [Test_image_C_22] true
[2015.12.18-22.04.40:735][809]LogBlueprintUserMessages: [Test_image_C_23] true
[2015.12.18-22.04.41:752][870]LogBlueprintUserMessages: [Test_image_C_24] true
[2015.12.18-22.04.42:769][931]LogBlueprintUserMessages: [Test_image_C_25] true
[2015.12.18-22.04.43:785][992]LogBlueprintUserMessages: [Test_image_C_26] true
[2015.12.18-22.04.44:802][ 53]LogBlueprintUserMessages: [Test_image_C_27] true
[2015.12.18-22.04.45:903][119]LogBlueprintUserMessages: [Test_image_C_28] true
[2015.12.18-22.04.46:918][180]LogBlueprintUserMessages: [Test_image_C_29] true
[2015.12.18-22.04.47:935][241]LogBlueprintUserMessages: [Test_image_C_30] true
[2015.12.18-22.04.48:870][297]LogBlueprintUserMessages: [Test_image_C_31] true
[2015.12.18-22.04.49:885][358]LogBlueprintUserMessages: [Test_image_C_32] true
[2015.12.18-22.04.50:986][424]LogBlueprintUserMessages: [Test_image_C_33] true
[2015.12.18-22.04.51:920][480]LogBlueprintUserMessages: [Test_image_C_34] true
[2015.12.18-22.04.52:935][541]LogBlueprintUserMessages: [Test_image_C_35] true
[2015.12.18-22.04.54:035][607]LogBlueprintUserMessages: [Test_image_C_36] true
[2015.12.18-22.04.55:053][668]LogBlueprintUserMessages: [Test_image_C_37] true
[2015.12.18-22.04.56:069][729]LogBlueprintUserMessages: [Test_image_C_38] true
[2015.12.18-22.04.57:085][790]LogBlueprintUserMessages: [Test_image_C_39] true
[2015.12.18-22.04.58:103][851]LogBlueprintUserMessages: [Test_image_C_40] true
[2015.12.18-22.04.59:119][912]LogBlueprintUserMessages: [Test_image_C_41] true
[2015.12.18-22.05.00:135][973]LogBlueprintUserMessages: [Test_image_C_42] true
[2015.12.18-22.05.01:153][ 34]LogBlueprintUserMessages: [Test_image_C_43] true
[2015.12.18-22.05.02:168][ 95]LogBlueprintUserMessages: [Test_image_C_44] true
[2015.12.18-22.05.03:186][156]LogBlueprintUserMessages: [Test_image_C_45] true
[2015.12.18-22.05.04:203][217]LogBlueprintUserMessages: [Test_image_C_46] true
[2015.12.18-22.05.05:219][278]LogBlueprintUserMessages: [Test_image_C_47] true
[2015.12.18-22.05.06:236][339]LogBlueprintUserMessages: [Test_image_C_48] true
[2015.12.18-22.05.07:253][400]LogBlueprintUserMessages: [Test_image_C_49] true
[2015.12.18-22.05.08:269][461]LogBlueprintUserMessages: [Test_image_C_50] true
[2015.12.18-22.05.09:288][522]LogBlueprintUserMessages: [Test_image_C_51] true
[2015.12.18-22.05.10:305][583]LogBlueprintUserMessages: [Test_image_C_52] true
[2015.12.18-22.05.11:320][644]LogBlueprintUserMessages: [Test_image_C_53] true
[2015.12.18-22.05.12:336][705]LogBlueprintUserMessages: [Test_image_C_54] true
[2015.12.18-22.05.13:355][766]LogBlueprintUserMessages: [Test_image_C_55] true
[2015.12.18-22.05.14:369][827]LogBlueprintUserMessages: [Test_image_C_56] true
[2015.12.18-22.05.15:387][888]LogBlueprintUserMessages: [Test_image_C_57] true
[2015.12.18-22.05.16:407][949]LogBlueprintUserMessages: [Test_image_C_58] true
[2015.12.18-22.05.17:423][ 10]LogBlueprintUserMessages: [Test_image_C_59] true
[2015.12.18-22.05.18:444][ 71]LogBlueprintUserMessages: [Test_image_C_60] true
[2015.12.18-22.05.19:457][132]LogBlueprintUserMessages: [Test_image_C_61] true
[2015.12.18-22.05.20:473][193]LogBlueprintUserMessages: [Test_image_C_62] true
[2015.12.18-22.05.21:490][254]LogBlueprintUserMessages: [Test_image_C_63] true
[2015.12.18-22.05.22:507][315]LogBlueprintUserMessages: [Test_image_C_64] true
[2015.12.18-22.05.23:523][376]LogBlueprintUserMessages: [Test_image_C_65] true
[2015.12.18-22.05.24:541][437]LogBlueprintUserMessages: [Test_image_C_66] true
[2015.12.18-22.05.25:558][498]LogBlueprintUserMessages: [Test_image_C_67] true
[2015.12.18-22.05.26:574][559]LogBlueprintUserMessages: [Test_image_C_68] true
[2015.12.18-22.05.27:591][620]LogBlueprintUserMessages: [Test_image_C_69] true
[2015.12.18-22.05.28:608][681]LogBlueprintUserMessages: [Test_image_C_70] true
[2015.12.18-22.05.29:625][742]LogBlueprintUserMessages: [Test_image_C_71] true
[2015.12.18-22.05.30:641][803]LogBlueprintUserMessages: [Test_image_C_72] true
[2015.12.18-22.05.31:658][864]LogBlueprintUserMessages: [Test_image_C_73] true
[2015.12.18-22.05.32:675][925]LogBlueprintUserMessages: [Test_image_C_74] true
[2015.12.18-22.05.33:692][986]LogBlueprintUserMessages: [Test_image_C_75] true
[2015.12.18-22.05.34:709][ 47]LogBlueprintUserMessages: [Test_image_C_76] true
[2015.12.18-22.05.35:724][108]LogBlueprintUserMessages: [Test_image_C_77] true
[2015.12.18-22.05.36:745][169]LogBlueprintUserMessages: [Test_image_C_78] true
[2015.12.18-22.05.37:759][230]LogBlueprintUserMessages: [Test_image_C_79] true
[2015.12.18-22.05.38:774][291]LogBlueprintUserMessages: [Test_image_C_80] true
[2015.12.18-22.05.39:793][352]LogBlueprintUserMessages: [Test_image_C_81] true
[2015.12.18-22.05.40:810][413]LogBlueprintUserMessages: [Test_image_C_82] true
[2015.12.18-22.05.41:825][474]LogBlueprintUserMessages: [Test_image_C_83] true
[2015.12.18-22.05.42:842][535]LogBlueprintUserMessages: [Test_image_C_84] true
[2015.12.18-22.05.43:861][596]LogBlueprintUserMessages: [Test_image_C_85] true
[2015.12.18-22.05.44:874][657]LogBlueprintUserMessages: [Test_image_C_86] true
[2015.12.18-22.05.45:892][718]LogBlueprintUserMessages: [Test_image_C_87] true
[2015.12.18-22.05.46:908][779]LogBlueprintUserMessages: [Test_image_C_88] true
[2015.12.18-22.05.47:925][840]LogBlueprintUserMessages: [Test_image_C_89] true
[2015.12.18-22.05.48:943][901]LogBlueprintUserMessages: [Test_image_C_90] true
[2015.12.18-22.05.49:958][962]LogBlueprintUserMessages: [Test_image_C_91] true
[2015.12.18-22.05.50:975][ 23]LogBlueprintUserMessages: [Test_image_C_92] true
[2015.12.18-22.05.51:992][ 84]LogBlueprintUserMessages: [Test_image_C_93] true
[2015.12.18-22.05.53:008][145]LogBlueprintUserMessages: [Test_image_C_94] true
[2015.12.18-22.05.54:025][206]LogBlueprintUserMessages: [Test_image_C_95] true
[2015.12.18-22.05.55:042][267]LogBlueprintUserMessages: [Test_image_C_96] true
[2015.12.18-22.05.56:060][328]LogBlueprintUserMessages: [Test_image_C_97] true
[2015.12.18-22.05.56:589][360]LogBlueprintUserMessages: Early EndPlayMap Detection: Level '/Game/FirstPersonBP/Maps/FirstPersonExampleMap.FirstPersonExampleMap:PersistentLevel' has LevelScriptBlueprint '/Game/FirstPersonBP/Maps/FirstPersonExampleMap.FirstPersonExampleMap:PersistentLevel.FirstPersonExampleMap' with GeneratedClass '/Game/FirstPersonBP/Maps/FirstPersonExampleMap.FirstPersonExampleMap_C' with ClassGeneratedBy '/Game/FirstPersonBP/Maps/FirstPersonExampleMap.FirstPersonExampleMap:PersistentLevel.FirstPersonExampleMap'
[2015.12.18-22.05.56:636][360]LogBlueprintUserMessages: Late EndPlayMap Detection: Level '/Game/FirstPersonBP/Maps/FirstPersonExampleMap.FirstPersonExampleMap:PersistentLevel' has LevelScriptBlueprint '/Game/FirstPersonBP/Maps/FirstPersonExampleMap.FirstPersonExampleMap:PersistentLevel.FirstPersonExampleMap' with GeneratedClass '/Game/FirstPersonBP/Maps/FirstPersonExampleMap.FirstPersonExampleMap_C' with ClassGeneratedBy '/Game/FirstPersonBP/Maps/FirstPersonExampleMap.FirstPersonExampleMap:PersistentLevel.FirstPersonExampleMap'
[2015.12.18-22.05.56:656][360]LogParticles: Destroying 0 GPU particle simulations for FXSystem 0x0000007DA71BF4C0
[2015.12.18-22.05.57:562][409]LogWindowsTextInputMethodSystem:Display: IME system now deactivated.
[2015.12.18-22.05.57:791][410]Cmd: QUIT_EDITOR
[2015.12.18-22.05.58:084][410]LogExit: Preparing to exit.
[2015.12.18-22.05.59:118][410]LogExit: Editor shut down
[2015.12.18-22.05.59:119][410]LogExit: Transaction tracking system shut down
[2015.12.18-22.05.59:121][410]LogParticles: Destroying 0 GPU particle simulations for FXSystem 0x0000007DB0E13920
[2015.12.18-22.05.59:122][410]LogParticles: Destroying 0 GPU particle simulations for FXSystem 0x0000007DB6414860
[2015.12.18-22.05.59:122][410]LogParticles: Destroying 0 GPU particle simulations for FXSystem 0x0000007DB66B7B00
[2015.12.18-22.05.59:257][410]LogExit: Object subsystem successfully closed.
[2015.12.18-22.05.59:273][410]LogD3D11RHI: Shutdown
[2015.12.18-22.05.59:273][410]LogD3D11RHI: CleanupD3DDevice
[2015.12.18-22.05.59:342][410]LogD3D11RHI: ~FD3D11DynamicRHI
[2015.12.18-22.05.59:373][410]LogModuleManager: Shutting down and abandoning module CrashTracker (198)
[2015.12.18-22.05.59:373][410]LogModuleManager: Shutting down and abandoning module SceneOutliner (197)
[2015.12.18-22.05.59:373][410]LogModuleManager: Shutting down and abandoning module SuperSearch (196)
[2015.12.18-22.05.59:373][410]LogModuleManager: Shutting down and abandoning module WidgetCarousel (195)
[2015.12.18-22.05.59:373][410]LogModuleManager: Shutting down and abandoning module AddContentDialog (194)
[2015.12.18-22.05.59:374][410]LogModuleManager: Shutting down and abandoning module EditorWidgets (193)
[2015.12.18-22.05.59:374][410]LogModuleManager: Shutting down and abandoning module CollectionManager (192)
[2015.12.18-22.05.59:375][410]LogModuleManager: Shutting down and abandoning module StatsViewer (191)
[2015.12.18-22.05.59:375][410]LogModuleManager: Shutting down and abandoning module FoliageEdit (190)
[2015.12.18-22.05.59:375][410]LogModuleManager: Shutting down and abandoning module LandscapeEditor (189)
[2015.12.18-22.05.59:375][410]LogModuleManager: Shutting down and abandoning module ActorPickerMode (188)
[2015.12.18-22.05.59:375][410]LogModuleManager: Shutting down and abandoning module GeometryMode (187)
[2015.12.18-22.05.59:375][410]LogModuleManager: Shutting down and abandoning module TextureAlignMode (186)
[2015.12.18-22.05.59:375][410]LogModuleManager: Shutting down and abandoning module BspMode (185)
[2015.12.18-22.05.59:375][410]LogModuleManager: Shutting down and abandoning module PlacementMode (184)
[2015.12.18-22.05.59:375][410]LogModuleManager: Shutting down and abandoning module AutomationWorker (183)
[2015.12.18-22.05.59:375][410]LogModuleManager: Shutting down and abandoning module CharacterAI (182)
[2015.12.18-22.05.59:375][410]LogModuleManager: Shutting down and abandoning module SmartSnapping (181)
[2015.12.18-22.05.59:375][410]LogModuleManager: Shutting down and abandoning module ViewportSnapping (180)
[2015.12.18-22.05.59:375][410]LogModuleManager: Shutting down and abandoning module LogVisualizer (179)
[2015.12.18-22.05.59:375][410]LogModuleManager: Shutting down and abandoning module GameProjectGeneration (178)
[2015.12.18-22.05.59:375][410]LogModuleManager: Shutting down and abandoning module IntroTutorials (177)
[2015.12.18-22.05.59:376][410]LogModuleManager: Shutting down and abandoning module EditorLiveStreaming (176)
[2015.12.18-22.05.59:376][410]LogModuleManager: Shutting down and abandoning module IOSPlatformEditor (175)
[2015.12.18-22.05.59:376][410]LogModuleManager: Shutting down and abandoning module HTML5PlatformEditor (174)
[2015.12.18-22.05.59:376][410]LogModuleManager: Shutting down and abandoning module AndroidDeviceDetection (173)
[2015.12.18-22.06.00:105][410]LogModuleManager: Shutting down and abandoning module AndroidPlatformEditor (172)
[2015.12.18-22.06.00:105][410]LogModuleManager: Shutting down and abandoning module IOSRuntimeSettings (171)
[2015.12.18-22.06.00:105][410]LogModuleManager: Shutting down and abandoning module AndroidRuntimeSettings (170)
[2015.12.18-22.06.00:105][410]LogModuleManager: Shutting down and abandoning module MergeActors (169)
[2015.12.18-22.06.00:105][410]LogModuleManager: Shutting down and abandoning module SizeMap (168)
[2015.12.18-22.06.00:105][410]LogModuleManager: Shutting down and abandoning module TreeMap (167)
[2015.12.18-22.06.00:105][410]LogModuleManager: Shutting down and abandoning module ReferenceViewer (166)
[2015.12.18-22.06.00:105][410]LogModuleManager: Shutting down and abandoning module LocalizationService (165)
[2015.12.18-22.06.00:105][410]LogModuleManager: Shutting down and abandoning module LocalizationDashboard (164)
[2015.12.18-22.06.00:105][410]LogModuleManager: Shutting down and abandoning module HardwareTargeting (163)
[2015.12.18-22.06.00:105][410]LogModuleManager: Shutting down and abandoning module DeviceProfileEditor (162)
[2015.12.18-22.06.00:105][410]LogModuleManager: Shutting down and abandoning module UndoHistory (161)
[2015.12.18-22.06.00:105][410]LogModuleManager: Shutting down and abandoning module GameplayTagsEditor (160)
[2015.12.18-22.06.00:105][410]LogModuleManager: Shutting down and abandoning module UserFeedback (159)
[2015.12.18-22.06.00:105][410]LogModuleManager: Shutting down and abandoning module XmlParser (158)
[2015.12.18-22.06.00:105][410]LogModuleManager: Shutting down and abandoning module Blutility (157)
[2015.12.18-22.06.00:105][410]LogModuleManager: Shutting down and abandoning module ProjectTargetPlatformEditor (156)
[2015.12.18-22.06.00:105][410]LogModuleManager: Shutting down and abandoning module ProjectSettingsViewer (155)
[2015.12.18-22.06.00:105][410]LogModuleManager: Shutting down and abandoning module InputBindingEditor (154)
[2015.12.18-22.06.00:106][410]LogModuleManager: Shutting down and abandoning module EditorSettingsViewer (153)
[2015.12.18-22.06.00:106][410]LogModuleManager: Shutting down and abandoning module SettingsEditor (152)
[2015.12.18-22.06.00:106][410]LogModuleManager: Shutting down and abandoning module ProjectLauncher (151)
[2015.12.18-22.06.00:106][410]LogModuleManager: Shutting down and abandoning module SessionFrontend (150)
[2015.12.18-22.06.00:106][410]LogModuleManager: Shutting down and abandoning module ProfilerClient (149)
[2015.12.18-22.06.00:106][410]LogModuleManager: Shutting down and abandoning module TargetDeviceServices (148)
[2015.12.18-22.06.00:106][410]LogModuleManager: Shutting down and abandoning module DeviceManager (147)
[2015.12.18-22.06.00:106][410]LogModuleManager: Shutting down and abandoning module AutomationController (146)
[2015.12.18-22.06.00:106][410]LogModuleManager: Shutting down and abandoning module AutomationWindow (145)
[2015.12.18-22.06.00:106][410]LogModuleManager: Shutting down and abandoning module Layers (144)
[2015.12.18-22.06.00:106][410]LogModuleManager: Shutting down and abandoning module ComponentVisualizers (143)
[2015.12.18-22.06.00:106][410]LogModuleManager: Shutting down and abandoning module DetailCustomizations (142)
[2015.12.18-22.06.00:106][410]LogModuleManager: Shutting down and abandoning module PackagesDialog (141)
[2015.12.18-22.06.00:106][410]LogModuleManager: Shutting down and abandoning module Persona (140)
[2015.12.18-22.06.00:106][410]LogModuleManager: Shutting down and abandoning module Kismet (139)
[2015.12.18-22.06.00:106][410]LogModuleManager: Shutting down and abandoning module GraphEditor (138)
[2015.12.18-22.06.00:106][410]LogModuleManager: Shutting down and abandoning module ClassViewer (137)
[2015.12.18-22.06.00:106][410]LogModuleManager: Shutting down and abandoning module Toolbox (136)
[2015.12.18-22.06.00:106][410]LogModuleManager: Shutting down and abandoning module ModuleUI (135)
[2015.12.18-22.06.00:106][410]LogModuleManager: Shutting down and abandoning module MovieSceneTools (134)
[2015.12.18-22.06.00:106][410]LogModuleManager: Shutting down and abandoning module OutputLog (133)
[2015.12.18-22.06.00:106][410]LogModuleManager: Shutting down and abandoning module GammaUI (132)
[2015.12.18-22.06.00:106][410]LogModuleManager: Shutting down and abandoning module Documentation (131)
[2015.12.18-22.06.00:106][410]LogModuleManager: Shutting down and abandoning module GameLiveStreaming (130)
[2015.12.18-22.06.00:106][410]LogModuleManager: Shutting down and abandoning module StreamingPauseRendering (129)
[2015.12.18-22.06.00:106][410]LogModuleManager: Shutting down and abandoning module AnalyticsET (128)
[2015.12.18-22.06.00:106][410]LogModuleManager: Shutting down and abandoning module Analytics (127)
[2015.12.18-22.06.00:106][410]LogModuleManager: Shutting down and abandoning module AITestSuite (126)
[2015.12.18-22.06.00:106][410]LogModuleManager: Shutting down and abandoning module GameplayDebugger (125)
[2015.12.18-22.06.00:106][410]LogModuleManager: Shutting down and abandoning module AIModule (124)
[2015.12.18-22.06.00:106][410]LogModuleManager: Shutting down and abandoning module ProfilerService (123)
[2015.12.18-22.06.00:282][410]LogModuleManager: Shutting down and abandoning module TaskGraph (122)
[2015.12.18-22.06.00:282][410]LogModuleManager: Shutting down and abandoning module SlateRemote (121)
[2015.12.18-22.06.00:282][410]LogModuleManager: Shutting down and abandoning module SteamVRController (120)
[2015.12.18-22.06.00:282][410]LogModuleManager: Shutting down and abandoning module SteamVR (119)
[2015.12.18-22.06.00:282][410]LogModuleManager: Shutting down and abandoning module ProceduralMeshComponent (118)
[2015.12.18-22.06.00:282][410]LogModuleManager: Shutting down and abandoning module OculusLibrary (117)
[2015.12.18-22.06.00:282][410]LogModuleManager: Shutting down and abandoning module OculusInput (116)
[2015.12.18-22.06.00:282][410]LogModuleManager: Shutting down and abandoning module LeapMotionController (115)
[2015.12.18-22.06.00:298][410]LogModuleManager: Shutting down and abandoning module CustomMeshComponent (114)
[2015.12.18-22.06.00:298][410]LogModuleManager: Shutting down and abandoning module CableComponent (113)
[2015.12.18-22.06.00:298][410]LogModuleManager: Shutting down and abandoning module ArchVisCharacter (112)
[2015.12.18-22.06.00:298][410]LogModuleManager: Shutting down and abandoning module MessagingDebugger (111)
[2015.12.18-22.06.00:298][410]LogModuleManager: Shutting down and abandoning module MediaPlayerEditor (110)
[2015.12.18-22.06.00:298][410]LogModuleManager: Shutting down and abandoning module HTML5Networking (109)
[2015.12.18-22.06.00:298][410]LogModuleManager: Shutting down and abandoning module SpeedTreeImporter (108)
[2015.12.18-22.06.00:298][410]LogModuleManager: Shutting down and abandoning module PluginBrowser (107)
[2015.12.18-22.06.00:298][410]LogModuleManager: Shutting down and abandoning module EpicSurvey (106)
[2015.12.18-22.06.00:298][410]LogModuleManager: Shutting down and abandoning module DesktopPlatform (105)
[2015.12.18-22.06.00:298][410]LogModuleManager: Shutting down and abandoning module VisualStudioSourceCodeAccess (104)
[2015.12.18-22.06.00:298][410]LogModuleManager: Shutting down and abandoning module UObjectPlugin (103)
[2015.12.18-22.06.00:298][410]LogModuleManager: Shutting down and abandoning module SubversionSourceControl (102)
[2015.12.18-22.06.00:298][410]LogModuleManager: Shutting down and abandoning module PerforceSourceControl (101)
[2015.12.18-22.06.00:298][410]LogModuleManager: Shutting down and abandoning module SourceControl (100)
[2015.12.18-22.06.00:299][410]LogModuleManager: Shutting down and abandoning module GitSourceControl (99)
[2015.12.18-22.06.00:299][410]LogModuleManager: Shutting down and abandoning module LightPropagationVolumeEditor (98)
[2015.12.18-22.06.00:299][410]LogModuleManager: Shutting down and abandoning module PaperTiledImporter (97)
[2015.12.18-22.06.00:299][410]LogModuleManager: Shutting down and abandoning module PaperSpriteSheetImporter (96)
[2015.12.18-22.06.00:299][410]LogModuleManager: Shutting down and abandoning module MeshPaint (95)
[2015.12.18-22.06.00:299][410]LogModuleManager: Shutting down and abandoning module SlateReflector (94)
[2015.12.18-22.06.00:299][410]LogModuleManager: Shutting down and abandoning module HotReload (93)
[2015.12.18-22.06.00:299][410]LogModuleManager: Shutting down and abandoning module MainFrame (92)
[2015.12.18-22.06.00:299][410]LogModuleManager: Shutting down and abandoning module LevelEditor (91)
[2015.12.18-22.06.00:300][410]LogModuleManager: Shutting down and abandoning module DirectoryWatcher (90)
[2015.12.18-22.06.00:300][410]LogModuleManager: Shutting down and abandoning module AssetRegistry (89)
[2015.12.18-22.06.00:390][410]LogModuleManager: Shutting down and abandoning module ContentBrowser (88)
[2015.12.18-22.06.00:391][410]LogModuleManager: Shutting down and abandoning module Paper2DEditor (87)
[2015.12.18-22.06.00:391][410]LogModuleManager: Shutting down and abandoning module UdpMessaging (86)
[2015.12.18-22.06.00:492][410]LogModuleManager: Shutting down and abandoning module LightPropagationVolumeRuntime (85)
[2015.12.18-22.06.00:492][410]LogModuleManager: Shutting down and abandoning module Paper2D (84)
[2015.12.18-22.06.00:492][410]LogModuleManager: Shutting down and abandoning module WindowsMoviePlayer (83)
[2015.12.18-22.06.00:495][410]LogModuleManager: Shutting down and abandoning module Media (82)
[2015.12.18-22.06.00:495][410]LogModuleManager: Shutting down and abandoning module WmfMedia (81)
[2015.12.18-22.06.00:496][410]LogModuleManager: Shutting down and abandoning module OnlineBlueprintSupport (80)
[2015.12.18-22.06.00:496][410]LogModuleManager: Shutting down and abandoning module GameplayTasksEditor (79)
[2015.12.18-22.06.00:496][410]LogModuleManager: Shutting down and abandoning module PropertyEditor (78)
[2015.12.18-22.06.00:496][410]LogModuleManager: Shutting down and abandoning module BehaviorTreeEditor (77)
[2015.12.18-22.06.00:496][410]LogModuleManager: Shutting down and abandoning module FunctionalTesting (76)
[2015.12.18-22.06.00:496][410]LogModuleManager: Shutting down and abandoning module CollisionAnalyzer (75)
[2015.12.18-22.06.00:496][410]LogModuleManager: Shutting down and abandoning module WorkspaceMenuStructure (74)
[2015.12.18-22.06.00:496][410]LogModuleManager: Shutting down and abandoning module MessageLog (73)
[2015.12.18-22.06.00:496][410]LogModuleManager: Shutting down and abandoning module Sequencer (72)
[2015.12.18-22.06.00:496][410]LogModuleManager: Shutting down and abandoning module AssetTools (71)
[2015.12.18-22.06.00:496][410]LogModuleManager: Shutting down and abandoning module UMGEditor (70)
[2015.12.18-22.06.00:496][410]LogModuleManager: Shutting down and abandoning module UMG (69)
[2015.12.18-22.06.00:496][410]LogModuleManager: Shutting down and abandoning module Slate (68)
[2015.12.18-22.06.00:496][410]LogModuleManager: Shutting down and abandoning module EditorStyle (67)
[2015.12.18-22.06.00:500][410]LogModuleManager: Shutting down and abandoning module SessionServices (66)
[2015.12.18-22.06.00:500][410]LogModuleManager: Shutting down and abandoning module SourceCodeAccess (65)
[2015.12.18-22.06.00:500][410]LogModuleManager: Shutting down and abandoning module HeadMountedDisplay (64)
[2015.12.18-22.06.00:500][410]LogModuleManager: Shutting down and abandoning module XAudio2 (63)
[2015.12.18-22.06.00:500][410]LogModuleManager: Shutting down and abandoning module Networking (61)
[2015.12.18-22.06.00:500][410]LogModuleManager: Shutting down and abandoning module Core (60)
[2015.12.18-22.06.00:500][410]LogModuleManager: Shutting down and abandoning module KismetCompiler (59)
[2015.12.18-22.06.00:500][410]LogModuleManager: Shutting down and abandoning module PhysXFormats (58)
[2015.12.18-22.06.00:500][410]LogModuleManager: Shutting down and abandoning module MeshUtilities (57)
[2015.12.18-22.06.00:500][410]LogModuleManager: Shutting down and abandoning module DerivedDataCache (56)
[2015.12.18-22.06.00:530][410]LogDerivedDataCache: Shutdown
[2015.12.18-22.06.00:530][410]LogModuleManager: Shutting down and abandoning module ShaderFormatOpenGL (55)
[2015.12.18-22.06.00:530][410]LogModuleManager: Shutting down and abandoning module ShaderFormatD3D (54)
[2015.12.18-22.06.00:530][410]LogModuleManager: Shutting down and abandoning module MetalShaderFormat (53)
[2015.12.18-22.06.00:530][410]LogModuleManager: Shutting down and abandoning module TextureFormatUncompressed (52)
[2015.12.18-22.06.00:530][410]LogModuleManager: Shutting down and abandoning module TextureFormatPVR (51)
[2015.12.18-22.06.00:530][410]LogModuleManager: Shutting down and abandoning module TextureFormatIntelISPCTexComp (50)
[2015.12.18-22.06.00:530][410]LogModuleManager: Shutting down and abandoning module TextureFormatDXT (49)
[2015.12.18-22.06.00:530][410]LogModuleManager: Shutting down and abandoning module ImageWrapper (48)
[2015.12.18-22.06.00:530][410]LogModuleManager: Shutting down and abandoning module TextureFormatASTC (47)
[2015.12.18-22.06.00:530][410]LogModuleManager: Shutting down and abandoning module TextureFormatAndroid (46)
[2015.12.18-22.06.00:530][410]LogModuleManager: Shutting down and abandoning module AudioFormatOpus (45)
[2015.12.18-22.06.00:530][410]LogModuleManager: Shutting down and abandoning module AudioFormatOgg (44)
[2015.12.18-22.06.00:530][410]LogModuleManager: Shutting down and abandoning module AudioFormatADPCM (43)
[2015.12.18-22.06.00:530][410]LogModuleManager: Shutting down and abandoning module LinuxTargetPlatform (42)
[2015.12.18-22.06.00:530][410]LogModuleManager: Shutting down and abandoning module LinuxServerTargetPlatform (41)
[2015.12.18-22.06.00:530][410]LogModuleManager: Shutting down and abandoning module LinuxNoEditorTargetPlatform (40)
[2015.12.18-22.06.00:531][410]LogModuleManager: Shutting down and abandoning module Messaging (39)
[2015.12.18-22.06.00:531][410]LogModuleManager: Shutting down and abandoning module IOSTargetPlatform (38)
[2015.12.18-22.06.00:531][410]LogModuleManager: Shutting down and abandoning module HTML5TargetPlatform (37)
[2015.12.18-22.06.00:531][410]LogModuleManager: Shutting down and abandoning module Android_PVRTCTargetPlatform (36)
[2015.12.18-22.06.00:531][410]LogModuleManager: Shutting down and abandoning module Android_MultiTargetPlatform (35)
[2015.12.18-22.06.00:531][410]LogModuleManager: Shutting down and abandoning module Android_ETC2TargetPlatform (34)
[2015.12.18-22.06.00:531][410]LogModuleManager: Shutting down and abandoning module Android_ETC1TargetPlatform (33)
[2015.12.18-22.06.00:531][410]LogModuleManager: Shutting down and abandoning module Android_DXTTargetPlatform (32)
[2015.12.18-22.06.00:531][410]LogModuleManager: Shutting down and abandoning module Android_ATCTargetPlatform (31)
[2015.12.18-22.06.00:531][410]LogModuleManager: Shutting down and abandoning module Android_ASTCTargetPlatform (30)
[2015.12.18-22.06.00:531][410]LogModuleManager: Shutting down and abandoning module AndroidTargetPlatform (29)
[2015.12.18-22.06.00:531][410]LogModuleManager: Shutting down and abandoning module WindowsTargetPlatform (28)
[2015.12.18-22.06.00:531][410]LogModuleManager: Shutting down and abandoning module WindowsServerTargetPlatform (27)
[2015.12.18-22.06.00:531][410]LogModuleManager: Shutting down and abandoning module WindowsNoEditorTargetPlatform (26)
[2015.12.18-22.06.00:531][410]LogModuleManager: Shutting down and abandoning module WindowsClientTargetPlatform (25)
[2015.12.18-22.06.00:531][410]LogModuleManager: Shutting down and abandoning module AllDesktopTargetPlatform (24)
[2015.12.18-22.06.00:531][410]LogModuleManager: Shutting down and abandoning module TargetPlatform (23)
[2015.12.18-22.06.00:531][410]LogModuleManager: Shutting down and abandoning module InputCore (22)
[2015.12.18-22.06.00:531][410]LogModuleManager: Shutting down and abandoning module Settings (21)
[2015.12.18-22.06.00:531][410]LogModuleManager: Shutting down and abandoning module OnlineSubsystem (19)
[2015.12.18-22.06.00:531][410]LogModuleManager: Shutting down and abandoning module HTTP (18)
[2015.12.18-22.06.01:533][410]LogModuleManager: Shutting down and abandoning module XMPP (17)
[2015.12.18-22.06.01:533][410]LogModuleManager: Shutting down and abandoning module OculusRift (16)
[2015.12.18-22.06.01:533][410]LogModuleManager: Shutting down and abandoning module ExampleDeviceProfileSelector (15)
[2015.12.18-22.06.01:533][410]LogModuleManager: Shutting down and abandoning module TextureCompressor (14)
[2015.12.18-22.06.01:533][410]LogModuleManager: Shutting down and abandoning module ShaderCore (13)
[2015.12.18-22.06.01:533][410]LogModuleManager: Shutting down and abandoning module Landscape (12)
[2015.12.18-22.06.01:533][410]LogModuleManager: Shutting down and abandoning module SlateRHIRenderer (11)
[2015.12.18-22.06.01:534][410]LogModuleManager: Shutting down and abandoning module OpenGLDrv (10)
[2015.12.18-22.06.01:534][410]LogModuleManager: Shutting down and abandoning module D3D11RHI (9)
[2015.12.18-22.06.01:534][410]LogModuleManager: Shutting down and abandoning module AnimGraphRuntime (8)
[2015.12.18-22.06.01:534][410]LogModuleManager: Shutting down and abandoning module Renderer (7)
[2015.12.18-22.06.01:534][410]LogModuleManager: Shutting down and abandoning module Engine (6)
[2015.12.18-22.06.01:534][410]LogModuleManager: Shutting down and abandoning module CoreUObject (5)
[2015.12.18-22.06.01:534][410]LogModuleManager: Shutting down and abandoning module NetworkFile (4)
[2015.12.18-22.06.01:534][410]LogModuleManager: Shutting down and abandoning module StreamingFile (3)
[2015.12.18-22.06.01:534][410]LogModuleManager: Shutting down and abandoning module SandboxFile (2)
[2015.12.18-22.06.01:534][410]LogModuleManager: Shutting down and abandoning module PakFile (1)
[2015.12.18-22.06.01:535][410]LogExit: Exiting.
[2015.12.18-22.06.01:536][410]Log file closed, 12/18/15 17:06:01
