[2015.12.18-19.06.34:661][  0]Log file open, 12/18/15 14:06:34
[2015.12.18-19.06.34:661][  0]LogInit:Display: Running engine for game: essai
[2015.12.18-19.06.34:661][  0]LogPlatformFile: Not using cached read wrapper
[2015.12.18-19.06.34:661][  0]LogInit:Display: RandInit(1661316442) SRandInit(1661316443).
[2015.12.18-19.06.34:661][  0]LogTaskGraph: Started task graph with 4 named threads and 7 total threads.
[2015.12.18-19.06.34:661][  0]LogStats: Stats thread started at 0.095335
[2015.12.18-19.06.34:661][  0]LogInit: Version: 4.10.1-2791327+++depot+UE4-Releases+4.10
[2015.12.18-19.06.34:661][  0]LogInit: API Version: 2758231
[2015.12.18-19.06.34:661][  0]LogInit: Compiled (64-bit): Dec  4 2015 19:44:40
[2015.12.18-19.06.34:661][  0]LogInit: Compiled with Visual C++: 19.00.23026.00
[2015.12.18-19.06.34:661][  0]LogInit: Build Configuration: Development
[2015.12.18-19.06.34:661][  0]LogInit: Branch Name: ++depot+UE4-Releases+4.10
[2015.12.18-19.06.34:661][  0]LogInit: Command line:  
[2015.12.18-19.06.34:661][  0]LogInit: Base directory: C:/Program Files/Epic Games/4.10/Engine/Binaries/Win64/
[2015.12.18-19.06.34:662][  0]LogInit: Rocket: 1
[2015.12.18-19.06.34:672][  0]LogInit: Using libcurl 7.41.0
[2015.12.18-19.06.34:672][  0]LogInit:  - built for x86_64-pc-win32
[2015.12.18-19.06.34:672][  0]LogInit:  - supports SSL with WinSSL
[2015.12.18-19.06.34:672][  0]LogInit:  - other features:
[2015.12.18-19.06.34:672][  0]LogInit:      CURL_VERSION_SSL
[2015.12.18-19.06.34:672][  0]LogInit:      CURL_VERSION_IPV6
[2015.12.18-19.06.34:672][  0]LogInit:      CURL_VERSION_ASYNCHDNS
[2015.12.18-19.06.34:672][  0]LogInit:      CURL_VERSION_LARGEFILE
[2015.12.18-19.06.34:672][  0]LogInit:      CURL_VERSION_IDN
[2015.12.18-19.06.34:672][  0]LogInit:  CurlRequestOptions (configurable via config and command line):
[2015.12.18-19.06.34:672][  0]LogInit:  - bVerifyPeer = true  - Libcurl will verify peer certificate
[2015.12.18-19.06.34:672][  0]LogInit:  - bUseHttpProxy = false  - Libcurl will NOT use HTTP proxy
[2015.12.18-19.06.34:672][  0]LogInit:  - bDontReuseConnections = false  - Libcurl will reuse connections
[2015.12.18-19.06.34:672][  0]LogInit:  - CertBundlePath = nullptr  - Libcurl will use whatever was configured at build time.
[2015.12.18-19.06.34:690][  0]LogInit: Presizing for 0 objects not considered by GC, pre-allocating 0 bytes.
[2015.12.18-19.06.34:697][  0]LogInit: Object subsystem initialized
[2015.12.18-19.06.34:698][  0]LogInit: Selected Device Profile: [Windows]
[2015.12.18-19.06.34:698][  0]LogInit: Applying CVar settings loaded from the selected device profile: [Windows]
[2015.12.18-19.06.34:707][  0]LogInit: Computer: LABAGUETTE
[2015.12.18-19.06.34:707][  0]LogInit: User: Mathieu
[2015.12.18-19.06.34:707][  0]LogInit: CPU Page size=4096, Cores=4
[2015.12.18-19.06.34:707][  0]LogInit: High frequency timer resolution =2.338447 MHz
[2015.12.18-19.06.34:707][  0]LogMemory: Memory total: Physical=7.7GB (8GB approx)
[2015.12.18-19.06.34:707][  0]LogMemory: Platform Memory Stats for Windows
[2015.12.18-19.06.34:707][  0]LogMemory: Process Physical Memory: 55.00 MB used, 55.00 MB peak
[2015.12.18-19.06.34:707][  0]LogMemory: Process Virtual Memory: 56.85 MB used, 56.85 MB peak
[2015.12.18-19.06.34:707][  0]LogMemory: Physical Memory: 4212.82 MB used, 7888.79 MB total
[2015.12.18-19.06.34:707][  0]LogMemory: Virtual Memory: 361.25 MB used, 134217728.00 MB total
[2015.12.18-19.06.34:852][  0]LogTextLocalizationManager: No specific translations for ('en-CA') exist, so ('en') translations will be used.
[2015.12.18-19.06.35:501][  0]LogD3D11RHI: Found D3D11 adapter 0: NVIDIA NVS 5400M     (Feature Level 11_0)
[2015.12.18-19.06.35:501][  0]LogD3D11RHI: Adapter has 973MB of dedicated video memory, 0MB of dedicated system memory, and 3071MB of shared system memory, 1 output[s]
[2015.12.18-19.06.35:524][  0]LogD3D11RHI: Found D3D11 adapter 1: NVIDIA NVS 5400M     (Feature Level 11_0)
[2015.12.18-19.06.35:524][  0]LogD3D11RHI: Adapter has 973MB of dedicated video memory, 0MB of dedicated system memory, and 3071MB of shared system memory, 0 output[s]
[2015.12.18-19.06.35:526][  0]LogD3D11RHI: Found D3D11 adapter 2: Microsoft Basic Render Driver (Feature Level 11_0)
[2015.12.18-19.06.35:526][  0]LogD3D11RHI: Adapter has 973MB of dedicated video memory, 0MB of dedicated system memory, and 3071MB of shared system memory, 0 output[s]
[2015.12.18-19.06.35:526][  0]LogD3D11RHI: Chosen D3D11 Adapter Id = 0
[2015.12.18-19.06.35:535][  0]LogD3D11RHI: !Direct3DDevice
[2015.12.18-19.06.35:535][  0]LogRHI: Texture pool is 1361 MB (70% of 1945 MB)
[2015.12.18-19.06.35:553][  0]LogD3D11RHI: Async texture creation enabled
[2015.12.18-19.06.35:572][  0]LogShaderCompilers: Guid format shader working directory is -16 characters bigger than the processId version (../../../../../../Users/Mathieu/Documents/Unreal Projects/essai/Intermediate/Shaders/WorkingDirectory/15964/).
[2015.12.18-19.06.35:573][  0]LogShaderCompilers: Cleaned the shader compiler working directory 'C:/Users/Mathieu/AppData/Local/Temp/UnrealShaderWorkingDir/2C3858274DC7C3D51A64F3B15A96A967/'.
[2015.12.18-19.06.35:573][  0]LogShaderCompilers:Display: Using Local Shader Compiler.
[2015.12.18-19.06.38:097][  0]LogTemp:Display: Loaded TP AllDesktopTargetPlatform
[2015.12.18-19.06.38:108][  0]LogTemp:Display: Loaded TP WindowsClientTargetPlatform
[2015.12.18-19.06.38:120][  0]LogTemp:Display: Loaded TP WindowsNoEditorTargetPlatform
[2015.12.18-19.06.38:144][  0]LogTemp:Display: Loaded TP WindowsServerTargetPlatform
[2015.12.18-19.06.38:159][  0]LogTemp:Display: Loaded TP WindowsTargetPlatform
[2015.12.18-19.06.38:164][  0]LogTemp:Display: Loaded TP AndroidTargetPlatform
[2015.12.18-19.06.38:168][  0]LogTemp:Display: Loaded TP Android_ASTCTargetPlatform
[2015.12.18-19.06.38:174][  0]LogTemp:Display: Loaded TP Android_ATCTargetPlatform
[2015.12.18-19.06.38:180][  0]LogTemp:Display: Loaded TP Android_DXTTargetPlatform
[2015.12.18-19.06.38:185][  0]LogTemp:Display: Loaded TP Android_ETC1TargetPlatform
[2015.12.18-19.06.38:192][  0]LogTemp:Display: Loaded TP Android_ETC2TargetPlatform
[2015.12.18-19.06.38:208][  0]LogTemp:Display: Loaded TP Android_MultiTargetPlatform
[2015.12.18-19.06.38:208][  0]LogTemp:Display: Loaded TP Android_PVRTCTargetPlatform
[2015.12.18-19.06.38:210][  0]LogTemp:Display: Loaded TP HTML5TargetPlatform
[2015.12.18-19.06.38:238][  0]LogTemp:Display: Loaded TP IOSTargetPlatform
[2015.12.18-19.06.38:243][  0]LogTemp:Display: Loaded TP LinuxNoEditorTargetPlatform
[2015.12.18-19.06.38:248][  0]LogTemp:Display: Loaded TP LinuxServerTargetPlatform
[2015.12.18-19.06.38:255][  0]LogTemp:Display: Loaded TP LinuxTargetPlatform
[2015.12.18-19.06.38:255][  0]LogTargetPlatformManager:Display: Building Assets For Windows
[2015.12.18-19.06.38:545][  0]LogDerivedDataCache:Display: Max Cache Size: 512 MB
[2015.12.18-19.06.39:072][  0]LogDerivedDataCache: Loaded boot cache 0.52s 41MB C:/Users/Mathieu/AppData/Local/UnrealEngine/4.10/DerivedDataCache/Boot.ddc.
[2015.12.18-19.06.39:072][  0]LogDerivedDataCache:Display: Loaded Boot cache: C:/Users/Mathieu/AppData/Local/UnrealEngine/4.10/DerivedDataCache/Boot.ddc
[2015.12.18-19.06.39:073][  0]LogDerivedDataCache: FDerivedDataBackendGraph:  Pak pak cache file ../../../../../../Users/Mathieu/Documents/Unreal Projects/essai/DerivedDataCache/DDC.ddp not found, will not use a pak cache.
[2015.12.18-19.06.39:073][  0]LogDerivedDataCache: Unable to find inner node Pak for hierarchical cache Hierarchy.
[2015.12.18-19.06.39:073][  0]LogDerivedDataCache: FDerivedDataBackendGraph:  CompressedPak pak cache file ../../../../../../Users/Mathieu/Documents/Unreal Projects/essai/DerivedDataCache/Compressed.ddp not found, will not use a pak cache.
[2015.12.18-19.06.39:073][  0]LogDerivedDataCache: Unable to find inner node CompressedPak for hierarchical cache Hierarchy.
[2015.12.18-19.06.39:147][  0]LogDerivedDataCache:Display: Pak cache opened for reading ../../../Engine/DerivedDataCache/Compressed.ddp.
[2015.12.18-19.06.39:160][  0]LogDerivedDataCache: Using Local data cache path C:/Users/Mathieu/AppData/Local/UnrealEngine/Common/DerivedDataCache: Writable
[2015.12.18-19.06.39:587][  0]LogInit: Selected Device Profile: [Windows]
[2015.12.18-19.06.39:590][  0]LogContentStreaming: Texture pool size is 0.000000MB
[2015.12.18-19.06.39:716][  0]LogMeshUtilities: No automatic mesh reduction module available
[2015.12.18-19.06.39:716][  0]LogMeshUtilities: No automatic mesh merging module available
[2015.12.18-19.06.39:976][  0]LogInit: WinSock: version 1.1 (2.2), MaxSocks=32767, MaxUdp=65467
[2015.12.18-19.06.42:514][  0]UdpMessaging: Initializing bridge on interface 0.0.0.0:0 to multicast group 230.0.0.1:6666.
[2015.12.18-19.06.42:705][  0]LogAssetRegistry: FAssetRegistry took 0.0110 seconds to start up
[2015.12.18-19.06.42:958][  0]SourceControl: Info Source control is disabled
[2015.12.18-19.06.43:556][  0]SourceControl: Info Source control is disabled
[2015.12.18-19.06.43:585][  0]SourceControl: Info Source control is disabled
[2015.12.18-19.06.43:605][  0]SourceControl: Info Source control is disabled
[2015.12.18-19.06.44:075][  0]LogObj: 28633 objects as part of root set at end of initial load.
[2015.12.18-19.06.44:075][  0]LogUObjectAllocator: 6099744 out of 0 bytes used by permanent object pool.
[2015.12.18-19.06.44:147][  0]LogEngine: Initializing Engine...
[2015.12.18-19.06.44:151][  0]LogHMD: Can't find Oculus library dev build: is proper Runtime installed? Version: 0.8.0.0
[2015.12.18-19.06.44:157][  0]LogHMD: SteamVR failed to initialize.  Err: 110
[2015.12.18-19.06.44:298][  0]LogAIModule: Creating AISystem for world NewWorld
[2015.12.18-19.06.44:305][  0]LogInit: XAudio2 using 'Speakers (High Definition Audio Device)' : 2 channels at 44.1 kHz using 16 bits per sample (channel mask 0x3)
[2015.12.18-19.06.44:320][  0]LogInit: FAudioDevice initialized.
[2015.12.18-19.06.44:343][  0]LogDerivedDataCache: Saved boot cache 0.02s 41MB C:/Users/Mathieu/AppData/Local/UnrealEngine/4.10/DerivedDataCache/Boot.ddc.
[2015.12.18-19.06.44:346][  0]LogInit: Texture streaming: Enabled
[2015.12.18-19.06.44:354][  0]LogAnalytics: Creating configured Analytics provider AnalyticsET
[2015.12.18-19.06.44:354][  0]LogAnalytics: [UEEditor.Rocket.Release] APIServer = http://et2.epicgames.com/ET2/. AppVersion = 4.10.1-2791327+++depot+UE4-Releases+4.10
[2015.12.18-19.06.44:354][  0]LogAnalytics: [UEEditor.Rocket.Release] SetUserId dca4fec74d4e3c1ff6b015804794b88a|121a6ec79910484cb2ff136d0597de7f|315e9ff7-8e3a-48f8-92e8-2458b76a9466
[2015.12.18-19.06.44:354][  0]LogAnalytics: [UEEditor.Rocket.Release] AnalyticsET::StartSession
[2015.12.18-19.06.44:372][  0]LogWindowsTextInputMethodSystem:Display: IME system now deactivated.
[2015.12.18-19.06.44:690][  0]LogInit: Transaction tracking system initialized
[2015.12.18-19.06.44:739][  0]BlueprintLog: New page: Editor Load
[2015.12.18-19.06.44:914][  0]LocalizationService: Info Localization service is disabled
[2015.12.18-19.06.45:210][  0]LogConsoleResponse:Display: 
[2015.12.18-19.06.45:356][  0]LogCook:Display: Done creating registry. It took  0.00s.
[2015.12.18-19.06.45:458][  0]LogFileCache: Scanning file cache for directory 'C:/Users/Mathieu/Documents/Unreal Projects/essai/Content/' took 0.02s
[2015.12.18-19.06.45:458][  0]SourceControl: Info Source control is disabled
[2015.12.18-19.06.45:459][  0]Cmd: MAP LOAD FILE="../../../../../../Users/Mathieu/Documents/Unreal Projects/essai/Content/FirstPersonBP/Maps/FirstPersonExampleMap.umap" TEMPLATE=0 SHOWPROGRESS=1 FEATURELEVEL=3
[2015.12.18-19.06.45:459][  0]LightingResults: New page: Lighting Build
[2015.12.18-19.06.45:466][  0]MapCheck: New page: Map Check
[2015.12.18-19.06.45:466][  0]LightingResults: New page: Lighting Build
[2015.12.18-19.06.45:485][  0]LogParticles: Destroying 0 GPU particle simulations for FXSystem 0x000000873CEFFB00
[2015.12.18-19.06.45:709][  0]LogLinker:Warning: Asset '../../../../../../Users/Mathieu/Documents/Unreal Projects/essai/Content/FirstPerson/Meshes/FirstPersonProjectileMesh.uasset' has been saved with empty engine version. The asset will be loaded but may be incompatible.
[2015.12.18-19.06.46:352][  0]LogAIModule: Creating AISystem for world FirstPersonExampleMap
[2015.12.18-19.06.46:365][  0]LogEditorServer: Finished looking for orphan Actors (0.000 secs)
[2015.12.18-19.06.46:366][  0]Cmd: MAP CHECKDEP NOCLEARLOG
[2015.12.18-19.06.46:491][  0]MapCheck: Info Map check complete: 0 Error(s), 0 Warning(s), took 125.301ms to complete.
[2015.12.18-19.06.46:491][  0]LogFileHelpers: Loading map 'FirstPersonExampleMap' took 1.033
[2015.12.18-19.06.46:573][  0]LogCollectionManager: Loaded 0 collections in 0.002980 seconds
[2015.12.18-19.06.46:617][  0]LogFileCache: Scanning file cache for directory 'C:/Users/Mathieu/Documents/Unreal Projects/essai/Saved/Collections/' took 0.01s
[2015.12.18-19.06.46:617][  0]LogFileCache: Scanning file cache for directory 'C:/Users/Mathieu/Documents/Unreal Projects/essai/Content/Developers/Mathieu/Collections/' took 0.01s
[2015.12.18-19.06.46:617][  0]LogFileCache: Scanning file cache for directory 'C:/Users/Mathieu/Documents/Unreal Projects/essai/Content/Collections/' took 0.01s
[2015.12.18-19.06.46:617][  0]LogCollectionManager: Rebuilt the GUID cache for 0 collections in 0.000003 seconds
[2015.12.18-19.06.46:627][  0]LogContentBrowser: Native class hierarchy populated in 0.0104 seconds. Added 1893 classes and 338 folders.
[2015.12.18-19.06.46:637][  0]LogContentBrowser: Native class hierarchy updated for 'WidgetCarousel' in 0.0004 seconds. Added 0 classes and 0 folders.
[2015.12.18-19.06.46:806][  0]LogContentBrowser: Native class hierarchy updated for 'AddContentDialog' in 0.0004 seconds. Added 0 classes and 0 folders.
[2015.12.18-19.06.46:814][  0]LogContentBrowser: Native class hierarchy updated for 'SceneOutliner' in 0.0004 seconds. Added 1 classes and 2 folders.
[2015.12.18-19.06.46:843][  0]LogCrashTracker: Crashtracker disabled due to settings.
[2015.12.18-19.06.46:848][  0]LogUObjectGlobals:Warning: Failed to find object 'Class None.'
[2015.12.18-19.06.46:871][  0]LogLoad: Full Startup: 12.77 seconds (BP compile: 0.21 seconds)
[2015.12.18-19.06.46:895][  0]LogOcInput: Can't find Oculus library dev build: is proper Runtime installed? Version: 0.8.0.0
[2015.12.18-19.06.47:019][  0]LogContentStreaming: Texture pool size now 200 MB
[2015.12.18-19.06.47:189][  0]LogRenderer: Reallocating scene render targets to support 736x368 (Frame:2).
[2015.12.18-19.06.47:541][  5]LogAssetRegistry: Asset discovery search completed in 4.8472 seconds
[2015.12.18-19.06.47:541][  5]LogCollectionManager: Rebuilt the object cache for 0 collections in 0.000001 seconds (found 0 objects)
[2015.12.18-19.06.47:541][  5]LogCollectionManager: Fixed up redirectors for 0 collections in 0.000029 seconds (updated 0 objects)
[2015.12.18-19.06.54:313][407]LogBlueprintUserMessages: Early PlayInEditor Detection: Level '/Game/FirstPersonBP/Maps/FirstPersonExampleMap.FirstPersonExampleMap:PersistentLevel' has LevelScriptBlueprint '/Game/FirstPersonBP/Maps/FirstPersonExampleMap.FirstPersonExampleMap:PersistentLevel.FirstPersonExampleMap' with GeneratedClass '/Game/FirstPersonBP/Maps/FirstPersonExampleMap.FirstPersonExampleMap_C' with ClassGeneratedBy '/Game/FirstPersonBP/Maps/FirstPersonExampleMap.FirstPersonExampleMap:PersistentLevel.FirstPersonExampleMap'
[2015.12.18-19.06.54:313][407]LogPlayLevel: PlayLevel: No blueprints needed recompiling
[2015.12.18-19.06.54:318][407]PIE: New page: PIE session: FirstPersonExampleMap (Dec 18, 2015, 9:06:54 AM)
[2015.12.18-19.06.54:318][407]LogPlayLevel: Creating play world package: /Game/FirstPersonBP/Maps/UEDPIE_0_FirstPersonExampleMap
[2015.12.18-19.06.54:346][407]LogPlayLevel: PIE: StaticDuplicateObject took: (0.027931s)
[2015.12.18-19.06.54:347][407]LogAIModule: Creating AISystem for world FirstPersonExampleMap
[2015.12.18-19.06.54:348][407]LogPlayLevel: PIE: World Init took: (0.001380s)
[2015.12.18-19.06.54:348][407]LogPlayLevel: PIE: Created PIE world by copying editor world from /Game/FirstPersonBP/Maps/FirstPersonExampleMap.FirstPersonExampleMap to /Game/FirstPersonBP/Maps/UEDPIE_0_FirstPersonExampleMap.FirstPersonExampleMap (0.029640s)
[2015.12.18-19.06.54:348][407]LogActorComponent: UnregisterComponent: (/Engine/Transient.ProjectileMovementComponent_40__A6522401) Not registered. Aborting.
[2015.12.18-19.06.54:348][407]LogActorComponent: UnregisterComponent: (/Engine/Transient.CharMoveComp) Not registered. Aborting.
[2015.12.18-19.06.54:382][407]LogInit: XAudio2 using 'Speakers (High Definition Audio Device)' : 2 channels at 44.1 kHz using 16 bits per sample (channel mask 0x3)
[2015.12.18-19.06.54:390][407]LogInit: FAudioDevice initialized.
[2015.12.18-19.06.54:467][407]LogWorld: Game class is 'FirstPersonGameMode_C'
[2015.12.18-19.06.54:475][407]LogWorld: Bringing World /Game/FirstPersonBP/Maps/UEDPIE_0_FirstPersonExampleMap.FirstPersonExampleMap up for play (max tick rate 60) at 2015.12.18-14.06.54
[2015.12.18-19.06.54:475][407]LogActor:Warning: GameSession /Game/FirstPersonBP/Maps/UEDPIE_0_FirstPersonExampleMap.FirstPersonExampleMap:PersistentLevel.GameSession_0 has natively added scene component(s), but none of them were set as the actor's RootComponent - picking one arbitrarily
[2015.12.18-19.06.54:476][407]LogActor:Warning: GameNetworkManager /Game/FirstPersonBP/Maps/UEDPIE_0_FirstPersonExampleMap.FirstPersonExampleMap:PersistentLevel.GameNetworkManager_0 has natively added scene component(s), but none of them were set as the actor's RootComponent - picking one arbitrarily
[2015.12.18-19.06.54:476][407]LogWorld: Bringing up level for play took: 0.007895
[2015.12.18-19.06.54:480][407]PIE: Info Play in editor start time for /Game/FirstPersonBP/Maps/UEDPIE_0_FirstPersonExampleMap 0.361
[2015.12.18-19.06.54:480][407]LogBlueprintUserMessages: Late PlayInEditor Detection: Level '/Game/FirstPersonBP/Maps/FirstPersonExampleMap.FirstPersonExampleMap:PersistentLevel' has LevelScriptBlueprint '/Game/FirstPersonBP/Maps/FirstPersonExampleMap.FirstPersonExampleMap:PersistentLevel.FirstPersonExampleMap' with GeneratedClass '/Game/FirstPersonBP/Maps/FirstPersonExampleMap.FirstPersonExampleMap_C' with ClassGeneratedBy '/Game/FirstPersonBP/Maps/FirstPersonExampleMap.FirstPersonExampleMap:PersistentLevel.FirstPersonExampleMap'
[2015.12.18-19.06.55:308][450]LogBlueprintUserMessages: [Test_image_C_0] 10.0
[2015.12.18-19.06.55:324][451]LogBlueprintUserMessages: [Test_image_C_0] 20.0
[2015.12.18-19.06.55:342][452]LogBlueprintUserMessages: [Test_image_C_0] 30.0
[2015.12.18-19.06.55:359][453]LogBlueprintUserMessages: [Test_image_C_0] 40.0
[2015.12.18-19.06.55:374][454]LogBlueprintUserMessages: [Test_image_C_0] 50.0
[2015.12.18-19.06.55:392][455]LogBlueprintUserMessages: [Test_image_C_0] 60.0
[2015.12.18-19.06.55:408][456]LogBlueprintUserMessages: [Test_image_C_0] 70.0
[2015.12.18-19.06.55:426][457]LogBlueprintUserMessages: [Test_image_C_0] 80.0
[2015.12.18-19.06.55:443][458]LogBlueprintUserMessages: [Test_image_C_0] 90.0
[2015.12.18-19.06.55:460][459]LogBlueprintUserMessages: [Test_image_C_0] 100.0
[2015.12.18-19.06.55:475][460]LogBlueprintUserMessages: [Test_image_C_0] 110.0
[2015.12.18-19.06.55:492][461]LogBlueprintUserMessages: [Test_image_C_0] 120.0
[2015.12.18-19.06.55:508][462]LogBlueprintUserMessages: [Test_image_C_0] 130.0
[2015.12.18-19.06.55:525][463]LogBlueprintUserMessages: [Test_image_C_0] 140.0
[2015.12.18-19.06.55:542][464]LogBlueprintUserMessages: [Test_image_C_0] 150.0
[2015.12.18-19.06.55:559][465]LogBlueprintUserMessages: [Test_image_C_0] 160.0
[2015.12.18-19.06.55:576][466]LogBlueprintUserMessages: [Test_image_C_0] 170.0
[2015.12.18-19.06.55:593][467]LogBlueprintUserMessages: [Test_image_C_0] 180.0
[2015.12.18-19.06.55:609][468]LogBlueprintUserMessages: [Test_image_C_0] 190.0
[2015.12.18-19.06.55:625][469]LogBlueprintUserMessages: [Test_image_C_0] 200.0
[2015.12.18-19.06.55:642][470]LogBlueprintUserMessages: [Test_image_C_0] 210.0
[2015.12.18-19.06.55:659][471]LogBlueprintUserMessages: [Test_image_C_0] 220.0
[2015.12.18-19.06.55:675][472]LogBlueprintUserMessages: [Test_image_C_0] 230.0
[2015.12.18-19.06.55:693][473]LogBlueprintUserMessages: [Test_image_C_0] 240.0
[2015.12.18-19.06.55:709][474]LogBlueprintUserMessages: [Test_image_C_0] 250.0
[2015.12.18-19.06.55:726][475]LogBlueprintUserMessages: [Test_image_C_0] 260.0
[2015.12.18-19.06.55:742][476]LogBlueprintUserMessages: [Test_image_C_0] 270.0
[2015.12.18-19.06.55:758][477]LogBlueprintUserMessages: [Test_image_C_0] 280.0
[2015.12.18-19.06.55:775][478]LogBlueprintUserMessages: [Test_image_C_0] 290.0
[2015.12.18-19.06.55:792][479]LogBlueprintUserMessages: [Test_image_C_0] 300.0
[2015.12.18-19.06.55:808][480]LogBlueprintUserMessages: [Test_image_C_0] 310.0
[2015.12.18-19.06.55:825][481]LogBlueprintUserMessages: [Test_image_C_0] 320.0
[2015.12.18-19.06.55:842][482]LogBlueprintUserMessages: [Test_image_C_0] 330.0
[2015.12.18-19.06.55:859][483]LogBlueprintUserMessages: [Test_image_C_0] 340.0
[2015.12.18-19.06.55:877][484]LogBlueprintUserMessages: [Test_image_C_0] 350.0
[2015.12.18-19.06.55:893][485]LogBlueprintUserMessages: [Test_image_C_0] 360.0
[2015.12.18-19.06.55:910][486]LogBlueprintUserMessages: [Test_image_C_0] 370.0
[2015.12.18-19.06.55:927][487]LogBlueprintUserMessages: [Test_image_C_0] 380.0
[2015.12.18-19.06.55:943][488]LogBlueprintUserMessages: [Test_image_C_0] 390.0
[2015.12.18-19.06.55:960][489]LogBlueprintUserMessages: [Test_image_C_0] 400.0
[2015.12.18-19.06.55:975][490]LogBlueprintUserMessages: [Test_image_C_0] 410.0
[2015.12.18-19.06.55:992][491]LogBlueprintUserMessages: [Test_image_C_0] 420.0
[2015.12.18-19.06.56:009][492]LogBlueprintUserMessages: [Test_image_C_0] 430.0
[2015.12.18-19.06.56:026][493]LogBlueprintUserMessages: [Test_image_C_0] 440.0
[2015.12.18-19.06.56:042][494]LogBlueprintUserMessages: [Test_image_C_0] 450.0
[2015.12.18-19.06.56:058][495]LogBlueprintUserMessages: [Test_image_C_0] 460.0
[2015.12.18-19.06.56:075][496]LogBlueprintUserMessages: [Test_image_C_0] 470.0
[2015.12.18-19.06.56:092][497]LogBlueprintUserMessages: [Test_image_C_0] 480.0
[2015.12.18-19.06.56:109][498]LogBlueprintUserMessages: [Test_image_C_0] 490.0
[2015.12.18-19.06.56:127][499]LogBlueprintUserMessages: [Test_image_C_0] 500.0
[2015.12.18-19.06.56:143][500]LogBlueprintUserMessages: [Test_image_C_0] 510.0
[2015.12.18-19.06.56:159][501]LogBlueprintUserMessages: [Test_image_C_0] 520.0
[2015.12.18-19.06.56:176][502]LogBlueprintUserMessages: [Test_image_C_0] 530.0
[2015.12.18-19.06.56:192][503]LogBlueprintUserMessages: [Test_image_C_0] 540.0
[2015.12.18-19.06.56:208][504]LogBlueprintUserMessages: [Test_image_C_0] 550.0
[2015.12.18-19.06.56:225][505]LogBlueprintUserMessages: [Test_image_C_0] 560.0
[2015.12.18-19.06.56:242][506]LogBlueprintUserMessages: [Test_image_C_0] 570.0
[2015.12.18-19.06.56:260][507]LogBlueprintUserMessages: [Test_image_C_0] 580.0
[2015.12.18-19.06.56:277][508]LogBlueprintUserMessages: [Test_image_C_0] 590.0
[2015.12.18-19.06.56:292][509]LogBlueprintUserMessages: [Test_image_C_0] 600.0
[2015.12.18-19.06.56:310][510]LogBlueprintUserMessages: [Test_image_C_0] 610.0
[2015.12.18-19.06.56:327][511]LogBlueprintUserMessages: [Test_image_C_0] 620.0
[2015.12.18-19.06.56:327][511]LogBlueprintUserMessages: [Test_image_C_1] 10.0
[2015.12.18-19.06.56:342][512]LogBlueprintUserMessages: [Test_image_C_0] 630.0
[2015.12.18-19.06.56:342][512]LogBlueprintUserMessages: [Test_image_C_1] 20.0
[2015.12.18-19.06.56:358][513]LogBlueprintUserMessages: [Test_image_C_0] 640.0
[2015.12.18-19.06.56:358][513]LogBlueprintUserMessages: [Test_image_C_1] 30.0
[2015.12.18-19.06.56:375][514]LogBlueprintUserMessages: [Test_image_C_0] 650.0
[2015.12.18-19.06.56:375][514]LogBlueprintUserMessages: [Test_image_C_1] 40.0
[2015.12.18-19.06.56:391][515]LogBlueprintUserMessages: [Test_image_C_0] 660.0
[2015.12.18-19.06.56:391][515]LogBlueprintUserMessages: [Test_image_C_1] 50.0
[2015.12.18-19.06.56:408][516]LogBlueprintUserMessages: [Test_image_C_0] 670.0
[2015.12.18-19.06.56:408][516]LogBlueprintUserMessages: [Test_image_C_1] 60.0
[2015.12.18-19.06.56:425][517]LogBlueprintUserMessages: [Test_image_C_0] 680.0
[2015.12.18-19.06.56:425][517]LogBlueprintUserMessages: [Test_image_C_1] 70.0
[2015.12.18-19.06.56:441][518]LogBlueprintUserMessages: [Test_image_C_0] 690.0
[2015.12.18-19.06.56:441][518]LogBlueprintUserMessages: [Test_image_C_1] 80.0
[2015.12.18-19.06.56:458][519]LogBlueprintUserMessages: [Test_image_C_0] 700.0
[2015.12.18-19.06.56:458][519]LogBlueprintUserMessages: [Test_image_C_1] 90.0
[2015.12.18-19.06.56:474][520]LogBlueprintUserMessages: [Test_image_C_0] 710.0
[2015.12.18-19.06.56:474][520]LogBlueprintUserMessages: [Test_image_C_1] 100.0
[2015.12.18-19.06.56:492][521]LogBlueprintUserMessages: [Test_image_C_0] 720.0
[2015.12.18-19.06.56:492][521]LogBlueprintUserMessages: [Test_image_C_1] 110.0
[2015.12.18-19.06.56:508][522]LogBlueprintUserMessages: [Test_image_C_0] 730.0
[2015.12.18-19.06.56:508][522]LogBlueprintUserMessages: [Test_image_C_1] 120.0
[2015.12.18-19.06.56:526][523]LogBlueprintUserMessages: [Test_image_C_0] 740.0
[2015.12.18-19.06.56:526][523]LogBlueprintUserMessages: [Test_image_C_1] 130.0
[2015.12.18-19.06.56:542][524]LogBlueprintUserMessages: [Test_image_C_0] 750.0
[2015.12.18-19.06.56:542][524]LogBlueprintUserMessages: [Test_image_C_1] 140.0
[2015.12.18-19.06.56:558][525]LogBlueprintUserMessages: [Test_image_C_0] 760.0
[2015.12.18-19.06.56:558][525]LogBlueprintUserMessages: [Test_image_C_1] 150.0
[2015.12.18-19.06.56:575][526]LogBlueprintUserMessages: [Test_image_C_0] 770.0
[2015.12.18-19.06.56:575][526]LogBlueprintUserMessages: [Test_image_C_1] 160.0
[2015.12.18-19.06.56:593][527]LogBlueprintUserMessages: [Test_image_C_0] 780.0
[2015.12.18-19.06.56:593][527]LogBlueprintUserMessages: [Test_image_C_1] 170.0
[2015.12.18-19.06.56:610][528]LogBlueprintUserMessages: [Test_image_C_0] 790.0
[2015.12.18-19.06.56:610][528]LogBlueprintUserMessages: [Test_image_C_1] 180.0
[2015.12.18-19.06.56:626][529]LogBlueprintUserMessages: [Test_image_C_0] 800.0
[2015.12.18-19.06.56:626][529]LogBlueprintUserMessages: [Test_image_C_1] 190.0
[2015.12.18-19.06.56:643][530]LogBlueprintUserMessages: [Test_image_C_0] 810.0
[2015.12.18-19.06.56:643][530]LogBlueprintUserMessages: [Test_image_C_1] 200.0
[2015.12.18-19.06.56:659][531]LogBlueprintUserMessages: [Test_image_C_0] 820.0
[2015.12.18-19.06.56:659][531]LogBlueprintUserMessages: [Test_image_C_1] 210.0
[2015.12.18-19.06.56:676][532]LogBlueprintUserMessages: [Test_image_C_0] 830.0
[2015.12.18-19.06.56:676][532]LogBlueprintUserMessages: [Test_image_C_1] 220.0
[2015.12.18-19.06.56:693][533]LogBlueprintUserMessages: [Test_image_C_0] 840.0
[2015.12.18-19.06.56:694][533]LogBlueprintUserMessages: [Test_image_C_1] 230.0
[2015.12.18-19.06.56:709][534]LogBlueprintUserMessages: [Test_image_C_0] 850.0
[2015.12.18-19.06.56:709][534]LogBlueprintUserMessages: [Test_image_C_1] 240.0
[2015.12.18-19.06.56:725][535]LogBlueprintUserMessages: [Test_image_C_0] 860.0
[2015.12.18-19.06.56:725][535]LogBlueprintUserMessages: [Test_image_C_1] 250.0
[2015.12.18-19.06.56:742][536]LogBlueprintUserMessages: [Test_image_C_0] 870.0
[2015.12.18-19.06.56:742][536]LogBlueprintUserMessages: [Test_image_C_1] 260.0
[2015.12.18-19.06.56:758][537]LogBlueprintUserMessages: [Test_image_C_0] 880.0
[2015.12.18-19.06.56:758][537]LogBlueprintUserMessages: [Test_image_C_1] 270.0
[2015.12.18-19.06.56:776][538]LogBlueprintUserMessages: [Test_image_C_0] 890.0
[2015.12.18-19.06.56:776][538]LogBlueprintUserMessages: [Test_image_C_1] 280.0
[2015.12.18-19.06.56:793][539]LogBlueprintUserMessages: [Test_image_C_0] 900.0
[2015.12.18-19.06.56:793][539]LogBlueprintUserMessages: [Test_image_C_1] 290.0
[2015.12.18-19.06.56:808][540]LogBlueprintUserMessages: [Test_image_C_0] 910.0
[2015.12.18-19.06.56:808][540]LogBlueprintUserMessages: [Test_image_C_1] 300.0
[2015.12.18-19.06.56:826][541]LogBlueprintUserMessages: [Test_image_C_0] 920.0
[2015.12.18-19.06.56:826][541]LogBlueprintUserMessages: [Test_image_C_1] 310.0
[2015.12.18-19.06.56:841][542]LogBlueprintUserMessages: [Test_image_C_0] 930.0
[2015.12.18-19.06.56:841][542]LogBlueprintUserMessages: [Test_image_C_1] 320.0
[2015.12.18-19.06.56:859][543]LogBlueprintUserMessages: [Test_image_C_0] 940.0
[2015.12.18-19.06.56:859][543]LogBlueprintUserMessages: [Test_image_C_1] 330.0
[2015.12.18-19.06.56:875][544]LogBlueprintUserMessages: [Test_image_C_0] 950.0
[2015.12.18-19.06.56:875][544]LogBlueprintUserMessages: [Test_image_C_1] 340.0
[2015.12.18-19.06.56:891][545]LogBlueprintUserMessages: [Test_image_C_0] 960.0
[2015.12.18-19.06.56:891][545]LogBlueprintUserMessages: [Test_image_C_1] 350.0
[2015.12.18-19.06.56:908][546]LogBlueprintUserMessages: [Test_image_C_0] 970.0
[2015.12.18-19.06.56:908][546]LogBlueprintUserMessages: [Test_image_C_1] 360.0
[2015.12.18-19.06.56:926][547]LogBlueprintUserMessages: [Test_image_C_0] 980.0
[2015.12.18-19.06.56:926][547]LogBlueprintUserMessages: [Test_image_C_1] 370.0
[2015.12.18-19.06.56:942][548]LogBlueprintUserMessages: [Test_image_C_0] 990.0
[2015.12.18-19.06.56:942][548]LogBlueprintUserMessages: [Test_image_C_1] 380.0
[2015.12.18-19.06.56:959][549]LogBlueprintUserMessages: [Test_image_C_0] 1000.0
[2015.12.18-19.06.56:959][549]LogBlueprintUserMessages: [Test_image_C_1] 390.0
[2015.12.18-19.06.56:975][550]LogBlueprintUserMessages: [Test_image_C_0] 1010.0
[2015.12.18-19.06.56:975][550]LogBlueprintUserMessages: [Test_image_C_1] 400.0
[2015.12.18-19.06.56:992][551]LogBlueprintUserMessages: [Test_image_C_0] 1020.0
[2015.12.18-19.06.56:992][551]LogBlueprintUserMessages: [Test_image_C_1] 410.0
[2015.12.18-19.06.57:010][552]LogBlueprintUserMessages: [Test_image_C_0] 1030.0
[2015.12.18-19.06.57:010][552]LogBlueprintUserMessages: [Test_image_C_1] 420.0
[2015.12.18-19.06.57:022][553]LogBlueprintUserMessages: Early EndPlayMap Detection: Level '/Game/FirstPersonBP/Maps/FirstPersonExampleMap.FirstPersonExampleMap:PersistentLevel' has LevelScriptBlueprint '/Game/FirstPersonBP/Maps/FirstPersonExampleMap.FirstPersonExampleMap:PersistentLevel.FirstPersonExampleMap' with GeneratedClass '/Game/FirstPersonBP/Maps/FirstPersonExampleMap.FirstPersonExampleMap_C' with ClassGeneratedBy '/Game/FirstPersonBP/Maps/FirstPersonExampleMap.FirstPersonExampleMap:PersistentLevel.FirstPersonExampleMap'
[2015.12.18-19.06.57:057][553]LogBlueprintUserMessages: Late EndPlayMap Detection: Level '/Game/FirstPersonBP/Maps/FirstPersonExampleMap.FirstPersonExampleMap:PersistentLevel' has LevelScriptBlueprint '/Game/FirstPersonBP/Maps/FirstPersonExampleMap.FirstPersonExampleMap:PersistentLevel.FirstPersonExampleMap' with GeneratedClass '/Game/FirstPersonBP/Maps/FirstPersonExampleMap.FirstPersonExampleMap_C' with ClassGeneratedBy '/Game/FirstPersonBP/Maps/FirstPersonExampleMap.FirstPersonExampleMap:PersistentLevel.FirstPersonExampleMap'
[2015.12.18-19.06.57:071][553]LogParticles: Destroying 0 GPU particle simulations for FXSystem 0x0000008750E70180
[2015.12.18-19.06.58:573][637]LogWindowsTextInputMethodSystem:Display: IME system now deactivated.
[2015.12.18-19.06.58:774][638]Cmd: QUIT_EDITOR
[2015.12.18-19.06.59:321][638]LogExit: Preparing to exit.
[2015.12.18-19.06.59:576][638]LogExit: Editor shut down
[2015.12.18-19.06.59:576][638]LogExit: Transaction tracking system shut down
[2015.12.18-19.06.59:578][638]LogParticles: Destroying 0 GPU particle simulations for FXSystem 0x000000872C261800
[2015.12.18-19.06.59:579][638]LogParticles: Destroying 0 GPU particle simulations for FXSystem 0x0000008747394A40
[2015.12.18-19.06.59:579][638]LogParticles: Destroying 0 GPU particle simulations for FXSystem 0x000000874AF9A0C0
[2015.12.18-19.06.59:716][638]LogExit: Object subsystem successfully closed.
[2015.12.18-19.06.59:731][638]LogD3D11RHI: Shutdown
[2015.12.18-19.06.59:731][638]LogD3D11RHI: CleanupD3DDevice
[2015.12.18-19.06.59:827][638]LogD3D11RHI: ~FD3D11DynamicRHI
[2015.12.18-19.06.59:851][638]LogModuleManager: Shutting down and abandoning module CrashTracker (198)
[2015.12.18-19.06.59:851][638]LogModuleManager: Shutting down and abandoning module SceneOutliner (197)
[2015.12.18-19.06.59:851][638]LogModuleManager: Shutting down and abandoning module SuperSearch (196)
[2015.12.18-19.06.59:851][638]LogModuleManager: Shutting down and abandoning module WidgetCarousel (195)
[2015.12.18-19.06.59:851][638]LogModuleManager: Shutting down and abandoning module AddContentDialog (194)
[2015.12.18-19.06.59:852][638]LogModuleManager: Shutting down and abandoning module EditorWidgets (193)
[2015.12.18-19.06.59:852][638]LogModuleManager: Shutting down and abandoning module CollectionManager (192)
[2015.12.18-19.06.59:852][638]LogModuleManager: Shutting down and abandoning module StatsViewer (191)
[2015.12.18-19.06.59:852][638]LogModuleManager: Shutting down and abandoning module FoliageEdit (190)
[2015.12.18-19.06.59:852][638]LogModuleManager: Shutting down and abandoning module LandscapeEditor (189)
[2015.12.18-19.06.59:853][638]LogModuleManager: Shutting down and abandoning module ActorPickerMode (188)
[2015.12.18-19.06.59:853][638]LogModuleManager: Shutting down and abandoning module GeometryMode (187)
[2015.12.18-19.06.59:853][638]LogModuleManager: Shutting down and abandoning module TextureAlignMode (186)
[2015.12.18-19.06.59:853][638]LogModuleManager: Shutting down and abandoning module BspMode (185)
[2015.12.18-19.06.59:853][638]LogModuleManager: Shutting down and abandoning module PlacementMode (184)
[2015.12.18-19.06.59:853][638]LogModuleManager: Shutting down and abandoning module AutomationWorker (183)
[2015.12.18-19.06.59:853][638]LogModuleManager: Shutting down and abandoning module CharacterAI (182)
[2015.12.18-19.06.59:853][638]LogModuleManager: Shutting down and abandoning module SmartSnapping (181)
[2015.12.18-19.06.59:853][638]LogModuleManager: Shutting down and abandoning module ViewportSnapping (180)
[2015.12.18-19.06.59:853][638]LogModuleManager: Shutting down and abandoning module LogVisualizer (179)
[2015.12.18-19.06.59:853][638]LogModuleManager: Shutting down and abandoning module GameProjectGeneration (178)
[2015.12.18-19.06.59:853][638]LogModuleManager: Shutting down and abandoning module IntroTutorials (177)
[2015.12.18-19.06.59:853][638]LogModuleManager: Shutting down and abandoning module EditorLiveStreaming (176)
[2015.12.18-19.06.59:853][638]LogModuleManager: Shutting down and abandoning module IOSPlatformEditor (175)
[2015.12.18-19.06.59:853][638]LogModuleManager: Shutting down and abandoning module HTML5PlatformEditor (174)
[2015.12.18-19.06.59:853][638]LogModuleManager: Shutting down and abandoning module AndroidDeviceDetection (173)
[2015.12.18-19.07.00:003][638]LogModuleManager: Shutting down and abandoning module AndroidPlatformEditor (172)
[2015.12.18-19.07.00:004][638]LogModuleManager: Shutting down and abandoning module IOSRuntimeSettings (171)
[2015.12.18-19.07.00:004][638]LogModuleManager: Shutting down and abandoning module AndroidRuntimeSettings (170)
[2015.12.18-19.07.00:004][638]LogModuleManager: Shutting down and abandoning module MergeActors (169)
[2015.12.18-19.07.00:004][638]LogModuleManager: Shutting down and abandoning module SizeMap (168)
[2015.12.18-19.07.00:004][638]LogModuleManager: Shutting down and abandoning module TreeMap (167)
[2015.12.18-19.07.00:004][638]LogModuleManager: Shutting down and abandoning module ReferenceViewer (166)
[2015.12.18-19.07.00:004][638]LogModuleManager: Shutting down and abandoning module LocalizationService (165)
[2015.12.18-19.07.00:004][638]LogModuleManager: Shutting down and abandoning module LocalizationDashboard (164)
[2015.12.18-19.07.00:004][638]LogModuleManager: Shutting down and abandoning module HardwareTargeting (163)
[2015.12.18-19.07.00:004][638]LogModuleManager: Shutting down and abandoning module DeviceProfileEditor (162)
[2015.12.18-19.07.00:004][638]LogModuleManager: Shutting down and abandoning module UndoHistory (161)
[2015.12.18-19.07.00:004][638]LogModuleManager: Shutting down and abandoning module GameplayTagsEditor (160)
[2015.12.18-19.07.00:004][638]LogModuleManager: Shutting down and abandoning module UserFeedback (159)
[2015.12.18-19.07.00:004][638]LogModuleManager: Shutting down and abandoning module XmlParser (158)
[2015.12.18-19.07.00:004][638]LogModuleManager: Shutting down and abandoning module Blutility (157)
[2015.12.18-19.07.00:004][638]LogModuleManager: Shutting down and abandoning module ProjectTargetPlatformEditor (156)
[2015.12.18-19.07.00:004][638]LogModuleManager: Shutting down and abandoning module ProjectSettingsViewer (155)
[2015.12.18-19.07.00:004][638]LogModuleManager: Shutting down and abandoning module InputBindingEditor (154)
[2015.12.18-19.07.00:004][638]LogModuleManager: Shutting down and abandoning module EditorSettingsViewer (153)
[2015.12.18-19.07.00:004][638]LogModuleManager: Shutting down and abandoning module SettingsEditor (152)
[2015.12.18-19.07.00:004][638]LogModuleManager: Shutting down and abandoning module ProjectLauncher (151)
[2015.12.18-19.07.00:004][638]LogModuleManager: Shutting down and abandoning module SessionFrontend (150)
[2015.12.18-19.07.00:004][638]LogModuleManager: Shutting down and abandoning module ProfilerClient (149)
[2015.12.18-19.07.00:004][638]LogModuleManager: Shutting down and abandoning module TargetDeviceServices (148)
[2015.12.18-19.07.00:004][638]LogModuleManager: Shutting down and abandoning module DeviceManager (147)
[2015.12.18-19.07.00:005][638]LogModuleManager: Shutting down and abandoning module AutomationController (146)
[2015.12.18-19.07.00:005][638]LogModuleManager: Shutting down and abandoning module AutomationWindow (145)
[2015.12.18-19.07.00:005][638]LogModuleManager: Shutting down and abandoning module Layers (144)
[2015.12.18-19.07.00:005][638]LogModuleManager: Shutting down and abandoning module ComponentVisualizers (143)
[2015.12.18-19.07.00:005][638]LogModuleManager: Shutting down and abandoning module DetailCustomizations (142)
[2015.12.18-19.07.00:005][638]LogModuleManager: Shutting down and abandoning module PackagesDialog (141)
[2015.12.18-19.07.00:005][638]LogModuleManager: Shutting down and abandoning module Persona (140)
[2015.12.18-19.07.00:005][638]LogModuleManager: Shutting down and abandoning module Kismet (139)
[2015.12.18-19.07.00:005][638]LogModuleManager: Shutting down and abandoning module GraphEditor (138)
[2015.12.18-19.07.00:005][638]LogModuleManager: Shutting down and abandoning module ClassViewer (137)
[2015.12.18-19.07.00:005][638]LogModuleManager: Shutting down and abandoning module Toolbox (136)
[2015.12.18-19.07.00:005][638]LogModuleManager: Shutting down and abandoning module ModuleUI (135)
[2015.12.18-19.07.00:005][638]LogModuleManager: Shutting down and abandoning module MovieSceneTools (134)
[2015.12.18-19.07.00:005][638]LogModuleManager: Shutting down and abandoning module OutputLog (133)
[2015.12.18-19.07.00:005][638]LogModuleManager: Shutting down and abandoning module GammaUI (132)
[2015.12.18-19.07.00:005][638]LogModuleManager: Shutting down and abandoning module Documentation (131)
[2015.12.18-19.07.00:005][638]LogModuleManager: Shutting down and abandoning module GameLiveStreaming (130)
[2015.12.18-19.07.00:005][638]LogModuleManager: Shutting down and abandoning module StreamingPauseRendering (129)
[2015.12.18-19.07.00:005][638]LogModuleManager: Shutting down and abandoning module AnalyticsET (128)
[2015.12.18-19.07.00:005][638]LogModuleManager: Shutting down and abandoning module Analytics (127)
[2015.12.18-19.07.00:005][638]LogModuleManager: Shutting down and abandoning module AITestSuite (126)
[2015.12.18-19.07.00:005][638]LogModuleManager: Shutting down and abandoning module GameplayDebugger (125)
[2015.12.18-19.07.00:005][638]LogModuleManager: Shutting down and abandoning module AIModule (124)
[2015.12.18-19.07.00:005][638]LogModuleManager: Shutting down and abandoning module ProfilerService (123)
[2015.12.18-19.07.00:107][638]LogModuleManager: Shutting down and abandoning module TaskGraph (122)
[2015.12.18-19.07.00:107][638]LogModuleManager: Shutting down and abandoning module SlateRemote (121)
[2015.12.18-19.07.00:107][638]LogModuleManager: Shutting down and abandoning module SteamVRController (120)
[2015.12.18-19.07.00:107][638]LogModuleManager: Shutting down and abandoning module SteamVR (119)
[2015.12.18-19.07.00:107][638]LogModuleManager: Shutting down and abandoning module ProceduralMeshComponent (118)
[2015.12.18-19.07.00:107][638]LogModuleManager: Shutting down and abandoning module OculusLibrary (117)
[2015.12.18-19.07.00:107][638]LogModuleManager: Shutting down and abandoning module OculusInput (116)
[2015.12.18-19.07.00:107][638]LogModuleManager: Shutting down and abandoning module LeapMotionController (115)
[2015.12.18-19.07.00:123][638]LogModuleManager: Shutting down and abandoning module CustomMeshComponent (114)
[2015.12.18-19.07.00:123][638]LogModuleManager: Shutting down and abandoning module CableComponent (113)
[2015.12.18-19.07.00:123][638]LogModuleManager: Shutting down and abandoning module ArchVisCharacter (112)
[2015.12.18-19.07.00:123][638]LogModuleManager: Shutting down and abandoning module MessagingDebugger (111)
[2015.12.18-19.07.00:123][638]LogModuleManager: Shutting down and abandoning module MediaPlayerEditor (110)
[2015.12.18-19.07.00:123][638]LogModuleManager: Shutting down and abandoning module HTML5Networking (109)
[2015.12.18-19.07.00:123][638]LogModuleManager: Shutting down and abandoning module SpeedTreeImporter (108)
[2015.12.18-19.07.00:123][638]LogModuleManager: Shutting down and abandoning module PluginBrowser (107)
[2015.12.18-19.07.00:123][638]LogModuleManager: Shutting down and abandoning module EpicSurvey (106)
[2015.12.18-19.07.00:124][638]LogModuleManager: Shutting down and abandoning module DesktopPlatform (105)
[2015.12.18-19.07.00:124][638]LogModuleManager: Shutting down and abandoning module VisualStudioSourceCodeAccess (104)
[2015.12.18-19.07.00:124][638]LogModuleManager: Shutting down and abandoning module UObjectPlugin (103)
[2015.12.18-19.07.00:124][638]LogModuleManager: Shutting down and abandoning module SubversionSourceControl (102)
[2015.12.18-19.07.00:124][638]LogModuleManager: Shutting down and abandoning module PerforceSourceControl (101)
[2015.12.18-19.07.00:124][638]LogModuleManager: Shutting down and abandoning module SourceControl (100)
[2015.12.18-19.07.00:124][638]LogModuleManager: Shutting down and abandoning module GitSourceControl (99)
[2015.12.18-19.07.00:124][638]LogModuleManager: Shutting down and abandoning module LightPropagationVolumeEditor (98)
[2015.12.18-19.07.00:124][638]LogModuleManager: Shutting down and abandoning module PaperTiledImporter (97)
[2015.12.18-19.07.00:124][638]LogModuleManager: Shutting down and abandoning module PaperSpriteSheetImporter (96)
[2015.12.18-19.07.00:124][638]LogModuleManager: Shutting down and abandoning module MeshPaint (95)
[2015.12.18-19.07.00:124][638]LogModuleManager: Shutting down and abandoning module SlateReflector (94)
[2015.12.18-19.07.00:124][638]LogModuleManager: Shutting down and abandoning module HotReload (93)
[2015.12.18-19.07.00:124][638]LogModuleManager: Shutting down and abandoning module MainFrame (92)
[2015.12.18-19.07.00:124][638]LogModuleManager: Shutting down and abandoning module LevelEditor (91)
[2015.12.18-19.07.00:125][638]LogModuleManager: Shutting down and abandoning module DirectoryWatcher (90)
[2015.12.18-19.07.00:125][638]LogModuleManager: Shutting down and abandoning module AssetRegistry (89)
[2015.12.18-19.07.00:160][638]LogModuleManager: Shutting down and abandoning module ContentBrowser (88)
[2015.12.18-19.07.00:160][638]LogModuleManager: Shutting down and abandoning module Paper2DEditor (87)
[2015.12.18-19.07.00:160][638]LogModuleManager: Shutting down and abandoning module UdpMessaging (86)
[2015.12.18-19.07.00:261][638]LogModuleManager: Shutting down and abandoning module LightPropagationVolumeRuntime (85)
[2015.12.18-19.07.00:261][638]LogModuleManager: Shutting down and abandoning module Paper2D (84)
[2015.12.18-19.07.00:261][638]LogModuleManager: Shutting down and abandoning module WindowsMoviePlayer (83)
[2015.12.18-19.07.00:263][638]LogModuleManager: Shutting down and abandoning module Media (82)
[2015.12.18-19.07.00:263][638]LogModuleManager: Shutting down and abandoning module WmfMedia (81)
[2015.12.18-19.07.00:263][638]LogModuleManager: Shutting down and abandoning module OnlineBlueprintSupport (80)
[2015.12.18-19.07.00:263][638]LogModuleManager: Shutting down and abandoning module GameplayTasksEditor (79)
[2015.12.18-19.07.00:263][638]LogModuleManager: Shutting down and abandoning module PropertyEditor (78)
[2015.12.18-19.07.00:263][638]LogModuleManager: Shutting down and abandoning module BehaviorTreeEditor (77)
[2015.12.18-19.07.00:263][638]LogModuleManager: Shutting down and abandoning module FunctionalTesting (76)
[2015.12.18-19.07.00:264][638]LogModuleManager: Shutting down and abandoning module CollisionAnalyzer (75)
[2015.12.18-19.07.00:264][638]LogModuleManager: Shutting down and abandoning module WorkspaceMenuStructure (74)
[2015.12.18-19.07.00:264][638]LogModuleManager: Shutting down and abandoning module MessageLog (73)
[2015.12.18-19.07.00:264][638]LogModuleManager: Shutting down and abandoning module Sequencer (72)
[2015.12.18-19.07.00:264][638]LogModuleManager: Shutting down and abandoning module AssetTools (71)
[2015.12.18-19.07.00:264][638]LogModuleManager: Shutting down and abandoning module UMGEditor (70)
[2015.12.18-19.07.00:264][638]LogModuleManager: Shutting down and abandoning module UMG (69)
[2015.12.18-19.07.00:264][638]LogModuleManager: Shutting down and abandoning module Slate (68)
[2015.12.18-19.07.00:264][638]LogModuleManager: Shutting down and abandoning module EditorStyle (67)
[2015.12.18-19.07.00:267][638]LogModuleManager: Shutting down and abandoning module SessionServices (66)
[2015.12.18-19.07.00:267][638]LogModuleManager: Shutting down and abandoning module SourceCodeAccess (65)
[2015.12.18-19.07.00:267][638]LogModuleManager: Shutting down and abandoning module HeadMountedDisplay (64)
[2015.12.18-19.07.00:267][638]LogModuleManager: Shutting down and abandoning module XAudio2 (63)
[2015.12.18-19.07.00:267][638]LogModuleManager: Shutting down and abandoning module Networking (61)
[2015.12.18-19.07.00:267][638]LogModuleManager: Shutting down and abandoning module Core (60)
[2015.12.18-19.07.00:267][638]LogModuleManager: Shutting down and abandoning module KismetCompiler (59)
[2015.12.18-19.07.00:267][638]LogModuleManager: Shutting down and abandoning module PhysXFormats (58)
[2015.12.18-19.07.00:267][638]LogModuleManager: Shutting down and abandoning module MeshUtilities (57)
[2015.12.18-19.07.00:267][638]LogModuleManager: Shutting down and abandoning module DerivedDataCache (56)
[2015.12.18-19.07.00:666][638]LogDerivedDataCache: Shutdown
[2015.12.18-19.07.00:666][638]LogModuleManager: Shutting down and abandoning module ShaderFormatOpenGL (55)
[2015.12.18-19.07.00:666][638]LogModuleManager: Shutting down and abandoning module ShaderFormatD3D (54)
[2015.12.18-19.07.00:666][638]LogModuleManager: Shutting down and abandoning module MetalShaderFormat (53)
[2015.12.18-19.07.00:666][638]LogModuleManager: Shutting down and abandoning module TextureFormatUncompressed (52)
[2015.12.18-19.07.00:666][638]LogModuleManager: Shutting down and abandoning module TextureFormatPVR (51)
[2015.12.18-19.07.00:666][638]LogModuleManager: Shutting down and abandoning module TextureFormatIntelISPCTexComp (50)
[2015.12.18-19.07.00:666][638]LogModuleManager: Shutting down and abandoning module TextureFormatDXT (49)
[2015.12.18-19.07.00:666][638]LogModuleManager: Shutting down and abandoning module ImageWrapper (48)
[2015.12.18-19.07.00:666][638]LogModuleManager: Shutting down and abandoning module TextureFormatASTC (47)
[2015.12.18-19.07.00:666][638]LogModuleManager: Shutting down and abandoning module TextureFormatAndroid (46)
[2015.12.18-19.07.00:667][638]LogModuleManager: Shutting down and abandoning module AudioFormatOpus (45)
[2015.12.18-19.07.00:667][638]LogModuleManager: Shutting down and abandoning module AudioFormatOgg (44)
[2015.12.18-19.07.00:667][638]LogModuleManager: Shutting down and abandoning module AudioFormatADPCM (43)
[2015.12.18-19.07.00:667][638]LogModuleManager: Shutting down and abandoning module LinuxTargetPlatform (42)
[2015.12.18-19.07.00:667][638]LogModuleManager: Shutting down and abandoning module LinuxServerTargetPlatform (41)
[2015.12.18-19.07.00:667][638]LogModuleManager: Shutting down and abandoning module LinuxNoEditorTargetPlatform (40)
[2015.12.18-19.07.00:667][638]LogModuleManager: Shutting down and abandoning module Messaging (39)
[2015.12.18-19.07.00:667][638]LogModuleManager: Shutting down and abandoning module IOSTargetPlatform (38)
[2015.12.18-19.07.00:667][638]LogModuleManager: Shutting down and abandoning module HTML5TargetPlatform (37)
[2015.12.18-19.07.00:667][638]LogModuleManager: Shutting down and abandoning module Android_PVRTCTargetPlatform (36)
[2015.12.18-19.07.00:667][638]LogModuleManager: Shutting down and abandoning module Android_MultiTargetPlatform (35)
[2015.12.18-19.07.00:667][638]LogModuleManager: Shutting down and abandoning module Android_ETC2TargetPlatform (34)
[2015.12.18-19.07.00:667][638]LogModuleManager: Shutting down and abandoning module Android_ETC1TargetPlatform (33)
[2015.12.18-19.07.00:667][638]LogModuleManager: Shutting down and abandoning module Android_DXTTargetPlatform (32)
[2015.12.18-19.07.00:667][638]LogModuleManager: Shutting down and abandoning module Android_ATCTargetPlatform (31)
[2015.12.18-19.07.00:667][638]LogModuleManager: Shutting down and abandoning module Android_ASTCTargetPlatform (30)
[2015.12.18-19.07.00:667][638]LogModuleManager: Shutting down and abandoning module AndroidTargetPlatform (29)
[2015.12.18-19.07.00:667][638]LogModuleManager: Shutting down and abandoning module WindowsTargetPlatform (28)
[2015.12.18-19.07.00:667][638]LogModuleManager: Shutting down and abandoning module WindowsServerTargetPlatform (27)
[2015.12.18-19.07.00:667][638]LogModuleManager: Shutting down and abandoning module WindowsNoEditorTargetPlatform (26)
[2015.12.18-19.07.00:667][638]LogModuleManager: Shutting down and abandoning module WindowsClientTargetPlatform (25)
[2015.12.18-19.07.00:667][638]LogModuleManager: Shutting down and abandoning module AllDesktopTargetPlatform (24)
[2015.12.18-19.07.00:667][638]LogModuleManager: Shutting down and abandoning module TargetPlatform (23)
[2015.12.18-19.07.00:667][638]LogModuleManager: Shutting down and abandoning module InputCore (22)
[2015.12.18-19.07.00:667][638]LogModuleManager: Shutting down and abandoning module Settings (21)
[2015.12.18-19.07.00:667][638]LogModuleManager: Shutting down and abandoning module OnlineSubsystem (19)
[2015.12.18-19.07.00:667][638]LogModuleManager: Shutting down and abandoning module HTTP (18)
[2015.12.18-19.07.02:669][638]LogModuleManager: Shutting down and abandoning module XMPP (17)
[2015.12.18-19.07.02:669][638]LogModuleManager: Shutting down and abandoning module OculusRift (16)
[2015.12.18-19.07.02:669][638]LogModuleManager: Shutting down and abandoning module ExampleDeviceProfileSelector (15)
[2015.12.18-19.07.02:669][638]LogModuleManager: Shutting down and abandoning module TextureCompressor (14)
[2015.12.18-19.07.02:669][638]LogModuleManager: Shutting down and abandoning module ShaderCore (13)
[2015.12.18-19.07.02:669][638]LogModuleManager: Shutting down and abandoning module Landscape (12)
[2015.12.18-19.07.02:669][638]LogModuleManager: Shutting down and abandoning module SlateRHIRenderer (11)
[2015.12.18-19.07.02:669][638]LogModuleManager: Shutting down and abandoning module OpenGLDrv (10)
[2015.12.18-19.07.02:669][638]LogModuleManager: Shutting down and abandoning module D3D11RHI (9)
[2015.12.18-19.07.02:669][638]LogModuleManager: Shutting down and abandoning module AnimGraphRuntime (8)
[2015.12.18-19.07.02:669][638]LogModuleManager: Shutting down and abandoning module Renderer (7)
[2015.12.18-19.07.02:669][638]LogModuleManager: Shutting down and abandoning module Engine (6)
[2015.12.18-19.07.02:669][638]LogModuleManager: Shutting down and abandoning module CoreUObject (5)
[2015.12.18-19.07.02:669][638]LogModuleManager: Shutting down and abandoning module NetworkFile (4)
[2015.12.18-19.07.02:669][638]LogModuleManager: Shutting down and abandoning module StreamingFile (3)
[2015.12.18-19.07.02:669][638]LogModuleManager: Shutting down and abandoning module SandboxFile (2)
[2015.12.18-19.07.02:669][638]LogModuleManager: Shutting down and abandoning module PakFile (1)
[2015.12.18-19.07.02:671][638]LogExit: Exiting.
[2015.12.18-19.07.02:672][638]Log file closed, 12/18/15 14:07:02
