[2015.12.18-15.31.22:678][  0]Log file open, 12/18/15 10:31:22
[2015.12.18-15.31.22:678][  0]LogInit:Display: Running engine for game: essai
[2015.12.18-15.31.22:678][  0]LogPlatformFile: Not using cached read wrapper
[2015.12.18-15.31.22:678][  0]LogInit:Display: RandInit(1532295493) SRandInit(1532295495).
[2015.12.18-15.31.22:678][  0]LogTaskGraph: Started task graph with 4 named threads and 7 total threads.
[2015.12.18-15.31.22:678][  0]LogStats: Stats thread started at 0.095354
[2015.12.18-15.31.22:678][  0]LogInit: Version: 4.10.1-2791327+++depot+UE4-Releases+4.10
[2015.12.18-15.31.22:678][  0]LogInit: API Version: 2758231
[2015.12.18-15.31.22:678][  0]LogInit: Compiled (64-bit): Dec  4 2015 19:44:40
[2015.12.18-15.31.22:678][  0]LogInit: Compiled with Visual C++: 19.00.23026.00
[2015.12.18-15.31.22:678][  0]LogInit: Build Configuration: Development
[2015.12.18-15.31.22:678][  0]LogInit: Branch Name: ++depot+UE4-Releases+4.10
[2015.12.18-15.31.22:678][  0]LogInit: Command line: 
[2015.12.18-15.31.22:678][  0]LogInit: Base directory: C:/Program Files/Epic Games/4.10/Engine/Binaries/Win64/
[2015.12.18-15.31.22:678][  0]LogInit: Rocket: 1
[2015.12.18-15.31.22:689][  0]LogInit: Using libcurl 7.41.0
[2015.12.18-15.31.22:689][  0]LogInit:  - built for x86_64-pc-win32
[2015.12.18-15.31.22:689][  0]LogInit:  - supports SSL with WinSSL
[2015.12.18-15.31.22:689][  0]LogInit:  - other features:
[2015.12.18-15.31.22:689][  0]LogInit:      CURL_VERSION_SSL
[2015.12.18-15.31.22:689][  0]LogInit:      CURL_VERSION_IPV6
[2015.12.18-15.31.22:689][  0]LogInit:      CURL_VERSION_ASYNCHDNS
[2015.12.18-15.31.22:689][  0]LogInit:      CURL_VERSION_LARGEFILE
[2015.12.18-15.31.22:689][  0]LogInit:      CURL_VERSION_IDN
[2015.12.18-15.31.22:689][  0]LogInit:  CurlRequestOptions (configurable via config and command line):
[2015.12.18-15.31.22:689][  0]LogInit:  - bVerifyPeer = true  - Libcurl will verify peer certificate
[2015.12.18-15.31.22:689][  0]LogInit:  - bUseHttpProxy = false  - Libcurl will NOT use HTTP proxy
[2015.12.18-15.31.22:689][  0]LogInit:  - bDontReuseConnections = false  - Libcurl will reuse connections
[2015.12.18-15.31.22:689][  0]LogInit:  - CertBundlePath = nullptr  - Libcurl will use whatever was configured at build time.
[2015.12.18-15.31.22:702][  0]LogInit: Presizing for 0 objects not considered by GC, pre-allocating 0 bytes.
[2015.12.18-15.31.22:709][  0]LogInit: Object subsystem initialized
[2015.12.18-15.31.22:710][  0]LogInit: Selected Device Profile: [Windows]
[2015.12.18-15.31.22:710][  0]LogInit: Applying CVar settings loaded from the selected device profile: [Windows]
[2015.12.18-15.31.22:719][  0]LogInit: Computer: LABAGUETTE
[2015.12.18-15.31.22:719][  0]LogInit: User: Mathieu
[2015.12.18-15.31.22:719][  0]LogInit: CPU Page size=4096, Cores=4
[2015.12.18-15.31.22:719][  0]LogInit: High frequency timer resolution =2.338447 MHz
[2015.12.18-15.31.22:719][  0]LogMemory: Memory total: Physical=7.7GB (8GB approx)
[2015.12.18-15.31.22:719][  0]LogMemory: Platform Memory Stats for Windows
[2015.12.18-15.31.22:719][  0]LogMemory: Process Physical Memory: 55.73 MB used, 55.73 MB peak
[2015.12.18-15.31.22:719][  0]LogMemory: Process Virtual Memory: 55.88 MB used, 55.88 MB peak
[2015.12.18-15.31.22:719][  0]LogMemory: Physical Memory: 5308.66 MB used, 7888.79 MB total
[2015.12.18-15.31.22:719][  0]LogMemory: Virtual Memory: 365.28 MB used, 134217728.00 MB total
[2015.12.18-15.31.22:774][  0]LogTextLocalizationManager: No specific translations for ('en-CA') exist, so ('en') translations will be used.
[2015.12.18-15.31.23:268][  0]LogD3D11RHI: Found D3D11 adapter 0: NVIDIA NVS 5400M     (Feature Level 11_0)
[2015.12.18-15.31.23:268][  0]LogD3D11RHI: Adapter has 973MB of dedicated video memory, 0MB of dedicated system memory, and 3071MB of shared system memory, 1 output[s]
[2015.12.18-15.31.23:290][  0]LogD3D11RHI: Found D3D11 adapter 1: NVIDIA NVS 5400M     (Feature Level 11_0)
[2015.12.18-15.31.23:290][  0]LogD3D11RHI: Adapter has 973MB of dedicated video memory, 0MB of dedicated system memory, and 3071MB of shared system memory, 0 output[s]
[2015.12.18-15.31.23:292][  0]LogD3D11RHI: Found D3D11 adapter 2: Microsoft Basic Render Driver (Feature Level 11_0)
[2015.12.18-15.31.23:292][  0]LogD3D11RHI: Adapter has 973MB of dedicated video memory, 0MB of dedicated system memory, and 3071MB of shared system memory, 0 output[s]
[2015.12.18-15.31.23:292][  0]LogD3D11RHI: Chosen D3D11 Adapter Id = 0
[2015.12.18-15.31.23:298][  0]LogD3D11RHI: !Direct3DDevice
[2015.12.18-15.31.23:298][  0]LogRHI: Texture pool is 1361 MB (70% of 1945 MB)
[2015.12.18-15.31.23:316][  0]LogD3D11RHI: Async texture creation enabled
[2015.12.18-15.31.23:334][  0]LogShaderCompilers: Guid format shader working directory is -16 characters bigger than the processId version (../../../../../../Users/Mathieu/Documents/Unreal Projects/essai/Intermediate/Shaders/WorkingDirectory/11348/).
[2015.12.18-15.31.23:334][  0]LogShaderCompilers: Cleaned the shader compiler working directory 'C:/Users/Mathieu/AppData/Local/Temp/UnrealShaderWorkingDir/A44A2C7940D79AF511A1FFBB4230CC7C/'.
[2015.12.18-15.31.23:334][  0]LogShaderCompilers:Display: Using Local Shader Compiler.
[2015.12.18-15.31.24:715][  0]LogTemp:Display: Loaded TP AllDesktopTargetPlatform
[2015.12.18-15.31.24:722][  0]LogTemp:Display: Loaded TP WindowsClientTargetPlatform
[2015.12.18-15.31.24:728][  0]LogTemp:Display: Loaded TP WindowsNoEditorTargetPlatform
[2015.12.18-15.31.24:735][  0]LogTemp:Display: Loaded TP WindowsServerTargetPlatform
[2015.12.18-15.31.24:741][  0]LogTemp:Display: Loaded TP WindowsTargetPlatform
[2015.12.18-15.31.24:746][  0]LogTemp:Display: Loaded TP AndroidTargetPlatform
[2015.12.18-15.31.24:750][  0]LogTemp:Display: Loaded TP Android_ASTCTargetPlatform
[2015.12.18-15.31.24:754][  0]LogTemp:Display: Loaded TP Android_ATCTargetPlatform
[2015.12.18-15.31.24:759][  0]LogTemp:Display: Loaded TP Android_DXTTargetPlatform
[2015.12.18-15.31.24:763][  0]LogTemp:Display: Loaded TP Android_ETC1TargetPlatform
[2015.12.18-15.31.24:768][  0]LogTemp:Display: Loaded TP Android_ETC2TargetPlatform
[2015.12.18-15.31.24:776][  0]LogTemp:Display: Loaded TP Android_MultiTargetPlatform
[2015.12.18-15.31.24:776][  0]LogTemp:Display: Loaded TP Android_PVRTCTargetPlatform
[2015.12.18-15.31.24:778][  0]LogTemp:Display: Loaded TP HTML5TargetPlatform
[2015.12.18-15.31.24:799][  0]LogTemp:Display: Loaded TP IOSTargetPlatform
[2015.12.18-15.31.24:803][  0]LogTemp:Display: Loaded TP LinuxNoEditorTargetPlatform
[2015.12.18-15.31.24:807][  0]LogTemp:Display: Loaded TP LinuxServerTargetPlatform
[2015.12.18-15.31.24:812][  0]LogTemp:Display: Loaded TP LinuxTargetPlatform
[2015.12.18-15.31.24:812][  0]LogTargetPlatformManager:Display: Building Assets For Windows
[2015.12.18-15.31.24:939][  0]LogDerivedDataCache:Display: Max Cache Size: 512 MB
[2015.12.18-15.31.24:994][  0]LogDerivedDataCache: Loaded boot cache 0.05s 41MB C:/Users/Mathieu/AppData/Local/UnrealEngine/4.10/DerivedDataCache/Boot.ddc.
[2015.12.18-15.31.24:994][  0]LogDerivedDataCache:Display: Loaded Boot cache: C:/Users/Mathieu/AppData/Local/UnrealEngine/4.10/DerivedDataCache/Boot.ddc
[2015.12.18-15.31.24:994][  0]LogDerivedDataCache: FDerivedDataBackendGraph:  Pak pak cache file ../../../../../../Users/Mathieu/Documents/Unreal Projects/essai/DerivedDataCache/DDC.ddp not found, will not use a pak cache.
[2015.12.18-15.31.24:994][  0]LogDerivedDataCache: Unable to find inner node Pak for hierarchical cache Hierarchy.
[2015.12.18-15.31.24:994][  0]LogDerivedDataCache: FDerivedDataBackendGraph:  CompressedPak pak cache file ../../../../../../Users/Mathieu/Documents/Unreal Projects/essai/DerivedDataCache/Compressed.ddp not found, will not use a pak cache.
[2015.12.18-15.31.24:994][  0]LogDerivedDataCache: Unable to find inner node CompressedPak for hierarchical cache Hierarchy.
[2015.12.18-15.31.25:078][  0]LogDerivedDataCache:Display: Pak cache opened for reading ../../../Engine/DerivedDataCache/Compressed.ddp.
[2015.12.18-15.31.25:091][  0]LogDerivedDataCache: Using Local data cache path C:/Users/Mathieu/AppData/Local/UnrealEngine/Common/DerivedDataCache: Writable
[2015.12.18-15.31.25:439][  0]LogInit: Selected Device Profile: [Windows]
[2015.12.18-15.31.25:442][  0]LogContentStreaming: Texture pool size is 0.000000MB
[2015.12.18-15.31.25:569][  0]LogMeshUtilities: No automatic mesh reduction module available
[2015.12.18-15.31.25:569][  0]LogMeshUtilities: No automatic mesh merging module available
[2015.12.18-15.31.25:869][  0]LogInit: WinSock: version 1.1 (2.2), MaxSocks=32767, MaxUdp=65467
[2015.12.18-15.31.27:710][  0]UdpMessaging: Initializing bridge on interface 0.0.0.0:0 to multicast group 230.0.0.1:6666.
[2015.12.18-15.31.27:856][  0]LogAssetRegistry: FAssetRegistry took 0.0116 seconds to start up
[2015.12.18-15.31.28:067][  0]SourceControl: Info Source control is disabled
[2015.12.18-15.31.28:164][  0]SourceControl: Info Source control is disabled
[2015.12.18-15.31.28:197][  0]SourceControl: Info Source control is disabled
[2015.12.18-15.31.28:215][  0]SourceControl: Info Source control is disabled
[2015.12.18-15.31.28:579][  0]LogObj: 28633 objects as part of root set at end of initial load.
[2015.12.18-15.31.28:579][  0]LogUObjectAllocator: 6099752 out of 0 bytes used by permanent object pool.
[2015.12.18-15.31.28:644][  0]LogEngine: Initializing Engine...
[2015.12.18-15.31.28:648][  0]LogHMD: Can't find Oculus library dev build: is proper Runtime installed? Version: 0.8.0.0
[2015.12.18-15.31.28:653][  0]LogHMD: SteamVR failed to initialize.  Err: 110
[2015.12.18-15.31.28:783][  0]LogAIModule: Creating AISystem for world NewWorld
[2015.12.18-15.31.28:789][  0]LogInit: XAudio2 using 'Headphones (High Definition Audio Device)' : 2 channels at 44.1 kHz using 16 bits per sample (channel mask 0x3)
[2015.12.18-15.31.28:800][  0]LogInit: FAudioDevice initialized.
[2015.12.18-15.31.28:821][  0]LogDerivedDataCache: Saved boot cache 0.02s 41MB C:/Users/Mathieu/AppData/Local/UnrealEngine/4.10/DerivedDataCache/Boot.ddc.
[2015.12.18-15.31.28:824][  0]LogInit: Texture streaming: Enabled
[2015.12.18-15.31.28:831][  0]LogAnalytics: Creating configured Analytics provider AnalyticsET
[2015.12.18-15.31.28:831][  0]LogAnalytics: [UEEditor.Rocket.Release] APIServer = http://et2.epicgames.com/ET2/. AppVersion = 4.10.1-2791327+++depot+UE4-Releases+4.10
[2015.12.18-15.31.28:831][  0]LogAnalytics: [UEEditor.Rocket.Release] SetUserId dca4fec74d4e3c1ff6b015804794b88a|121a6ec79910484cb2ff136d0597de7f|315e9ff7-8e3a-48f8-92e8-2458b76a9466
[2015.12.18-15.31.28:832][  0]LogAnalytics: [UEEditor.Rocket.Release] AnalyticsET::StartSession
[2015.12.18-15.31.28:848][  0]LogWindowsTextInputMethodSystem:Display: IME system now deactivated.
[2015.12.18-15.31.28:956][  0]LogInit: Transaction tracking system initialized
[2015.12.18-15.31.28:997][  0]BlueprintLog: New page: Editor Load
[2015.12.18-15.31.29:115][  0]LocalizationService: Info Localization service is disabled
[2015.12.18-15.31.29:240][  0]LogConsoleResponse:Display: 
[2015.12.18-15.31.29:380][  0]LogCook:Display: Done creating registry. It took  0.00s.
[2015.12.18-15.31.29:461][  0]LogFileCache: Scanning file cache for directory 'C:/Users/Mathieu/Documents/Unreal Projects/essai/Content/' took 0.02s
[2015.12.18-15.31.29:461][  0]SourceControl: Info Source control is disabled
[2015.12.18-18.03.05:203][  0]LogWindowsTextInputMethodSystem:Display: IME system now deactivated.
[2015.12.18-18.03.05:209][  0]LogWindowsTextInputMethodSystem:Display: IME system now deactivated.
[2015.12.18-18.03.05:210][  0]Cmd: MAP LOAD FILE="../../../../../../Users/Mathieu/Documents/Unreal Projects/essai/Content/FirstPersonBP/Maps/FirstPersonExampleMap.umap" TEMPLATE=0 SHOWPROGRESS=1 FEATURELEVEL=3
[2015.12.18-18.03.05:212][  0]LightingResults: New page: Lighting Build
[2015.12.18-18.03.05:219][  0]MapCheck: New page: Map Check
[2015.12.18-18.03.05:219][  0]LightingResults: New page: Lighting Build
[2015.12.18-18.03.05:235][  0]LogParticles: Destroying 0 GPU particle simulations for FXSystem 0x000000EEDE29BB00
[2015.12.18-18.03.05:384][  0]LogLinker:Warning: Asset '../../../../../../Users/Mathieu/Documents/Unreal Projects/essai/Content/FirstPerson/Meshes/FirstPersonProjectileMesh.uasset' has been saved with empty engine version. The asset will be loaded but may be incompatible.
[2015.12.18-18.03.05:833][  0]LogAIModule: Creating AISystem for world FirstPersonExampleMap
[2015.12.18-18.03.05:849][  0]LogEditorServer: Finished looking for orphan Actors (0.000 secs)
[2015.12.18-18.03.05:849][  0]Cmd: MAP CHECKDEP NOCLEARLOG
[2015.12.18-18.03.05:962][  0]MapCheck: Info Map check complete: 0 Error(s), 0 Warning(s), took 112.915ms to complete.
[2015.12.18-18.03.05:962][  0]LogFileHelpers: Loading map 'FirstPersonExampleMap' took 0.753
[2015.12.18-18.03.06:027][  0]LogCollectionManager: Loaded 0 collections in 0.002773 seconds
[2015.12.18-18.03.06:069][  0]LogFileCache: Scanning file cache for directory 'C:/Users/Mathieu/Documents/Unreal Projects/essai/Saved/Collections/' took 0.01s
[2015.12.18-18.03.06:069][  0]LogFileCache: Scanning file cache for directory 'C:/Users/Mathieu/Documents/Unreal Projects/essai/Content/Developers/Mathieu/Collections/' took 0.01s
[2015.12.18-18.03.06:069][  0]LogFileCache: Scanning file cache for directory 'C:/Users/Mathieu/Documents/Unreal Projects/essai/Content/Collections/' took 0.01s
[2015.12.18-18.03.06:069][  0]LogCollectionManager: Rebuilt the GUID cache for 0 collections in 0.000002 seconds
[2015.12.18-18.03.06:077][  0]LogContentBrowser: Native class hierarchy populated in 0.0078 seconds. Added 1893 classes and 338 folders.
[2015.12.18-18.03.06:085][  0]LogContentBrowser: Native class hierarchy updated for 'WidgetCarousel' in 0.0004 seconds. Added 0 classes and 0 folders.
[2015.12.18-18.03.06:254][  0]LogContentBrowser: Native class hierarchy updated for 'AddContentDialog' in 0.0004 seconds. Added 0 classes and 0 folders.
[2015.12.18-18.03.06:260][  0]LogContentBrowser: Native class hierarchy updated for 'SceneOutliner' in 0.0004 seconds. Added 1 classes and 2 folders.
[2015.12.18-18.03.06:294][  0]LogCrashTracker: Crashtracker disabled due to settings.
[2015.12.18-18.03.06:298][  0]LogUObjectGlobals:Warning: Failed to find object 'Class None.'
[2015.12.18-18.03.06:322][  0]LogStats:Warning: MetaData mismatch. Did you assign a stat to two groups? New //STATGROUP_Threads//SplashScreenThread///Thread_3e60_0///####STATCAT_Advanced#### old //STATGROUP_Threads//SplashScreenThread///Thread_3664_0///####STATCAT_Advanced####
[2015.12.18-18.03.06:322][  0]LogLoad: Full Startup: 9104.12 seconds (BP compile: 0.13 seconds)
[2015.12.18-18.03.06:361][  0]LogOcInput: Can't find Oculus library dev build: is proper Runtime installed? Version: 0.8.0.0
[2015.12.18-18.03.06:409][  0]LogContentStreaming: Texture pool size now 1000 MB
[2015.12.18-18.03.06:559][  0]LogRenderer: Reallocating scene render targets to support 736x368 (Frame:2).
[2015.12.18-18.03.06:927][  5]LogAssetRegistry: Asset discovery search completed in 9099.0822 seconds
[2015.12.18-18.03.06:927][  5]LogCollectionManager: Rebuilt the object cache for 0 collections in 0.000001 seconds (found 0 objects)
[2015.12.18-18.03.06:927][  5]LogCollectionManager: Fixed up redirectors for 0 collections in 0.000022 seconds (updated 0 objects)
[2015.12.18-19.02.40:584][651]LogSavePackage: Save=2473.820801ms
[2015.12.18-19.02.40:585][651]LogSavePackage: Moving '../../../../../../Users/Mathieu/Documents/Unreal Projects/essai/Saved/FirstPersonExampleMapF5EB99E64D94BA6141DA6489F589FD0A.tmp' to '../../../../../../Users/Mathieu/Documents/Unreal Projects/essai/Content/FirstPersonBP/Maps/FirstPersonExampleMap.umap'
[2015.12.18-19.02.40:586][651]LogFileManager:Warning: DeleteFile was unable to delete '../../../../../../Users/Mathieu/Documents/Unreal Projects/essai/Content/FirstPersonBP/Maps/FirstPersonExampleMap.umap', retrying in .5s...
[2015.12.18-19.02.41:106][651]LogFileManager:Error: Error deleting file '../../../../../../Users/Mathieu/Documents/Unreal Projects/essai/Content/FirstPersonBP/Maps/FirstPersonExampleMap.umap'.
[2015.12.18-19.02.41:107][651]LogSavePackage:Error: Error saving '../../../../../../Users/Mathieu/Documents/Unreal Projects/essai/Content/FirstPersonBP/Maps/FirstPersonExampleMap.umap'
[2015.12.18-19.02.41:110][651]LogSavePackage: Total save time: 3045.963410ms
[2015.12.18-19.02.41:110][651]LogSavePackage:Display: Finished SavePackage ../../../../../../Users/Mathieu/Documents/Unreal Projects/essai/Content/FirstPersonBP/Maps/FirstPersonExampleMap.umap
[2015.12.18-19.02.41:459][651]EditorErrors: New page: Save Output
[2015.12.18-19.02.41:459][651]EditorErrors:Warning: Warning Error saving '../../../../../../Users/Mathieu/Documents/Unreal Projects/essai/Content/FirstPersonBP/Maps/FirstPersonExampleMap.umap'
[2015.12.18-19.02.58:171][ 50]LogSavePackage: Save=1659.392700ms
[2015.12.18-19.02.58:171][ 50]LogSavePackage: Moving '../../../../../../Users/Mathieu/Documents/Unreal Projects/essai/Saved/FirstPersonExampleMapA961CC484DC8141E2E6BD199C80F65D6.tmp' to '../../../../../../Users/Mathieu/Documents/Unreal Projects/essai/Content/FirstPersonBP/Maps/FirstPersonExampleMap.umap'
[2015.12.18-19.02.58:171][ 50]LogFileManager:Warning: DeleteFile was unable to delete '../../../../../../Users/Mathieu/Documents/Unreal Projects/essai/Content/FirstPersonBP/Maps/FirstPersonExampleMap.umap', retrying in .5s...
[2015.12.18-19.02.58:672][ 50]LogFileManager:Error: Error deleting file '../../../../../../Users/Mathieu/Documents/Unreal Projects/essai/Content/FirstPersonBP/Maps/FirstPersonExampleMap.umap'.
[2015.12.18-19.02.58:672][ 50]LogSavePackage:Error: Error saving '../../../../../../Users/Mathieu/Documents/Unreal Projects/essai/Content/FirstPersonBP/Maps/FirstPersonExampleMap.umap'
[2015.12.18-19.02.58:675][ 50]LogSavePackage: Total save time: 2168.427594ms
[2015.12.18-19.02.58:675][ 50]LogSavePackage:Display: Finished SavePackage ../../../../../../Users/Mathieu/Documents/Unreal Projects/essai/Content/FirstPersonBP/Maps/FirstPersonExampleMap.umap
[2015.12.18-19.02.58:677][ 50]EditorErrors: New page: Save Output
[2015.12.18-19.02.58:677][ 50]EditorErrors:Warning: Warning Error saving '../../../../../../Users/Mathieu/Documents/Unreal Projects/essai/Content/FirstPersonBP/Maps/FirstPersonExampleMap.umap'
[2015.12.18-19.03.37:337][626]Cmd: OBJ SAVEPACKAGE PACKAGE="/Game/zachariejetaime" FILE="../../../../../../Users/Mathieu/Documents/Unreal Projects/essai/Content/zachariejetaime.umap" SILENT=true AUTOSAVING=false KEEPDIRTY=false
[2015.12.18-19.03.39:061][626]LogSavePackage: Save=1707.267700ms
[2015.12.18-19.03.39:061][626]LogSavePackage: Moving '../../../../../../Users/Mathieu/Documents/Unreal Projects/essai/Saved/zachariejetaimeDCCC8D6B4CB7F1E2FB8808961C3A54D9.tmp' to '../../../../../../Users/Mathieu/Documents/Unreal Projects/essai/Content/zachariejetaime.umap'
[2015.12.18-19.03.39:065][626]LogSavePackage: Total save time: 1711.565841ms
[2015.12.18-19.03.39:065][626]LogSavePackage:Display: Finished SavePackage ../../../../../../Users/Mathieu/Documents/Unreal Projects/essai/Content/zachariejetaime.umap
[2015.12.18-19.03.39:117][626]LogFileHelpers: Saving map 'zachariejetaime' took 3.876
[2015.12.18-19.03.47:068][821]LogWindowsTextInputMethodSystem:Display: IME system now deactivated.
[2015.12.18-19.03.47:419][822]Cmd: QUIT_EDITOR
[2015.12.18-19.03.47:684][822]LogExit: Preparing to exit.
[2015.12.18-19.03.47:956][822]LogExit: Editor shut down
[2015.12.18-19.03.47:956][822]LogExit: Transaction tracking system shut down
[2015.12.18-19.03.47:970][822]LogParticles: Destroying 0 GPU particle simulations for FXSystem 0x000000EEDAD809A0
[2015.12.18-19.03.47:970][822]LogParticles: Destroying 0 GPU particle simulations for FXSystem 0x000000EED6DDD9E0
[2015.12.18-19.03.48:227][822]LogParticles: Destroying 0 GPU particle simulations for FXSystem 0x000000EEE3DB2340
[2015.12.18-19.03.48:227][822]LogExit: Object subsystem successfully closed.
[2015.12.18-19.03.48:275][822]LogD3D11RHI: Shutdown
[2015.12.18-19.03.48:275][822]LogD3D11RHI: CleanupD3DDevice
[2015.12.18-19.03.48:388][822]LogD3D11RHI: ~FD3D11DynamicRHI
[2015.12.18-19.03.48:461][822]LogModuleManager: Shutting down and abandoning module CookingStats (199)
[2015.12.18-19.03.48:461][822]LogModuleManager: Shutting down and abandoning module CrashTracker (198)
[2015.12.18-19.03.48:461][822]LogModuleManager: Shutting down and abandoning module SceneOutliner (197)
[2015.12.18-19.03.48:461][822]LogModuleManager: Shutting down and abandoning module SuperSearch (196)
[2015.12.18-19.03.48:461][822]LogModuleManager: Shutting down and abandoning module WidgetCarousel (195)
[2015.12.18-19.03.48:461][822]LogModuleManager: Shutting down and abandoning module AddContentDialog (194)
[2015.12.18-19.03.48:466][822]LogModuleManager: Shutting down and abandoning module EditorWidgets (193)
[2015.12.18-19.03.48:466][822]LogModuleManager: Shutting down and abandoning module CollectionManager (192)
[2015.12.18-19.03.48:467][822]LogModuleManager: Shutting down and abandoning module StatsViewer (191)
[2015.12.18-19.03.48:468][822]LogModuleManager: Shutting down and abandoning module FoliageEdit (190)
[2015.12.18-19.03.48:468][822]LogModuleManager: Shutting down and abandoning module LandscapeEditor (189)
[2015.12.18-19.03.48:470][822]LogModuleManager: Shutting down and abandoning module ActorPickerMode (188)
[2015.12.18-19.03.48:470][822]LogModuleManager: Shutting down and abandoning module GeometryMode (187)
[2015.12.18-19.03.48:470][822]LogModuleManager: Shutting down and abandoning module TextureAlignMode (186)
[2015.12.18-19.03.48:470][822]LogModuleManager: Shutting down and abandoning module BspMode (185)
[2015.12.18-19.03.48:470][822]LogModuleManager: Shutting down and abandoning module PlacementMode (184)
[2015.12.18-19.03.48:470][822]LogModuleManager: Shutting down and abandoning module AutomationWorker (183)
[2015.12.18-19.03.48:470][822]LogModuleManager: Shutting down and abandoning module CharacterAI (182)
[2015.12.18-19.03.48:470][822]LogModuleManager: Shutting down and abandoning module SmartSnapping (181)
[2015.12.18-19.03.48:470][822]LogModuleManager: Shutting down and abandoning module ViewportSnapping (180)
[2015.12.18-19.03.48:470][822]LogModuleManager: Shutting down and abandoning module LogVisualizer (179)
[2015.12.18-19.03.48:471][822]LogModuleManager: Shutting down and abandoning module GameProjectGeneration (178)
[2015.12.18-19.03.48:472][822]LogModuleManager: Shutting down and abandoning module IntroTutorials (177)
[2015.12.18-19.03.48:473][822]LogModuleManager: Shutting down and abandoning module EditorLiveStreaming (176)
[2015.12.18-19.03.48:473][822]LogModuleManager: Shutting down and abandoning module IOSPlatformEditor (175)
[2015.12.18-19.03.48:474][822]LogModuleManager: Shutting down and abandoning module HTML5PlatformEditor (174)
[2015.12.18-19.03.48:474][822]LogModuleManager: Shutting down and abandoning module AndroidDeviceDetection (173)
[2015.12.18-19.03.49:430][822]LogModuleManager: Shutting down and abandoning module AndroidPlatformEditor (172)
[2015.12.18-19.03.49:430][822]LogModuleManager: Shutting down and abandoning module IOSRuntimeSettings (171)
[2015.12.18-19.03.49:430][822]LogModuleManager: Shutting down and abandoning module AndroidRuntimeSettings (170)
[2015.12.18-19.03.49:430][822]LogModuleManager: Shutting down and abandoning module MergeActors (169)
[2015.12.18-19.03.49:431][822]LogModuleManager: Shutting down and abandoning module SizeMap (168)
[2015.12.18-19.03.49:431][822]LogModuleManager: Shutting down and abandoning module TreeMap (167)
[2015.12.18-19.03.49:434][822]LogModuleManager: Shutting down and abandoning module ReferenceViewer (166)
[2015.12.18-19.03.49:434][822]LogModuleManager: Shutting down and abandoning module LocalizationService (165)
[2015.12.18-19.03.49:437][822]LogModuleManager: Shutting down and abandoning module LocalizationDashboard (164)
[2015.12.18-19.03.49:440][822]LogModuleManager: Shutting down and abandoning module HardwareTargeting (163)
[2015.12.18-19.03.49:440][822]LogModuleManager: Shutting down and abandoning module DeviceProfileEditor (162)
[2015.12.18-19.03.49:444][822]LogModuleManager: Shutting down and abandoning module UndoHistory (161)
[2015.12.18-19.03.49:445][822]LogModuleManager: Shutting down and abandoning module GameplayTagsEditor (160)
[2015.12.18-19.03.49:445][822]LogModuleManager: Shutting down and abandoning module UserFeedback (159)
[2015.12.18-19.03.49:445][822]LogModuleManager: Shutting down and abandoning module XmlParser (158)
[2015.12.18-19.03.49:445][822]LogModuleManager: Shutting down and abandoning module Blutility (157)
[2015.12.18-19.03.49:445][822]LogModuleManager: Shutting down and abandoning module ProjectTargetPlatformEditor (156)
[2015.12.18-19.03.49:446][822]LogModuleManager: Shutting down and abandoning module ProjectSettingsViewer (155)
[2015.12.18-19.03.49:446][822]LogModuleManager: Shutting down and abandoning module InputBindingEditor (154)
[2015.12.18-19.03.49:450][822]LogModuleManager: Shutting down and abandoning module EditorSettingsViewer (153)
[2015.12.18-19.03.49:450][822]LogModuleManager: Shutting down and abandoning module SettingsEditor (152)
[2015.12.18-19.03.49:453][822]LogModuleManager: Shutting down and abandoning module ProjectLauncher (151)
[2015.12.18-19.03.49:454][822]LogModuleManager: Shutting down and abandoning module SessionFrontend (150)
[2015.12.18-19.03.49:457][822]LogModuleManager: Shutting down and abandoning module ProfilerClient (149)
[2015.12.18-19.03.49:461][822]LogModuleManager: Shutting down and abandoning module TargetDeviceServices (148)
[2015.12.18-19.03.49:461][822]LogModuleManager: Shutting down and abandoning module DeviceManager (147)
[2015.12.18-19.03.49:474][822]LogModuleManager: Shutting down and abandoning module AutomationController (146)
[2015.12.18-19.03.49:478][822]LogModuleManager: Shutting down and abandoning module AutomationWindow (145)
[2015.12.18-19.03.49:481][822]LogModuleManager: Shutting down and abandoning module Layers (144)
[2015.12.18-19.03.49:493][822]LogModuleManager: Shutting down and abandoning module ComponentVisualizers (143)
[2015.12.18-19.03.49:493][822]LogModuleManager: Shutting down and abandoning module DetailCustomizations (142)
[2015.12.18-19.03.49:493][822]LogModuleManager: Shutting down and abandoning module PackagesDialog (141)
[2015.12.18-19.03.49:493][822]LogModuleManager: Shutting down and abandoning module Persona (140)
[2015.12.18-19.03.49:502][822]LogModuleManager: Shutting down and abandoning module Kismet (139)
[2015.12.18-19.03.49:503][822]LogModuleManager: Shutting down and abandoning module GraphEditor (138)
[2015.12.18-19.03.49:503][822]LogModuleManager: Shutting down and abandoning module ClassViewer (137)
[2015.12.18-19.03.49:503][822]LogModuleManager: Shutting down and abandoning module Toolbox (136)
[2015.12.18-19.03.49:503][822]LogModuleManager: Shutting down and abandoning module ModuleUI (135)
[2015.12.18-19.03.49:505][822]LogModuleManager: Shutting down and abandoning module MovieSceneTools (134)
[2015.12.18-19.03.49:505][822]LogModuleManager: Shutting down and abandoning module OutputLog (133)
[2015.12.18-19.03.49:506][822]LogModuleManager: Shutting down and abandoning module GammaUI (132)
[2015.12.18-19.03.49:506][822]LogModuleManager: Shutting down and abandoning module Documentation (131)
[2015.12.18-19.03.49:506][822]LogModuleManager: Shutting down and abandoning module GameLiveStreaming (130)
[2015.12.18-19.03.49:506][822]LogModuleManager: Shutting down and abandoning module StreamingPauseRendering (129)
[2015.12.18-19.03.49:506][822]LogModuleManager: Shutting down and abandoning module AnalyticsET (128)
[2015.12.18-19.03.49:506][822]LogModuleManager: Shutting down and abandoning module Analytics (127)
[2015.12.18-19.03.49:506][822]LogModuleManager: Shutting down and abandoning module AITestSuite (126)
[2015.12.18-19.03.49:508][822]LogModuleManager: Shutting down and abandoning module GameplayDebugger (125)
[2015.12.18-19.03.49:508][822]LogModuleManager: Shutting down and abandoning module AIModule (124)
[2015.12.18-19.03.49:508][822]LogModuleManager: Shutting down and abandoning module ProfilerService (123)
[2015.12.18-19.03.49:566][822]LogModuleManager: Shutting down and abandoning module TaskGraph (122)
[2015.12.18-19.03.49:570][822]LogModuleManager: Shutting down and abandoning module SlateRemote (121)
[2015.12.18-19.03.49:570][822]LogModuleManager: Shutting down and abandoning module SteamVRController (120)
[2015.12.18-19.03.49:570][822]LogModuleManager: Shutting down and abandoning module SteamVR (119)
[2015.12.18-19.03.49:570][822]LogModuleManager: Shutting down and abandoning module ProceduralMeshComponent (118)
[2015.12.18-19.03.49:570][822]LogModuleManager: Shutting down and abandoning module OculusLibrary (117)
[2015.12.18-19.03.49:570][822]LogModuleManager: Shutting down and abandoning module OculusInput (116)
[2015.12.18-19.03.49:570][822]LogModuleManager: Shutting down and abandoning module LeapMotionController (115)
[2015.12.18-19.03.49:593][822]LogModuleManager: Shutting down and abandoning module CustomMeshComponent (114)
[2015.12.18-19.03.49:593][822]LogModuleManager: Shutting down and abandoning module CableComponent (113)
[2015.12.18-19.03.49:593][822]LogModuleManager: Shutting down and abandoning module ArchVisCharacter (112)
[2015.12.18-19.03.49:593][822]LogModuleManager: Shutting down and abandoning module MessagingDebugger (111)
[2015.12.18-19.03.49:603][822]LogModuleManager: Shutting down and abandoning module MediaPlayerEditor (110)
[2015.12.18-19.03.49:607][822]LogModuleManager: Shutting down and abandoning module HTML5Networking (109)
[2015.12.18-19.03.49:607][822]LogModuleManager: Shutting down and abandoning module SpeedTreeImporter (108)
[2015.12.18-19.03.49:607][822]LogModuleManager: Shutting down and abandoning module PluginBrowser (107)
[2015.12.18-19.03.49:610][822]LogModuleManager: Shutting down and abandoning module EpicSurvey (106)
[2015.12.18-19.03.49:616][822]LogModuleManager: Shutting down and abandoning module DesktopPlatform (105)
[2015.12.18-19.03.49:616][822]LogModuleManager: Shutting down and abandoning module VisualStudioSourceCodeAccess (104)
[2015.12.18-19.03.49:617][822]LogModuleManager: Shutting down and abandoning module UObjectPlugin (103)
[2015.12.18-19.03.49:617][822]LogModuleManager: Shutting down and abandoning module SubversionSourceControl (102)
[2015.12.18-19.03.49:620][822]LogModuleManager: Shutting down and abandoning module PerforceSourceControl (101)
[2015.12.18-19.03.49:629][822]LogModuleManager: Shutting down and abandoning module SourceControl (100)
[2015.12.18-19.03.49:635][822]LogModuleManager: Shutting down and abandoning module GitSourceControl (99)
[2015.12.18-19.03.49:636][822]LogModuleManager: Shutting down and abandoning module LightPropagationVolumeEditor (98)
[2015.12.18-19.03.49:636][822]LogModuleManager: Shutting down and abandoning module PaperTiledImporter (97)
[2015.12.18-19.03.49:636][822]LogModuleManager: Shutting down and abandoning module PaperSpriteSheetImporter (96)
[2015.12.18-19.03.49:636][822]LogModuleManager: Shutting down and abandoning module MeshPaint (95)
[2015.12.18-19.03.49:636][822]LogModuleManager: Shutting down and abandoning module SlateReflector (94)
[2015.12.18-19.03.49:638][822]LogModuleManager: Shutting down and abandoning module HotReload (93)
[2015.12.18-19.03.49:638][822]LogModuleManager: Shutting down and abandoning module MainFrame (92)
[2015.12.18-19.03.49:638][822]LogModuleManager: Shutting down and abandoning module LevelEditor (91)
[2015.12.18-19.03.49:641][822]LogModuleManager: Shutting down and abandoning module DirectoryWatcher (90)
[2015.12.18-19.03.49:644][822]LogModuleManager: Shutting down and abandoning module AssetRegistry (89)
[2015.12.18-19.03.49:744][822]LogModuleManager: Shutting down and abandoning module ContentBrowser (88)
[2015.12.18-19.03.49:745][822]LogModuleManager: Shutting down and abandoning module Paper2DEditor (87)
[2015.12.18-19.03.49:746][822]LogModuleManager: Shutting down and abandoning module UdpMessaging (86)
[2015.12.18-19.03.49:847][822]LogModuleManager: Shutting down and abandoning module LightPropagationVolumeRuntime (85)
[2015.12.18-19.03.49:847][822]LogModuleManager: Shutting down and abandoning module Paper2D (84)
[2015.12.18-19.03.49:847][822]LogModuleManager: Shutting down and abandoning module WindowsMoviePlayer (83)
[2015.12.18-19.03.49:851][822]LogModuleManager: Shutting down and abandoning module Media (82)
[2015.12.18-19.03.49:851][822]LogModuleManager: Shutting down and abandoning module WmfMedia (81)
[2015.12.18-19.03.49:852][822]LogModuleManager: Shutting down and abandoning module OnlineBlueprintSupport (80)
[2015.12.18-19.03.49:852][822]LogModuleManager: Shutting down and abandoning module GameplayTasksEditor (79)
[2015.12.18-19.03.49:852][822]LogModuleManager: Shutting down and abandoning module PropertyEditor (78)
[2015.12.18-19.03.49:852][822]LogModuleManager: Shutting down and abandoning module BehaviorTreeEditor (77)
[2015.12.18-19.03.49:854][822]LogModuleManager: Shutting down and abandoning module FunctionalTesting (76)
[2015.12.18-19.03.49:854][822]LogModuleManager: Shutting down and abandoning module CollisionAnalyzer (75)
[2015.12.18-19.03.49:854][822]LogModuleManager: Shutting down and abandoning module WorkspaceMenuStructure (74)
[2015.12.18-19.03.49:854][822]LogModuleManager: Shutting down and abandoning module MessageLog (73)
[2015.12.18-19.03.49:854][822]LogModuleManager: Shutting down and abandoning module Sequencer (72)
[2015.12.18-19.03.49:854][822]LogModuleManager: Shutting down and abandoning module AssetTools (71)
[2015.12.18-19.03.49:856][822]LogModuleManager: Shutting down and abandoning module UMGEditor (70)
[2015.12.18-19.03.49:856][822]LogModuleManager: Shutting down and abandoning module UMG (69)
[2015.12.18-19.03.49:856][822]LogModuleManager: Shutting down and abandoning module Slate (68)
[2015.12.18-19.03.49:856][822]LogModuleManager: Shutting down and abandoning module EditorStyle (67)
[2015.12.18-19.03.49:860][822]LogModuleManager: Shutting down and abandoning module SessionServices (66)
[2015.12.18-19.03.49:860][822]LogModuleManager: Shutting down and abandoning module SourceCodeAccess (65)
[2015.12.18-19.03.49:860][822]LogModuleManager: Shutting down and abandoning module HeadMountedDisplay (64)
[2015.12.18-19.03.49:860][822]LogModuleManager: Shutting down and abandoning module XAudio2 (63)
[2015.12.18-19.03.49:860][822]LogModuleManager: Shutting down and abandoning module Networking (61)
[2015.12.18-19.03.49:860][822]LogModuleManager: Shutting down and abandoning module Core (60)
[2015.12.18-19.03.49:860][822]LogModuleManager: Shutting down and abandoning module KismetCompiler (59)
[2015.12.18-19.03.49:860][822]LogModuleManager: Shutting down and abandoning module PhysXFormats (58)
[2015.12.18-19.03.49:860][822]LogModuleManager: Shutting down and abandoning module MeshUtilities (57)
[2015.12.18-19.03.49:861][822]LogModuleManager: Shutting down and abandoning module DerivedDataCache (56)
[2015.12.18-19.03.49:904][822]LogDerivedDataCache: Shutdown
[2015.12.18-19.03.49:904][822]LogModuleManager: Shutting down and abandoning module ShaderFormatOpenGL (55)
[2015.12.18-19.03.49:905][822]LogModuleManager: Shutting down and abandoning module ShaderFormatD3D (54)
[2015.12.18-19.03.49:906][822]LogModuleManager: Shutting down and abandoning module MetalShaderFormat (53)
[2015.12.18-19.03.49:906][822]LogModuleManager: Shutting down and abandoning module TextureFormatUncompressed (52)
[2015.12.18-19.03.49:906][822]LogModuleManager: Shutting down and abandoning module TextureFormatPVR (51)
[2015.12.18-19.03.49:907][822]LogModuleManager: Shutting down and abandoning module TextureFormatIntelISPCTexComp (50)
[2015.12.18-19.03.49:907][822]LogModuleManager: Shutting down and abandoning module TextureFormatDXT (49)
[2015.12.18-19.03.49:907][822]LogModuleManager: Shutting down and abandoning module ImageWrapper (48)
[2015.12.18-19.03.49:907][822]LogModuleManager: Shutting down and abandoning module TextureFormatASTC (47)
[2015.12.18-19.03.49:907][822]LogModuleManager: Shutting down and abandoning module TextureFormatAndroid (46)
[2015.12.18-19.03.49:907][822]LogModuleManager: Shutting down and abandoning module AudioFormatOpus (45)
[2015.12.18-19.03.49:907][822]LogModuleManager: Shutting down and abandoning module AudioFormatOgg (44)
[2015.12.18-19.03.49:908][822]LogModuleManager: Shutting down and abandoning module AudioFormatADPCM (43)
[2015.12.18-19.03.49:908][822]LogModuleManager: Shutting down and abandoning module LinuxTargetPlatform (42)
[2015.12.18-19.03.49:909][822]LogModuleManager: Shutting down and abandoning module LinuxServerTargetPlatform (41)
[2015.12.18-19.03.49:909][822]LogModuleManager: Shutting down and abandoning module LinuxNoEditorTargetPlatform (40)
[2015.12.18-19.03.49:910][822]LogModuleManager: Shutting down and abandoning module Messaging (39)
[2015.12.18-19.03.49:910][822]LogModuleManager: Shutting down and abandoning module IOSTargetPlatform (38)
[2015.12.18-19.03.49:910][822]LogModuleManager: Shutting down and abandoning module HTML5TargetPlatform (37)
[2015.12.18-19.03.49:910][822]LogModuleManager: Shutting down and abandoning module Android_PVRTCTargetPlatform (36)
[2015.12.18-19.03.49:910][822]LogModuleManager: Shutting down and abandoning module Android_MultiTargetPlatform (35)
[2015.12.18-19.03.49:910][822]LogModuleManager: Shutting down and abandoning module Android_ETC2TargetPlatform (34)
[2015.12.18-19.03.49:910][822]LogModuleManager: Shutting down and abandoning module Android_ETC1TargetPlatform (33)
[2015.12.18-19.03.49:910][822]LogModuleManager: Shutting down and abandoning module Android_DXTTargetPlatform (32)
[2015.12.18-19.03.49:910][822]LogModuleManager: Shutting down and abandoning module Android_ATCTargetPlatform (31)
[2015.12.18-19.03.49:910][822]LogModuleManager: Shutting down and abandoning module Android_ASTCTargetPlatform (30)
[2015.12.18-19.03.49:910][822]LogModuleManager: Shutting down and abandoning module AndroidTargetPlatform (29)
[2015.12.18-19.03.49:910][822]LogModuleManager: Shutting down and abandoning module WindowsTargetPlatform (28)
[2015.12.18-19.03.49:911][822]LogModuleManager: Shutting down and abandoning module WindowsServerTargetPlatform (27)
[2015.12.18-19.03.49:911][822]LogModuleManager: Shutting down and abandoning module WindowsNoEditorTargetPlatform (26)
[2015.12.18-19.03.49:911][822]LogModuleManager: Shutting down and abandoning module WindowsClientTargetPlatform (25)
[2015.12.18-19.03.49:912][822]LogModuleManager: Shutting down and abandoning module AllDesktopTargetPlatform (24)
[2015.12.18-19.03.49:912][822]LogModuleManager: Shutting down and abandoning module TargetPlatform (23)
[2015.12.18-19.03.49:912][822]LogModuleManager: Shutting down and abandoning module InputCore (22)
[2015.12.18-19.03.49:912][822]LogModuleManager: Shutting down and abandoning module Settings (21)
[2015.12.18-19.03.49:913][822]LogModuleManager: Shutting down and abandoning module OnlineSubsystem (19)
[2015.12.18-19.03.49:913][822]LogModuleManager: Shutting down and abandoning module HTTP (18)
[2015.12.18-19.03.50:914][822]LogModuleManager: Shutting down and abandoning module XMPP (17)
[2015.12.18-19.03.50:916][822]LogModuleManager: Shutting down and abandoning module OculusRift (16)
[2015.12.18-19.03.50:917][822]LogModuleManager: Shutting down and abandoning module ExampleDeviceProfileSelector (15)
[2015.12.18-19.03.50:917][822]LogModuleManager: Shutting down and abandoning module TextureCompressor (14)
[2015.12.18-19.03.50:918][822]LogModuleManager: Shutting down and abandoning module ShaderCore (13)
[2015.12.18-19.03.50:918][822]LogModuleManager: Shutting down and abandoning module Landscape (12)
[2015.12.18-19.03.50:918][822]LogModuleManager: Shutting down and abandoning module SlateRHIRenderer (11)
[2015.12.18-19.03.50:921][822]LogModuleManager: Shutting down and abandoning module OpenGLDrv (10)
[2015.12.18-19.03.50:921][822]LogModuleManager: Shutting down and abandoning module D3D11RHI (9)
[2015.12.18-19.03.50:921][822]LogModuleManager: Shutting down and abandoning module AnimGraphRuntime (8)
[2015.12.18-19.03.50:921][822]LogModuleManager: Shutting down and abandoning module Renderer (7)
[2015.12.18-19.03.50:921][822]LogModuleManager: Shutting down and abandoning module Engine (6)
[2015.12.18-19.03.50:921][822]LogModuleManager: Shutting down and abandoning module CoreUObject (5)
[2015.12.18-19.03.50:921][822]LogModuleManager: Shutting down and abandoning module NetworkFile (4)
[2015.12.18-19.03.50:922][822]LogModuleManager: Shutting down and abandoning module StreamingFile (3)
[2015.12.18-19.03.50:922][822]LogModuleManager: Shutting down and abandoning module SandboxFile (2)
[2015.12.18-19.03.50:922][822]LogModuleManager: Shutting down and abandoning module PakFile (1)
[2015.12.18-19.03.50:925][822]LogExit: Exiting.
[2015.12.18-19.03.50:960][822]Log file closed, 12/18/15 14:03:50
