[2015.12.18-15.09.45:751][  0]Log file open, 12/18/15 10:09:45
[2015.12.18-15.09.45:751][  0]LogInit:Display: Running engine for game: essai
[2015.12.18-15.09.45:751][  0]LogPlatformFile: Not using cached read wrapper
[2015.12.18-15.09.45:751][  0]LogInit:Display: RandInit(-1500378321) SRandInit(-1500378319).
[2015.12.18-15.09.45:751][  0]LogTaskGraph: Started task graph with 4 named threads and 7 total threads.
[2015.12.18-15.09.45:751][  0]LogStats: Stats thread started at 0.095300
[2015.12.18-15.09.45:751][  0]LogInit: Version: 4.10.1-2791327+++depot+UE4-Releases+4.10
[2015.12.18-15.09.45:751][  0]LogInit: API Version: 2758231
[2015.12.18-15.09.45:751][  0]LogInit: Compiled (64-bit): Dec  4 2015 19:44:40
[2015.12.18-15.09.45:751][  0]LogInit: Compiled with Visual C++: 19.00.23026.00
[2015.12.18-15.09.45:751][  0]LogInit: Build Configuration: Development
[2015.12.18-15.09.45:751][  0]LogInit: Branch Name: ++depot+UE4-Releases+4.10
[2015.12.18-15.09.45:751][  0]LogInit: Command line: 
[2015.12.18-15.09.45:751][  0]LogInit: Base directory: C:/Program Files/Epic Games/4.10/Engine/Binaries/Win64/
[2015.12.18-15.09.45:751][  0]LogInit: Rocket: 1
[2015.12.18-15.09.45:760][  0]LogInit: Using libcurl 7.41.0
[2015.12.18-15.09.45:760][  0]LogInit:  - built for x86_64-pc-win32
[2015.12.18-15.09.45:760][  0]LogInit:  - supports SSL with WinSSL
[2015.12.18-15.09.45:760][  0]LogInit:  - other features:
[2015.12.18-15.09.45:760][  0]LogInit:      CURL_VERSION_SSL
[2015.12.18-15.09.45:760][  0]LogInit:      CURL_VERSION_IPV6
[2015.12.18-15.09.45:760][  0]LogInit:      CURL_VERSION_ASYNCHDNS
[2015.12.18-15.09.45:760][  0]LogInit:      CURL_VERSION_LARGEFILE
[2015.12.18-15.09.45:760][  0]LogInit:      CURL_VERSION_IDN
[2015.12.18-15.09.45:760][  0]LogInit:  CurlRequestOptions (configurable via config and command line):
[2015.12.18-15.09.45:760][  0]LogInit:  - bVerifyPeer = true  - Libcurl will verify peer certificate
[2015.12.18-15.09.45:760][  0]LogInit:  - bUseHttpProxy = false  - Libcurl will NOT use HTTP proxy
[2015.12.18-15.09.45:760][  0]LogInit:  - bDontReuseConnections = false  - Libcurl will reuse connections
[2015.12.18-15.09.45:760][  0]LogInit:  - CertBundlePath = nullptr  - Libcurl will use whatever was configured at build time.
[2015.12.18-15.09.45:769][  0]LogInit: Presizing for 0 objects not considered by GC, pre-allocating 0 bytes.
[2015.12.18-15.09.45:777][  0]LogInit: Object subsystem initialized
[2015.12.18-15.09.45:780][  0]LogInit: Selected Device Profile: [Windows]
[2015.12.18-15.09.45:780][  0]LogInit: Applying CVar settings loaded from the selected device profile: [Windows]
[2015.12.18-15.09.45:787][  0]LogInit: Computer: LABAGUETTE
[2015.12.18-15.09.45:787][  0]LogInit: User: Mathieu
[2015.12.18-15.09.45:787][  0]LogInit: CPU Page size=4096, Cores=4
[2015.12.18-15.09.45:787][  0]LogInit: High frequency timer resolution =2.338447 MHz
[2015.12.18-15.09.45:787][  0]LogMemory: Memory total: Physical=7.7GB (8GB approx)
[2015.12.18-15.09.45:787][  0]LogMemory: Platform Memory Stats for Windows
[2015.12.18-15.09.45:787][  0]LogMemory: Process Physical Memory: 54.88 MB used, 54.88 MB peak
[2015.12.18-15.09.45:787][  0]LogMemory: Process Virtual Memory: 56.89 MB used, 56.89 MB peak
[2015.12.18-15.09.45:787][  0]LogMemory: Physical Memory: 4460.81 MB used, 7888.79 MB total
[2015.12.18-15.09.45:787][  0]LogMemory: Virtual Memory: 368.47 MB used, 134217728.00 MB total
[2015.12.18-15.09.45:834][  0]LogTextLocalizationManager: No specific translations for ('en-CA') exist, so ('en') translations will be used.
[2015.12.18-15.09.46:330][  0]LogD3D11RHI: Found D3D11 adapter 0: NVIDIA NVS 5400M     (Feature Level 11_0)
[2015.12.18-15.09.46:330][  0]LogD3D11RHI: Adapter has 973MB of dedicated video memory, 0MB of dedicated system memory, and 3071MB of shared system memory, 1 output[s]
[2015.12.18-15.09.46:354][  0]LogD3D11RHI: Found D3D11 adapter 1: NVIDIA NVS 5400M     (Feature Level 11_0)
[2015.12.18-15.09.46:354][  0]LogD3D11RHI: Adapter has 973MB of dedicated video memory, 0MB of dedicated system memory, and 3071MB of shared system memory, 0 output[s]
[2015.12.18-15.09.46:356][  0]LogD3D11RHI: Found D3D11 adapter 2: Microsoft Basic Render Driver (Feature Level 11_0)
[2015.12.18-15.09.46:356][  0]LogD3D11RHI: Adapter has 973MB of dedicated video memory, 0MB of dedicated system memory, and 3071MB of shared system memory, 0 output[s]
[2015.12.18-15.09.46:356][  0]LogD3D11RHI: Chosen D3D11 Adapter Id = 0
[2015.12.18-15.09.46:362][  0]LogD3D11RHI: !Direct3DDevice
[2015.12.18-15.09.46:362][  0]LogRHI: Texture pool is 1361 MB (70% of 1945 MB)
[2015.12.18-15.09.46:376][  0]LogD3D11RHI: Async texture creation enabled
[2015.12.18-15.09.46:394][  0]LogShaderCompilers: Guid format shader working directory is -16 characters bigger than the processId version (../../../../../../Users/Mathieu/Documents/Unreal Projects/essai/Intermediate/Shaders/WorkingDirectory/13584/).
[2015.12.18-15.09.46:394][  0]LogShaderCompilers: Cleaned the shader compiler working directory 'C:/Users/Mathieu/AppData/Local/Temp/UnrealShaderWorkingDir/FAE4B5764F1D99C8D1619CADEF30CA7D/'.
[2015.12.18-15.09.46:394][  0]LogShaderCompilers:Display: Using Local Shader Compiler.
[2015.12.18-15.09.47:451][  0]LogTemp:Display: Loaded TP AllDesktopTargetPlatform
[2015.12.18-15.09.47:457][  0]LogTemp:Display: Loaded TP WindowsClientTargetPlatform
[2015.12.18-15.09.47:463][  0]LogTemp:Display: Loaded TP WindowsNoEditorTargetPlatform
[2015.12.18-15.09.47:469][  0]LogTemp:Display: Loaded TP WindowsServerTargetPlatform
[2015.12.18-15.09.47:475][  0]LogTemp:Display: Loaded TP WindowsTargetPlatform
[2015.12.18-15.09.47:479][  0]LogTemp:Display: Loaded TP AndroidTargetPlatform
[2015.12.18-15.09.47:483][  0]LogTemp:Display: Loaded TP Android_ASTCTargetPlatform
[2015.12.18-15.09.47:487][  0]LogTemp:Display: Loaded TP Android_ATCTargetPlatform
[2015.12.18-15.09.47:491][  0]LogTemp:Display: Loaded TP Android_DXTTargetPlatform
[2015.12.18-15.09.47:495][  0]LogTemp:Display: Loaded TP Android_ETC1TargetPlatform
[2015.12.18-15.09.47:499][  0]LogTemp:Display: Loaded TP Android_ETC2TargetPlatform
[2015.12.18-15.09.47:507][  0]LogTemp:Display: Loaded TP Android_MultiTargetPlatform
[2015.12.18-15.09.47:507][  0]LogTemp:Display: Loaded TP Android_PVRTCTargetPlatform
[2015.12.18-15.09.47:508][  0]LogTemp:Display: Loaded TP HTML5TargetPlatform
[2015.12.18-15.09.47:527][  0]LogTemp:Display: Loaded TP IOSTargetPlatform
[2015.12.18-15.09.47:530][  0]LogTemp:Display: Loaded TP LinuxNoEditorTargetPlatform
[2015.12.18-15.09.47:534][  0]LogTemp:Display: Loaded TP LinuxServerTargetPlatform
[2015.12.18-15.09.47:538][  0]LogTemp:Display: Loaded TP LinuxTargetPlatform
[2015.12.18-15.09.47:538][  0]LogTargetPlatformManager:Display: Building Assets For Windows
[2015.12.18-15.09.47:654][  0]LogDerivedDataCache:Display: Max Cache Size: 512 MB
[2015.12.18-15.09.47:707][  0]LogDerivedDataCache: Loaded boot cache 0.05s 41MB C:/Users/Mathieu/AppData/Local/UnrealEngine/4.10/DerivedDataCache/Boot.ddc.
[2015.12.18-15.09.47:707][  0]LogDerivedDataCache:Display: Loaded Boot cache: C:/Users/Mathieu/AppData/Local/UnrealEngine/4.10/DerivedDataCache/Boot.ddc
[2015.12.18-15.09.47:707][  0]LogDerivedDataCache: FDerivedDataBackendGraph:  Pak pak cache file ../../../../../../Users/Mathieu/Documents/Unreal Projects/essai/DerivedDataCache/DDC.ddp not found, will not use a pak cache.
[2015.12.18-15.09.47:707][  0]LogDerivedDataCache: Unable to find inner node Pak for hierarchical cache Hierarchy.
[2015.12.18-15.09.47:707][  0]LogDerivedDataCache: FDerivedDataBackendGraph:  CompressedPak pak cache file ../../../../../../Users/Mathieu/Documents/Unreal Projects/essai/DerivedDataCache/Compressed.ddp not found, will not use a pak cache.
[2015.12.18-15.09.47:707][  0]LogDerivedDataCache: Unable to find inner node CompressedPak for hierarchical cache Hierarchy.
[2015.12.18-15.09.47:768][  0]LogDerivedDataCache:Display: Pak cache opened for reading ../../../Engine/DerivedDataCache/Compressed.ddp.
[2015.12.18-15.09.47:780][  0]LogDerivedDataCache: Using Local data cache path C:/Users/Mathieu/AppData/Local/UnrealEngine/Common/DerivedDataCache: Writable
[2015.12.18-15.09.48:017][  0]LogInit: Selected Device Profile: [Windows]
[2015.12.18-15.09.48:020][  0]LogContentStreaming: Texture pool size is 0.000000MB
[2015.12.18-15.09.48:145][  0]LogMeshUtilities: No automatic mesh reduction module available
[2015.12.18-15.09.48:145][  0]LogMeshUtilities: No automatic mesh merging module available
[2015.12.18-15.09.48:413][  0]LogInit: WinSock: version 1.1 (2.2), MaxSocks=32767, MaxUdp=65467
[2015.12.18-15.09.49:563][  0]UdpMessaging: Initializing bridge on interface 0.0.0.0:0 to multicast group 230.0.0.1:6666.
[2015.12.18-15.09.49:675][  0]LogAssetRegistry: FAssetRegistry took 0.0110 seconds to start up
[2015.12.18-15.09.49:878][  0]SourceControl: Info Source control is disabled
[2015.12.18-15.09.49:953][  0]SourceControl: Info Source control is disabled
[2015.12.18-15.09.49:974][  0]SourceControl: Info Source control is disabled
[2015.12.18-15.09.49:995][  0]SourceControl: Info Source control is disabled
[2015.12.18-15.09.50:381][  0]LogObj: 28633 objects as part of root set at end of initial load.
[2015.12.18-15.09.50:381][  0]LogUObjectAllocator: 6099744 out of 0 bytes used by permanent object pool.
[2015.12.18-15.09.50:443][  0]LogEngine: Initializing Engine...
[2015.12.18-15.09.50:447][  0]LogHMD: Can't find Oculus library dev build: is proper Runtime installed? Version: 0.8.0.0
[2015.12.18-15.09.50:448][  0]LogHMD: SteamVR failed to initialize.  Err: 110
[2015.12.18-15.09.50:580][  0]LogAIModule: Creating AISystem for world NewWorld
[2015.12.18-15.09.50:586][  0]LogInit: XAudio2 using 'Headphones (High Definition Audio Device)' : 2 channels at 44.1 kHz using 16 bits per sample (channel mask 0x3)
[2015.12.18-15.09.50:599][  0]LogInit: FAudioDevice initialized.
[2015.12.18-15.09.50:623][  0]LogDerivedDataCache: Saved boot cache 0.02s 41MB C:/Users/Mathieu/AppData/Local/UnrealEngine/4.10/DerivedDataCache/Boot.ddc.
[2015.12.18-15.09.50:626][  0]LogInit: Texture streaming: Enabled
[2015.12.18-15.09.50:633][  0]LogAnalytics: Creating configured Analytics provider AnalyticsET
[2015.12.18-15.09.50:633][  0]LogAnalytics: [UEEditor.Rocket.Release] APIServer = http://et2.epicgames.com/ET2/. AppVersion = 4.10.1-2791327+++depot+UE4-Releases+4.10
[2015.12.18-15.09.50:634][  0]LogAnalytics: [UEEditor.Rocket.Release] SetUserId dca4fec74d4e3c1ff6b015804794b88a|121a6ec79910484cb2ff136d0597de7f|315e9ff7-8e3a-48f8-92e8-2458b76a9466
[2015.12.18-15.09.50:634][  0]LogAnalytics: [UEEditor.Rocket.Release] AnalyticsET::StartSession
[2015.12.18-15.09.50:650][  0]LogWindowsTextInputMethodSystem:Display: IME system now deactivated.
[2015.12.18-15.09.50:708][  0]LogInit: Transaction tracking system initialized
[2015.12.18-15.09.50:752][  0]BlueprintLog: New page: Editor Load
[2015.12.18-15.09.51:306][  0]LocalizationService: Info Localization service is disabled
[2015.12.18-15.09.51:517][  0]LogConsoleResponse:Display: 
[2015.12.18-15.09.51:653][  0]LogCook:Display: Done creating registry. It took  0.00s.
[2015.12.18-15.09.51:753][  0]LogFileCache: Scanning file cache for directory 'C:/Users/Mathieu/Documents/Unreal Projects/essai/Content/' took 0.01s
[2015.12.18-15.09.51:754][  0]SourceControl: Info Source control is disabled
[2015.12.18-15.09.51:755][  0]LogFactory: FactoryCreateBinary: PackFactory with PackFactory (0 0 C:/Program Files/Epic Games/4.10/FeaturePacks/StarterContent.upack)
[2015.12.18-15.09.51:765][  0]LogPackFactory: Finished extracting 8 files (including 0 errors).
[2015.12.18-15.09.51:772][  0]LogPackFactory: Copied "../../../Samples/StarterContent/Content/StarterContent/Architecture/Floor_400x400.uasset" to "../../../../../../Users/Mathieu/Documents/Unreal Projects/essai/Content/StarterContent/Architecture/Floor_400x400.uasset"
[2015.12.18-15.09.51:774][  0]LogPackFactory: Copied "../../../Samples/StarterContent/Content/StarterContent/Architecture/Pillar_50x500.uasset" to "../../../../../../Users/Mathieu/Documents/Unreal Projects/essai/Content/StarterContent/Architecture/Pillar_50x500.uasset"
[2015.12.18-15.09.51:777][  0]LogPackFactory: Copied "../../../Samples/StarterContent/Content/StarterContent/Architecture/SM_AssetPlatform.uasset" to "../../../../../../Users/Mathieu/Documents/Unreal Projects/essai/Content/StarterContent/Architecture/SM_AssetPlatform.uasset"
[2015.12.18-15.09.51:779][  0]LogPackFactory: Copied "../../../Samples/StarterContent/Content/StarterContent/Architecture/Wall_400x200.uasset" to "../../../../../../Users/Mathieu/Documents/Unreal Projects/essai/Content/StarterContent/Architecture/Wall_400x200.uasset"
[2015.12.18-15.09.51:780][  0]LogPackFactory: Copied "../../../Samples/StarterContent/Content/StarterContent/Architecture/Wall_400x300.uasset" to "../../../../../../Users/Mathieu/Documents/Unreal Projects/essai/Content/StarterContent/Architecture/Wall_400x300.uasset"
[2015.12.18-15.09.51:782][  0]LogPackFactory: Copied "../../../Samples/StarterContent/Content/StarterContent/Architecture/Wall_400x400.uasset" to "../../../../../../Users/Mathieu/Documents/Unreal Projects/essai/Content/StarterContent/Architecture/Wall_400x400.uasset"
[2015.12.18-15.09.51:783][  0]LogPackFactory: Copied "../../../Samples/StarterContent/Content/StarterContent/Architecture/Wall_500x500.uasset" to "../../../../../../Users/Mathieu/Documents/Unreal Projects/essai/Content/StarterContent/Architecture/Wall_500x500.uasset"
[2015.12.18-15.09.51:785][  0]LogPackFactory: Copied "../../../Samples/StarterContent/Content/StarterContent/Architecture/Wall_Door_400x300.uasset" to "../../../../../../Users/Mathieu/Documents/Unreal Projects/essai/Content/StarterContent/Architecture/Wall_Door_400x300.uasset"
[2015.12.18-15.09.51:786][  0]LogPackFactory: Copied "../../../Samples/StarterContent/Content/StarterContent/Architecture/Wall_Door_400x400.uasset" to "../../../../../../Users/Mathieu/Documents/Unreal Projects/essai/Content/StarterContent/Architecture/Wall_Door_400x400.uasset"
[2015.12.18-15.09.51:788][  0]LogPackFactory: Copied "../../../Samples/StarterContent/Content/StarterContent/Architecture/Wall_Window_400x300.uasset" to "../../../../../../Users/Mathieu/Documents/Unreal Projects/essai/Content/StarterContent/Architecture/Wall_Window_400x300.uasset"
[2015.12.18-15.09.51:790][  0]LogPackFactory: Copied "../../../Samples/StarterContent/Content/StarterContent/Architecture/Wall_Window_400x400.uasset" to "../../../../../../Users/Mathieu/Documents/Unreal Projects/essai/Content/StarterContent/Architecture/Wall_Window_400x400.uasset"
[2015.12.18-15.09.51:791][  0]LogPackFactory: Copied "../../../Samples/StarterContent/Content/StarterContent/Audio/Collapse01.uasset" to "../../../../../../Users/Mathieu/Documents/Unreal Projects/essai/Content/StarterContent/Audio/Collapse01.uasset"
[2015.12.18-15.09.51:793][  0]LogPackFactory: Copied "../../../Samples/StarterContent/Content/StarterContent/Audio/Collapse02.uasset" to "../../../../../../Users/Mathieu/Documents/Unreal Projects/essai/Content/StarterContent/Audio/Collapse02.uasset"
[2015.12.18-15.09.51:796][  0]LogPackFactory: Copied "../../../Samples/StarterContent/Content/StarterContent/Audio/Collapse_Cue.uasset" to "../../../../../../Users/Mathieu/Documents/Unreal Projects/essai/Content/StarterContent/Audio/Collapse_Cue.uasset"
[2015.12.18-15.09.51:798][  0]LogPackFactory: Copied "../../../Samples/StarterContent/Content/StarterContent/Audio/Explosion01.uasset" to "../../../../../../Users/Mathieu/Documents/Unreal Projects/essai/Content/StarterContent/Audio/Explosion01.uasset"
[2015.12.18-15.09.51:800][  0]LogPackFactory: Copied "../../../Samples/StarterContent/Content/StarterContent/Audio/Explosion02.uasset" to "../../../../../../Users/Mathieu/Documents/Unreal Projects/essai/Content/StarterContent/Audio/Explosion02.uasset"
[2015.12.18-15.09.51:802][  0]LogPackFactory: Copied "../../../Samples/StarterContent/Content/StarterContent/Audio/Explosion_Cue.uasset" to "../../../../../../Users/Mathieu/Documents/Unreal Projects/essai/Content/StarterContent/Audio/Explosion_Cue.uasset"
[2015.12.18-15.09.51:805][  0]LogPackFactory: Copied "../../../Samples/StarterContent/Content/StarterContent/Audio/Fire01.uasset" to "../../../../../../Users/Mathieu/Documents/Unreal Projects/essai/Content/StarterContent/Audio/Fire01.uasset"
[2015.12.18-15.09.51:806][  0]LogPackFactory: Copied "../../../Samples/StarterContent/Content/StarterContent/Audio/Fire01_Cue.uasset" to "../../../../../../Users/Mathieu/Documents/Unreal Projects/essai/Content/StarterContent/Audio/Fire01_Cue.uasset"
[2015.12.18-15.09.51:808][  0]LogPackFactory: Copied "../../../Samples/StarterContent/Content/StarterContent/Audio/Fire_Sparks01.uasset" to "../../../../../../Users/Mathieu/Documents/Unreal Projects/essai/Content/StarterContent/Audio/Fire_Sparks01.uasset"
[2015.12.18-15.09.51:809][  0]LogPackFactory: Copied "../../../Samples/StarterContent/Content/StarterContent/Audio/Fire_Sparks01_Cue.uasset" to "../../../../../../Users/Mathieu/Documents/Unreal Projects/essai/Content/StarterContent/Audio/Fire_Sparks01_Cue.uasset"
[2015.12.18-15.09.51:811][  0]LogPackFactory: Copied "../../../Samples/StarterContent/Content/StarterContent/Audio/Light01.uasset" to "../../../../../../Users/Mathieu/Documents/Unreal Projects/essai/Content/StarterContent/Audio/Light01.uasset"
[2015.12.18-15.09.51:812][  0]LogPackFactory: Copied "../../../Samples/StarterContent/Content/StarterContent/Audio/Light01_Cue.uasset" to "../../../../../../Users/Mathieu/Documents/Unreal Projects/essai/Content/StarterContent/Audio/Light01_Cue.uasset"
[2015.12.18-15.09.51:814][  0]LogPackFactory: Copied "../../../Samples/StarterContent/Content/StarterContent/Audio/Light02.uasset" to "../../../../../../Users/Mathieu/Documents/Unreal Projects/essai/Content/StarterContent/Audio/Light02.uasset"
[2015.12.18-15.09.51:815][  0]LogPackFactory: Copied "../../../Samples/StarterContent/Content/StarterContent/Audio/Light02_Cue.uasset" to "../../../../../../Users/Mathieu/Documents/Unreal Projects/essai/Content/StarterContent/Audio/Light02_Cue.uasset"
[2015.12.18-15.09.51:817][  0]LogPackFactory: Copied "../../../Samples/StarterContent/Content/StarterContent/Audio/Smoke01.uasset" to "../../../../../../Users/Mathieu/Documents/Unreal Projects/essai/Content/StarterContent/Audio/Smoke01.uasset"
[2015.12.18-15.09.51:819][  0]LogPackFactory: Copied "../../../Samples/StarterContent/Content/StarterContent/Audio/Smoke01_Cue.uasset" to "../../../../../../Users/Mathieu/Documents/Unreal Projects/essai/Content/StarterContent/Audio/Smoke01_Cue.uasset"
[2015.12.18-15.09.51:820][  0]LogPackFactory: Copied "../../../Samples/StarterContent/Content/StarterContent/Audio/Starter_Background_Cue.uasset" to "../../../../../../Users/Mathieu/Documents/Unreal Projects/essai/Content/StarterContent/Audio/Starter_Background_Cue.uasset"
[2015.12.18-15.09.51:825][  0]LogPackFactory: Copied "../../../Samples/StarterContent/Content/StarterContent/Audio/Starter_Birds01.uasset" to "../../../../../../Users/Mathieu/Documents/Unreal Projects/essai/Content/StarterContent/Audio/Starter_Birds01.uasset"
[2015.12.18-15.09.51:838][  0]LogPackFactory: Copied "../../../Samples/StarterContent/Content/StarterContent/Audio/Starter_Music01.uasset" to "../../../../../../Users/Mathieu/Documents/Unreal Projects/essai/Content/StarterContent/Audio/Starter_Music01.uasset"
[2015.12.18-15.09.51:840][  0]LogPackFactory: Copied "../../../Samples/StarterContent/Content/StarterContent/Audio/Starter_Music_Cue.uasset" to "../../../../../../Users/Mathieu/Documents/Unreal Projects/essai/Content/StarterContent/Audio/Starter_Music_Cue.uasset"
[2015.12.18-15.09.51:845][  0]LogPackFactory: Copied "../../../Samples/StarterContent/Content/StarterContent/Audio/Starter_Wind05.uasset" to "../../../../../../Users/Mathieu/Documents/Unreal Projects/essai/Content/StarterContent/Audio/Starter_Wind05.uasset"
[2015.12.18-15.09.51:852][  0]LogPackFactory: Copied "../../../Samples/StarterContent/Content/StarterContent/Audio/Starter_Wind06.uasset" to "../../../../../../Users/Mathieu/Documents/Unreal Projects/essai/Content/StarterContent/Audio/Starter_Wind06.uasset"
[2015.12.18-15.09.51:854][  0]LogPackFactory: Copied "../../../Samples/StarterContent/Content/StarterContent/Audio/Steam01.uasset" to "../../../../../../Users/Mathieu/Documents/Unreal Projects/essai/Content/StarterContent/Audio/Steam01.uasset"
[2015.12.18-15.09.51:855][  0]LogPackFactory: Copied "../../../Samples/StarterContent/Content/StarterContent/Audio/Steam01_Cue.uasset" to "../../../../../../Users/Mathieu/Documents/Unreal Projects/essai/Content/StarterContent/Audio/Steam01_Cue.uasset"
[2015.12.18-15.09.51:857][  0]LogPackFactory: Copied "../../../Samples/StarterContent/Content/StarterContent/Blueprints/Blueprint_CeilingLight.uasset" to "../../../../../../Users/Mathieu/Documents/Unreal Projects/essai/Content/StarterContent/Blueprints/Blueprint_CeilingLight.uasset"
[2015.12.18-15.09.51:858][  0]LogPackFactory: Copied "../../../Samples/StarterContent/Content/StarterContent/Blueprints/Blueprint_Effect_Explosion.uasset" to "../../../../../../Users/Mathieu/Documents/Unreal Projects/essai/Content/StarterContent/Blueprints/Blueprint_Effect_Explosion.uasset"
[2015.12.18-15.09.51:861][  0]LogPackFactory: Copied "../../../Samples/StarterContent/Content/StarterContent/Blueprints/Blueprint_Effect_Fire.uasset" to "../../../../../../Users/Mathieu/Documents/Unreal Projects/essai/Content/StarterContent/Blueprints/Blueprint_Effect_Fire.uasset"
[2015.12.18-15.09.51:864][  0]LogPackFactory: Copied "../../../Samples/StarterContent/Content/StarterContent/Blueprints/Blueprint_Effect_Smoke.uasset" to "../../../../../../Users/Mathieu/Documents/Unreal Projects/essai/Content/StarterContent/Blueprints/Blueprint_Effect_Smoke.uasset"
[2015.12.18-15.09.51:865][  0]LogPackFactory: Copied "../../../Samples/StarterContent/Content/StarterContent/Blueprints/Blueprint_Effect_Sparks.uasset" to "../../../../../../Users/Mathieu/Documents/Unreal Projects/essai/Content/StarterContent/Blueprints/Blueprint_Effect_Sparks.uasset"
[2015.12.18-15.09.51:866][  0]LogPackFactory: Copied "../../../Samples/StarterContent/Content/StarterContent/Blueprints/Blueprint_Effect_Steam.uasset" to "../../../../../../Users/Mathieu/Documents/Unreal Projects/essai/Content/StarterContent/Blueprints/Blueprint_Effect_Steam.uasset"
[2015.12.18-15.09.51:869][  0]LogPackFactory: Copied "../../../Samples/StarterContent/Content/StarterContent/Blueprints/Blueprint_WallSconce.uasset" to "../../../../../../Users/Mathieu/Documents/Unreal Projects/essai/Content/StarterContent/Blueprints/Blueprint_WallSconce.uasset"
[2015.12.18-15.09.51:870][  0]LogPackFactory: Copied "../../../Samples/StarterContent/Content/StarterContent/Blueprints/BP_LightStudio.uasset" to "../../../../../../Users/Mathieu/Documents/Unreal Projects/essai/Content/StarterContent/Blueprints/BP_LightStudio.uasset"
[2015.12.18-15.09.51:876][  0]LogPackFactory: Copied "../../../Samples/StarterContent/Content/StarterContent/Blueprints/Assets/FogBrightnessLUT.uasset" to "../../../../../../Users/Mathieu/Documents/Unreal Projects/essai/Content/StarterContent/Blueprints/Assets/FogBrightnessLUT.uasset"
[2015.12.18-15.09.51:880][  0]LogPackFactory: Copied "../../../Samples/StarterContent/Content/StarterContent/Blueprints/Assets/M_LightStage_Arrows.uasset" to "../../../../../../Users/Mathieu/Documents/Unreal Projects/essai/Content/StarterContent/Blueprints/Assets/M_LightStage_Arrows.uasset"
[2015.12.18-15.09.51:886][  0]LogPackFactory: Copied "../../../Samples/StarterContent/Content/StarterContent/Blueprints/Assets/M_LightStage_Skybox_Black.uasset" to "../../../../../../Users/Mathieu/Documents/Unreal Projects/essai/Content/StarterContent/Blueprints/Assets/M_LightStage_Skybox_Black.uasset"
[2015.12.18-15.09.51:890][  0]LogPackFactory: Copied "../../../Samples/StarterContent/Content/StarterContent/Blueprints/Assets/M_LightStage_Skybox_HDRI.uasset" to "../../../../../../Users/Mathieu/Documents/Unreal Projects/essai/Content/StarterContent/Blueprints/Assets/M_LightStage_Skybox_HDRI.uasset"
[2015.12.18-15.09.51:891][  0]LogPackFactory: Copied "../../../Samples/StarterContent/Content/StarterContent/Blueprints/Assets/M_LightStage_Skybox_Master.uasset" to "../../../../../../Users/Mathieu/Documents/Unreal Projects/essai/Content/StarterContent/Blueprints/Assets/M_LightStage_Skybox_Master.uasset"
[2015.12.18-15.09.51:893][  0]LogPackFactory: Copied "../../../Samples/StarterContent/Content/StarterContent/Blueprints/Assets/Skybox.uasset" to "../../../../../../Users/Mathieu/Documents/Unreal Projects/essai/Content/StarterContent/Blueprints/Assets/Skybox.uasset"
[2015.12.18-15.09.51:894][  0]LogPackFactory: Copied "../../../Samples/StarterContent/Content/StarterContent/Blueprints/Assets/SM_Arrows.uasset" to "../../../../../../Users/Mathieu/Documents/Unreal Projects/essai/Content/StarterContent/Blueprints/Assets/SM_Arrows.uasset"
[2015.12.18-15.09.51:895][  0]LogPackFactory: Copied "../../../Samples/StarterContent/Content/StarterContent/Blueprints/Assets/SunlightColorLUT.uasset" to "../../../../../../Users/Mathieu/Documents/Unreal Projects/essai/Content/StarterContent/Blueprints/Assets/SunlightColorLUT.uasset"
[2015.12.18-15.09.51:955][  0]LogPackFactory: Copied "../../../Samples/StarterContent/Content/StarterContent/HDRI/HDRI_Epic_Courtyard_Daylight.uasset" to "../../../../../../Users/Mathieu/Documents/Unreal Projects/essai/Content/StarterContent/HDRI/HDRI_Epic_Courtyard_Daylight.uasset"
[2015.12.18-15.09.51:957][  0]LogPackFactory: Copied "../../../Samples/StarterContent/Content/StarterContent/Maps/Advanced_Lighting.umap" to "../../../../../../Users/Mathieu/Documents/Unreal Projects/essai/Content/StarterContent/Maps/Advanced_Lighting.umap"
[2015.12.18-15.09.51:959][  0]LogPackFactory: Copied "../../../Samples/StarterContent/Content/StarterContent/Maps/Minimal_Default.umap" to "../../../../../../Users/Mathieu/Documents/Unreal Projects/essai/Content/StarterContent/Maps/Minimal_Default.umap"
[2015.12.18-15.09.51:971][  0]LogPackFactory: Copied "../../../Samples/StarterContent/Content/StarterContent/Maps/StarterMap.umap" to "../../../../../../Users/Mathieu/Documents/Unreal Projects/essai/Content/StarterContent/Maps/StarterMap.umap"
[2015.12.18-15.09.51:973][  0]LogPackFactory: Copied "../../../Samples/StarterContent/Content/StarterContent/Materials/M_AssetPlatform.uasset" to "../../../../../../Users/Mathieu/Documents/Unreal Projects/essai/Content/StarterContent/Materials/M_AssetPlatform.uasset"
[2015.12.18-15.09.51:974][  0]LogPackFactory: Copied "../../../Samples/StarterContent/Content/StarterContent/Materials/M_Basic_Floor.uasset" to "../../../../../../Users/Mathieu/Documents/Unreal Projects/essai/Content/StarterContent/Materials/M_Basic_Floor.uasset"
[2015.12.18-15.09.51:977][  0]LogPackFactory: Copied "../../../Samples/StarterContent/Content/StarterContent/Materials/M_Basic_Wall.uasset" to "../../../../../../Users/Mathieu/Documents/Unreal Projects/essai/Content/StarterContent/Materials/M_Basic_Wall.uasset"
[2015.12.18-15.09.51:983][  0]LogPackFactory: Copied "../../../Samples/StarterContent/Content/StarterContent/Materials/M_Brick_Clay_Beveled.uasset" to "../../../../../../Users/Mathieu/Documents/Unreal Projects/essai/Content/StarterContent/Materials/M_Brick_Clay_Beveled.uasset"
[2015.12.18-15.09.51:990][  0]LogPackFactory: Copied "../../../Samples/StarterContent/Content/StarterContent/Materials/M_Brick_Clay_New.uasset" to "../../../../../../Users/Mathieu/Documents/Unreal Projects/essai/Content/StarterContent/Materials/M_Brick_Clay_New.uasset"
[2015.12.18-15.09.51:991][  0]LogPackFactory: Copied "../../../Samples/StarterContent/Content/StarterContent/Materials/M_Brick_Clay_Old.uasset" to "../../../../../../Users/Mathieu/Documents/Unreal Projects/essai/Content/StarterContent/Materials/M_Brick_Clay_Old.uasset"
[2015.12.18-15.09.51:992][  0]LogPackFactory: Copied "../../../Samples/StarterContent/Content/StarterContent/Materials/M_Brick_Cut_Stone.uasset" to "../../../../../../Users/Mathieu/Documents/Unreal Projects/essai/Content/StarterContent/Materials/M_Brick_Cut_Stone.uasset"
[2015.12.18-15.09.51:993][  0]LogPackFactory: Copied "../../../Samples/StarterContent/Content/StarterContent/Materials/M_Brick_Hewn_Stone.uasset" to "../../../../../../Users/Mathieu/Documents/Unreal Projects/essai/Content/StarterContent/Materials/M_Brick_Hewn_Stone.uasset"
[2015.12.18-15.09.51:994][  0]LogPackFactory: Copied "../../../Samples/StarterContent/Content/StarterContent/Materials/M_Ceramic_Tile_Checker.uasset" to "../../../../../../Users/Mathieu/Documents/Unreal Projects/essai/Content/StarterContent/Materials/M_Ceramic_Tile_Checker.uasset"
[2015.12.18-15.09.51:998][  0]LogPackFactory: Copied "../../../Samples/StarterContent/Content/StarterContent/Materials/M_CobbleStone_Pebble.uasset" to "../../../../../../Users/Mathieu/Documents/Unreal Projects/essai/Content/StarterContent/Materials/M_CobbleStone_Pebble.uasset"
[2015.12.18-15.09.52:000][  0]LogPackFactory: Copied "../../../Samples/StarterContent/Content/StarterContent/Materials/M_CobbleStone_Rough.uasset" to "../../../../../../Users/Mathieu/Documents/Unreal Projects/essai/Content/StarterContent/Materials/M_CobbleStone_Rough.uasset"
[2015.12.18-15.09.52:024][  0]LogPackFactory: Copied "../../../Samples/StarterContent/Content/StarterContent/Materials/M_CobbleStone_Smooth.uasset" to "../../../../../../Users/Mathieu/Documents/Unreal Projects/essai/Content/StarterContent/Materials/M_CobbleStone_Smooth.uasset"
[2015.12.18-15.09.52:028][  0]LogPackFactory: Copied "../../../Samples/StarterContent/Content/StarterContent/Materials/M_ColorGrid_LowSpec.uasset" to "../../../../../../Users/Mathieu/Documents/Unreal Projects/essai/Content/StarterContent/Materials/M_ColorGrid_LowSpec.uasset"
[2015.12.18-15.09.52:034][  0]LogPackFactory: Copied "../../../Samples/StarterContent/Content/StarterContent/Materials/M_Concrete_Grime.uasset" to "../../../../../../Users/Mathieu/Documents/Unreal Projects/essai/Content/StarterContent/Materials/M_Concrete_Grime.uasset"
[2015.12.18-15.09.52:047][  0]LogPackFactory: Copied "../../../Samples/StarterContent/Content/StarterContent/Materials/M_Concrete_Panels.uasset" to "../../../../../../Users/Mathieu/Documents/Unreal Projects/essai/Content/StarterContent/Materials/M_Concrete_Panels.uasset"
[2015.12.18-15.09.52:048][  0]LogPackFactory: Copied "../../../Samples/StarterContent/Content/StarterContent/Materials/M_Concrete_Poured.uasset" to "../../../../../../Users/Mathieu/Documents/Unreal Projects/essai/Content/StarterContent/Materials/M_Concrete_Poured.uasset"
[2015.12.18-15.09.52:050][  0]LogPackFactory: Copied "../../../Samples/StarterContent/Content/StarterContent/Materials/M_Concrete_Tiles.uasset" to "../../../../../../Users/Mathieu/Documents/Unreal Projects/essai/Content/StarterContent/Materials/M_Concrete_Tiles.uasset"
[2015.12.18-15.09.52:053][  0]LogPackFactory: Copied "../../../Samples/StarterContent/Content/StarterContent/Materials/M_Glass.uasset" to "../../../../../../Users/Mathieu/Documents/Unreal Projects/essai/Content/StarterContent/Materials/M_Glass.uasset"
[2015.12.18-15.09.52:054][  0]LogPackFactory: Copied "../../../Samples/StarterContent/Content/StarterContent/Materials/M_Ground_Grass.uasset" to "../../../../../../Users/Mathieu/Documents/Unreal Projects/essai/Content/StarterContent/Materials/M_Ground_Grass.uasset"
[2015.12.18-15.09.52:074][  0]LogPackFactory: Copied "../../../Samples/StarterContent/Content/StarterContent/Materials/M_Ground_Gravel.uasset" to "../../../../../../Users/Mathieu/Documents/Unreal Projects/essai/Content/StarterContent/Materials/M_Ground_Gravel.uasset"
[2015.12.18-15.09.52:075][  0]LogPackFactory: Copied "../../../Samples/StarterContent/Content/StarterContent/Materials/M_Ground_Moss.uasset" to "../../../../../../Users/Mathieu/Documents/Unreal Projects/essai/Content/StarterContent/Materials/M_Ground_Moss.uasset"
[2015.12.18-15.09.52:077][  0]LogPackFactory: Copied "../../../Samples/StarterContent/Content/StarterContent/Materials/M_Metal_Brushed_Nickel.uasset" to "../../../../../../Users/Mathieu/Documents/Unreal Projects/essai/Content/StarterContent/Materials/M_Metal_Brushed_Nickel.uasset"
[2015.12.18-15.09.52:078][  0]LogPackFactory: Copied "../../../Samples/StarterContent/Content/StarterContent/Materials/M_Metal_Burnished_Steel.uasset" to "../../../../../../Users/Mathieu/Documents/Unreal Projects/essai/Content/StarterContent/Materials/M_Metal_Burnished_Steel.uasset"
[2015.12.18-15.09.52:079][  0]LogPackFactory: Copied "../../../Samples/StarterContent/Content/StarterContent/Materials/M_Metal_Chrome.uasset" to "../../../../../../Users/Mathieu/Documents/Unreal Projects/essai/Content/StarterContent/Materials/M_Metal_Chrome.uasset"
[2015.12.18-15.09.52:083][  0]LogPackFactory: Copied "../../../Samples/StarterContent/Content/StarterContent/Materials/M_Metal_Copper.uasset" to "../../../../../../Users/Mathieu/Documents/Unreal Projects/essai/Content/StarterContent/Materials/M_Metal_Copper.uasset"
[2015.12.18-15.09.52:084][  0]LogPackFactory: Copied "../../../Samples/StarterContent/Content/StarterContent/Materials/M_Metal_Gold.uasset" to "../../../../../../Users/Mathieu/Documents/Unreal Projects/essai/Content/StarterContent/Materials/M_Metal_Gold.uasset"
[2015.12.18-15.09.52:085][  0]LogPackFactory: Copied "../../../Samples/StarterContent/Content/StarterContent/Materials/M_Metal_Rust.uasset" to "../../../../../../Users/Mathieu/Documents/Unreal Projects/essai/Content/StarterContent/Materials/M_Metal_Rust.uasset"
[2015.12.18-15.09.52:086][  0]LogPackFactory: Copied "../../../Samples/StarterContent/Content/StarterContent/Materials/M_Metal_Steel.uasset" to "../../../../../../Users/Mathieu/Documents/Unreal Projects/essai/Content/StarterContent/Materials/M_Metal_Steel.uasset"
[2015.12.18-15.09.52:090][  0]LogPackFactory: Copied "../../../Samples/StarterContent/Content/StarterContent/Materials/M_Rock_Basalt.uasset" to "../../../../../../Users/Mathieu/Documents/Unreal Projects/essai/Content/StarterContent/Materials/M_Rock_Basalt.uasset"
[2015.12.18-15.09.52:091][  0]LogPackFactory: Copied "../../../Samples/StarterContent/Content/StarterContent/Materials/M_Rock_Marble_Polished.uasset" to "../../../../../../Users/Mathieu/Documents/Unreal Projects/essai/Content/StarterContent/Materials/M_Rock_Marble_Polished.uasset"
[2015.12.18-15.09.52:092][  0]LogPackFactory: Copied "../../../Samples/StarterContent/Content/StarterContent/Materials/M_Rock_Sandstone.uasset" to "../../../../../../Users/Mathieu/Documents/Unreal Projects/essai/Content/StarterContent/Materials/M_Rock_Sandstone.uasset"
[2015.12.18-15.09.52:093][  0]LogPackFactory: Copied "../../../Samples/StarterContent/Content/StarterContent/Materials/M_Rock_Slate.uasset" to "../../../../../../Users/Mathieu/Documents/Unreal Projects/essai/Content/StarterContent/Materials/M_Rock_Slate.uasset"
[2015.12.18-15.09.52:096][  0]LogPackFactory: Copied "../../../Samples/StarterContent/Content/StarterContent/Materials/M_Tech_Checker_Dot.uasset" to "../../../../../../Users/Mathieu/Documents/Unreal Projects/essai/Content/StarterContent/Materials/M_Tech_Checker_Dot.uasset"
[2015.12.18-15.09.52:097][  0]LogPackFactory: Copied "../../../Samples/StarterContent/Content/StarterContent/Materials/M_Tech_Hex_Tile.uasset" to "../../../../../../Users/Mathieu/Documents/Unreal Projects/essai/Content/StarterContent/Materials/M_Tech_Hex_Tile.uasset"
[2015.12.18-15.09.52:101][  0]LogPackFactory: Copied "../../../Samples/StarterContent/Content/StarterContent/Materials/M_Tech_Hex_Tile_Pulse.uasset" to "../../../../../../Users/Mathieu/Documents/Unreal Projects/essai/Content/StarterContent/Materials/M_Tech_Hex_Tile_Pulse.uasset"
[2015.12.18-15.09.52:103][  0]LogPackFactory: Copied "../../../Samples/StarterContent/Content/StarterContent/Materials/M_Tech_Panel.uasset" to "../../../../../../Users/Mathieu/Documents/Unreal Projects/essai/Content/StarterContent/Materials/M_Tech_Panel.uasset"
[2015.12.18-15.09.52:107][  0]LogPackFactory: Copied "../../../Samples/StarterContent/Content/StarterContent/Materials/M_Water_Lake.uasset" to "../../../../../../Users/Mathieu/Documents/Unreal Projects/essai/Content/StarterContent/Materials/M_Water_Lake.uasset"
[2015.12.18-15.09.52:108][  0]LogPackFactory: Copied "../../../Samples/StarterContent/Content/StarterContent/Materials/M_Water_Ocean.uasset" to "../../../../../../Users/Mathieu/Documents/Unreal Projects/essai/Content/StarterContent/Materials/M_Water_Ocean.uasset"
[2015.12.18-15.09.52:109][  0]LogPackFactory: Copied "../../../Samples/StarterContent/Content/StarterContent/Materials/M_Wood_Floor_Walnut_Polished.uasset" to "../../../../../../Users/Mathieu/Documents/Unreal Projects/essai/Content/StarterContent/Materials/M_Wood_Floor_Walnut_Polished.uasset"
[2015.12.18-15.09.52:111][  0]LogPackFactory: Copied "../../../Samples/StarterContent/Content/StarterContent/Materials/M_Wood_Floor_Walnut_Worn.uasset" to "../../../../../../Users/Mathieu/Documents/Unreal Projects/essai/Content/StarterContent/Materials/M_Wood_Floor_Walnut_Worn.uasset"
[2015.12.18-15.09.52:114][  0]LogPackFactory: Copied "../../../Samples/StarterContent/Content/StarterContent/Materials/M_Wood_Oak.uasset" to "../../../../../../Users/Mathieu/Documents/Unreal Projects/essai/Content/StarterContent/Materials/M_Wood_Oak.uasset"
[2015.12.18-15.09.52:117][  0]LogPackFactory: Copied "../../../Samples/StarterContent/Content/StarterContent/Materials/M_Wood_Pine.uasset" to "../../../../../../Users/Mathieu/Documents/Unreal Projects/essai/Content/StarterContent/Materials/M_Wood_Pine.uasset"
[2015.12.18-15.09.52:119][  0]LogPackFactory: Copied "../../../Samples/StarterContent/Content/StarterContent/Materials/M_Wood_Walnut.uasset" to "../../../../../../Users/Mathieu/Documents/Unreal Projects/essai/Content/StarterContent/Materials/M_Wood_Walnut.uasset"
[2015.12.18-15.09.52:121][  0]LogPackFactory: Copied "../../../Samples/StarterContent/Content/StarterContent/Particles/P_Ambient_Dust.uasset" to "../../../../../../Users/Mathieu/Documents/Unreal Projects/essai/Content/StarterContent/Particles/P_Ambient_Dust.uasset"
[2015.12.18-15.09.52:122][  0]LogPackFactory: Copied "../../../Samples/StarterContent/Content/StarterContent/Particles/P_Explosion.uasset" to "../../../../../../Users/Mathieu/Documents/Unreal Projects/essai/Content/StarterContent/Particles/P_Explosion.uasset"
[2015.12.18-15.09.52:125][  0]LogPackFactory: Copied "../../../Samples/StarterContent/Content/StarterContent/Particles/P_Fire.uasset" to "../../../../../../Users/Mathieu/Documents/Unreal Projects/essai/Content/StarterContent/Particles/P_Fire.uasset"
[2015.12.18-15.09.52:126][  0]LogPackFactory: Copied "../../../Samples/StarterContent/Content/StarterContent/Particles/P_Smoke.uasset" to "../../../../../../Users/Mathieu/Documents/Unreal Projects/essai/Content/StarterContent/Particles/P_Smoke.uasset"
[2015.12.18-15.09.52:127][  0]LogPackFactory: Copied "../../../Samples/StarterContent/Content/StarterContent/Particles/P_Sparks.uasset" to "../../../../../../Users/Mathieu/Documents/Unreal Projects/essai/Content/StarterContent/Particles/P_Sparks.uasset"
[2015.12.18-15.09.52:129][  0]LogPackFactory: Copied "../../../Samples/StarterContent/Content/StarterContent/Particles/P_Steam_Lit.uasset" to "../../../../../../Users/Mathieu/Documents/Unreal Projects/essai/Content/StarterContent/Particles/P_Steam_Lit.uasset"
[2015.12.18-15.09.52:130][  0]LogPackFactory: Copied "../../../Samples/StarterContent/Content/StarterContent/Particles/Materials/M_Burst.uasset" to "../../../../../../Users/Mathieu/Documents/Unreal Projects/essai/Content/StarterContent/Particles/Materials/M_Burst.uasset"
[2015.12.18-15.09.52:131][  0]LogPackFactory: Copied "../../../Samples/StarterContent/Content/StarterContent/Particles/Materials/M_Dust_Particle.uasset" to "../../../../../../Users/Mathieu/Documents/Unreal Projects/essai/Content/StarterContent/Particles/Materials/M_Dust_Particle.uasset"
[2015.12.18-15.09.52:140][  0]LogPackFactory: Copied "../../../Samples/StarterContent/Content/StarterContent/Particles/Materials/M_explosion_subUV.uasset" to "../../../../../../Users/Mathieu/Documents/Unreal Projects/essai/Content/StarterContent/Particles/Materials/M_explosion_subUV.uasset"
[2015.12.18-15.09.52:141][  0]LogPackFactory: Copied "../../../Samples/StarterContent/Content/StarterContent/Particles/Materials/M_Fire_SubUV.uasset" to "../../../../../../Users/Mathieu/Documents/Unreal Projects/essai/Content/StarterContent/Particles/Materials/M_Fire_SubUV.uasset"
[2015.12.18-15.09.52:142][  0]LogPackFactory: Copied "../../../Samples/StarterContent/Content/StarterContent/Particles/Materials/m_flare_01.uasset" to "../../../../../../Users/Mathieu/Documents/Unreal Projects/essai/Content/StarterContent/Particles/Materials/m_flare_01.uasset"
[2015.12.18-15.09.52:144][  0]LogPackFactory: Copied "../../../Samples/StarterContent/Content/StarterContent/Particles/Materials/M_Heat_Distortion.uasset" to "../../../../../../Users/Mathieu/Documents/Unreal Projects/essai/Content/StarterContent/Particles/Materials/M_Heat_Distortion.uasset"
[2015.12.18-15.09.52:145][  0]LogPackFactory: Copied "../../../Samples/StarterContent/Content/StarterContent/Particles/Materials/M_Radial_Gradient.uasset" to "../../../../../../Users/Mathieu/Documents/Unreal Projects/essai/Content/StarterContent/Particles/Materials/M_Radial_Gradient.uasset"
[2015.12.18-15.09.52:146][  0]LogPackFactory: Copied "../../../Samples/StarterContent/Content/StarterContent/Particles/Materials/M_radial_ramp.uasset" to "../../../../../../Users/Mathieu/Documents/Unreal Projects/essai/Content/StarterContent/Particles/Materials/M_radial_ramp.uasset"
[2015.12.18-15.09.52:148][  0]LogPackFactory: Copied "../../../Samples/StarterContent/Content/StarterContent/Particles/Materials/M_smoke_subUV.uasset" to "../../../../../../Users/Mathieu/Documents/Unreal Projects/essai/Content/StarterContent/Particles/Materials/M_smoke_subUV.uasset"
[2015.12.18-15.09.52:149][  0]LogPackFactory: Copied "../../../Samples/StarterContent/Content/StarterContent/Particles/Materials/M_Spark.uasset" to "../../../../../../Users/Mathieu/Documents/Unreal Projects/essai/Content/StarterContent/Particles/Materials/M_Spark.uasset"
[2015.12.18-15.09.52:156][  0]LogPackFactory: Copied "../../../Samples/StarterContent/Content/StarterContent/Props/MaterialSphere.uasset" to "../../../../../../Users/Mathieu/Documents/Unreal Projects/essai/Content/StarterContent/Props/MaterialSphere.uasset"
[2015.12.18-15.09.52:158][  0]LogPackFactory: Copied "../../../Samples/StarterContent/Content/StarterContent/Props/SM_Bush.uasset" to "../../../../../../Users/Mathieu/Documents/Unreal Projects/essai/Content/StarterContent/Props/SM_Bush.uasset"
[2015.12.18-15.09.52:163][  0]LogPackFactory: Copied "../../../Samples/StarterContent/Content/StarterContent/Props/SM_Chair.uasset" to "../../../../../../Users/Mathieu/Documents/Unreal Projects/essai/Content/StarterContent/Props/SM_Chair.uasset"
[2015.12.18-15.09.52:164][  0]LogPackFactory: Copied "../../../Samples/StarterContent/Content/StarterContent/Props/SM_CornerFrame.uasset" to "../../../../../../Users/Mathieu/Documents/Unreal Projects/essai/Content/StarterContent/Props/SM_CornerFrame.uasset"
[2015.12.18-15.09.52:166][  0]LogPackFactory: Copied "../../../Samples/StarterContent/Content/StarterContent/Props/SM_Couch.uasset" to "../../../../../../Users/Mathieu/Documents/Unreal Projects/essai/Content/StarterContent/Props/SM_Couch.uasset"
[2015.12.18-15.09.52:167][  0]LogPackFactory: Copied "../../../Samples/StarterContent/Content/StarterContent/Props/SM_Door.uasset" to "../../../../../../Users/Mathieu/Documents/Unreal Projects/essai/Content/StarterContent/Props/SM_Door.uasset"
[2015.12.18-15.09.52:168][  0]LogPackFactory: Copied "../../../Samples/StarterContent/Content/StarterContent/Props/SM_DoorFrame.uasset" to "../../../../../../Users/Mathieu/Documents/Unreal Projects/essai/Content/StarterContent/Props/SM_DoorFrame.uasset"
[2015.12.18-15.09.52:173][  0]LogPackFactory: Copied "../../../Samples/StarterContent/Content/StarterContent/Props/SM_GlassWindow.uasset" to "../../../../../../Users/Mathieu/Documents/Unreal Projects/essai/Content/StarterContent/Props/SM_GlassWindow.uasset"
[2015.12.18-15.09.52:174][  0]LogPackFactory: Copied "../../../Samples/StarterContent/Content/StarterContent/Props/SM_Lamp_Ceiling.uasset" to "../../../../../../Users/Mathieu/Documents/Unreal Projects/essai/Content/StarterContent/Props/SM_Lamp_Ceiling.uasset"
[2015.12.18-15.09.52:177][  0]LogPackFactory: Copied "../../../Samples/StarterContent/Content/StarterContent/Props/SM_Lamp_Wall.uasset" to "../../../../../../Users/Mathieu/Documents/Unreal Projects/essai/Content/StarterContent/Props/SM_Lamp_Wall.uasset"
[2015.12.18-15.09.52:188][  0]LogPackFactory: Copied "../../../Samples/StarterContent/Content/StarterContent/Props/SM_MatPreviewMesh_02.uasset" to "../../../../../../Users/Mathieu/Documents/Unreal Projects/essai/Content/StarterContent/Props/SM_MatPreviewMesh_02.uasset"
[2015.12.18-15.09.52:190][  0]LogPackFactory: Copied "../../../Samples/StarterContent/Content/StarterContent/Props/SM_PillarFrame.uasset" to "../../../../../../Users/Mathieu/Documents/Unreal Projects/essai/Content/StarterContent/Props/SM_PillarFrame.uasset"
[2015.12.18-15.09.52:196][  0]LogPackFactory: Copied "../../../Samples/StarterContent/Content/StarterContent/Props/SM_PillarFrame300.uasset" to "../../../../../../Users/Mathieu/Documents/Unreal Projects/essai/Content/StarterContent/Props/SM_PillarFrame300.uasset"
[2015.12.18-15.09.52:198][  0]LogPackFactory: Copied "../../../Samples/StarterContent/Content/StarterContent/Props/SM_Rock.uasset" to "../../../../../../Users/Mathieu/Documents/Unreal Projects/essai/Content/StarterContent/Props/SM_Rock.uasset"
[2015.12.18-15.09.52:199][  0]LogPackFactory: Copied "../../../Samples/StarterContent/Content/StarterContent/Props/SM_Shelf.uasset" to "../../../../../../Users/Mathieu/Documents/Unreal Projects/essai/Content/StarterContent/Props/SM_Shelf.uasset"
[2015.12.18-15.09.52:200][  0]LogPackFactory: Copied "../../../Samples/StarterContent/Content/StarterContent/Props/SM_Stairs.uasset" to "../../../../../../Users/Mathieu/Documents/Unreal Projects/essai/Content/StarterContent/Props/SM_Stairs.uasset"
[2015.12.18-15.09.52:202][  0]LogPackFactory: Copied "../../../Samples/StarterContent/Content/StarterContent/Props/SM_Statue.uasset" to "../../../../../../Users/Mathieu/Documents/Unreal Projects/essai/Content/StarterContent/Props/SM_Statue.uasset"
[2015.12.18-15.09.52:203][  0]LogPackFactory: Copied "../../../Samples/StarterContent/Content/StarterContent/Props/SM_TableRound.uasset" to "../../../../../../Users/Mathieu/Documents/Unreal Projects/essai/Content/StarterContent/Props/SM_TableRound.uasset"
[2015.12.18-15.09.52:204][  0]LogPackFactory: Copied "../../../Samples/StarterContent/Content/StarterContent/Props/SM_WindowFrame.uasset" to "../../../../../../Users/Mathieu/Documents/Unreal Projects/essai/Content/StarterContent/Props/SM_WindowFrame.uasset"
[2015.12.18-15.09.52:206][  0]LogPackFactory: Copied "../../../Samples/StarterContent/Content/StarterContent/Props/Materials/M_Bush.uasset" to "../../../../../../Users/Mathieu/Documents/Unreal Projects/essai/Content/StarterContent/Props/Materials/M_Bush.uasset"
[2015.12.18-15.09.52:207][  0]LogPackFactory: Copied "../../../Samples/StarterContent/Content/StarterContent/Props/Materials/M_Chair.uasset" to "../../../../../../Users/Mathieu/Documents/Unreal Projects/essai/Content/StarterContent/Props/Materials/M_Chair.uasset"
[2015.12.18-15.09.52:208][  0]LogPackFactory: Copied "../../../Samples/StarterContent/Content/StarterContent/Props/Materials/M_Door.uasset" to "../../../../../../Users/Mathieu/Documents/Unreal Projects/essai/Content/StarterContent/Props/Materials/M_Door.uasset"
[2015.12.18-15.09.52:209][  0]LogPackFactory: Copied "../../../Samples/StarterContent/Content/StarterContent/Props/Materials/M_Frame.uasset" to "../../../../../../Users/Mathieu/Documents/Unreal Projects/essai/Content/StarterContent/Props/Materials/M_Frame.uasset"
[2015.12.18-15.09.52:210][  0]LogPackFactory: Copied "../../../Samples/StarterContent/Content/StarterContent/Props/Materials/M_Lamp.uasset" to "../../../../../../Users/Mathieu/Documents/Unreal Projects/essai/Content/StarterContent/Props/Materials/M_Lamp.uasset"
[2015.12.18-15.09.52:211][  0]LogPackFactory: Copied "../../../Samples/StarterContent/Content/StarterContent/Props/Materials/M_MaterialSphere.uasset" to "../../../../../../Users/Mathieu/Documents/Unreal Projects/essai/Content/StarterContent/Props/Materials/M_MaterialSphere.uasset"
[2015.12.18-15.09.52:212][  0]LogPackFactory: Copied "../../../Samples/StarterContent/Content/StarterContent/Props/Materials/M_MaterialSphere_Plain.uasset" to "../../../../../../Users/Mathieu/Documents/Unreal Projects/essai/Content/StarterContent/Props/Materials/M_MaterialSphere_Plain.uasset"
[2015.12.18-15.09.52:213][  0]LogPackFactory: Copied "../../../Samples/StarterContent/Content/StarterContent/Props/Materials/M_Rock.uasset" to "../../../../../../Users/Mathieu/Documents/Unreal Projects/essai/Content/StarterContent/Props/Materials/M_Rock.uasset"
[2015.12.18-15.09.52:219][  0]LogPackFactory: Copied "../../../Samples/StarterContent/Content/StarterContent/Props/Materials/M_Shelf.uasset" to "../../../../../../Users/Mathieu/Documents/Unreal Projects/essai/Content/StarterContent/Props/Materials/M_Shelf.uasset"
[2015.12.18-15.09.52:220][  0]LogPackFactory: Copied "../../../Samples/StarterContent/Content/StarterContent/Props/Materials/M_Statue.uasset" to "../../../../../../Users/Mathieu/Documents/Unreal Projects/essai/Content/StarterContent/Props/Materials/M_Statue.uasset"
[2015.12.18-15.09.52:222][  0]LogPackFactory: Copied "../../../Samples/StarterContent/Content/StarterContent/Props/Materials/M_StatueGlass.uasset" to "../../../../../../Users/Mathieu/Documents/Unreal Projects/essai/Content/StarterContent/Props/Materials/M_StatueGlass.uasset"
[2015.12.18-15.09.52:224][  0]LogPackFactory: Copied "../../../Samples/StarterContent/Content/StarterContent/Props/Materials/M_TableRound.uasset" to "../../../../../../Users/Mathieu/Documents/Unreal Projects/essai/Content/StarterContent/Props/Materials/M_TableRound.uasset"
[2015.12.18-15.09.52:225][  0]LogPackFactory: Copied "../../../Samples/StarterContent/Content/StarterContent/Shapes/Shape_Cone.uasset" to "../../../../../../Users/Mathieu/Documents/Unreal Projects/essai/Content/StarterContent/Shapes/Shape_Cone.uasset"
[2015.12.18-15.09.52:226][  0]LogPackFactory: Copied "../../../Samples/StarterContent/Content/StarterContent/Shapes/Shape_Cube.uasset" to "../../../../../../Users/Mathieu/Documents/Unreal Projects/essai/Content/StarterContent/Shapes/Shape_Cube.uasset"
[2015.12.18-15.09.52:228][  0]LogPackFactory: Copied "../../../Samples/StarterContent/Content/StarterContent/Shapes/Shape_Cylinder.uasset" to "../../../../../../Users/Mathieu/Documents/Unreal Projects/essai/Content/StarterContent/Shapes/Shape_Cylinder.uasset"
[2015.12.18-15.09.52:229][  0]LogPackFactory: Copied "../../../Samples/StarterContent/Content/StarterContent/Shapes/Shape_NarrowCapsule.uasset" to "../../../../../../Users/Mathieu/Documents/Unreal Projects/essai/Content/StarterContent/Shapes/Shape_NarrowCapsule.uasset"
[2015.12.18-15.09.52:231][  0]LogPackFactory: Copied "../../../Samples/StarterContent/Content/StarterContent/Shapes/Shape_Pipe.uasset" to "../../../../../../Users/Mathieu/Documents/Unreal Projects/essai/Content/StarterContent/Shapes/Shape_Pipe.uasset"
[2015.12.18-15.09.52:232][  0]LogPackFactory: Copied "../../../Samples/StarterContent/Content/StarterContent/Shapes/Shape_Pipe_180.uasset" to "../../../../../../Users/Mathieu/Documents/Unreal Projects/essai/Content/StarterContent/Shapes/Shape_Pipe_180.uasset"
[2015.12.18-15.09.52:233][  0]LogPackFactory: Copied "../../../Samples/StarterContent/Content/StarterContent/Shapes/Shape_Pipe_90.uasset" to "../../../../../../Users/Mathieu/Documents/Unreal Projects/essai/Content/StarterContent/Shapes/Shape_Pipe_90.uasset"
[2015.12.18-15.09.52:234][  0]LogPackFactory: Copied "../../../Samples/StarterContent/Content/StarterContent/Shapes/Shape_Plane.uasset" to "../../../../../../Users/Mathieu/Documents/Unreal Projects/essai/Content/StarterContent/Shapes/Shape_Plane.uasset"
[2015.12.18-15.09.52:235][  0]LogPackFactory: Copied "../../../Samples/StarterContent/Content/StarterContent/Shapes/Shape_QuadPyramid.uasset" to "../../../../../../Users/Mathieu/Documents/Unreal Projects/essai/Content/StarterContent/Shapes/Shape_QuadPyramid.uasset"
[2015.12.18-15.09.52:236][  0]LogPackFactory: Copied "../../../Samples/StarterContent/Content/StarterContent/Shapes/Shape_Sphere.uasset" to "../../../../../../Users/Mathieu/Documents/Unreal Projects/essai/Content/StarterContent/Shapes/Shape_Sphere.uasset"
[2015.12.18-15.09.52:237][  0]LogPackFactory: Copied "../../../Samples/StarterContent/Content/StarterContent/Shapes/Shape_Torus.uasset" to "../../../../../../Users/Mathieu/Documents/Unreal Projects/essai/Content/StarterContent/Shapes/Shape_Torus.uasset"
[2015.12.18-15.09.52:239][  0]LogPackFactory: Copied "../../../Samples/StarterContent/Content/StarterContent/Shapes/Shape_Trim.uasset" to "../../../../../../Users/Mathieu/Documents/Unreal Projects/essai/Content/StarterContent/Shapes/Shape_Trim.uasset"
[2015.12.18-15.09.52:240][  0]LogPackFactory: Copied "../../../Samples/StarterContent/Content/StarterContent/Shapes/Shape_Trim_90_In.uasset" to "../../../../../../Users/Mathieu/Documents/Unreal Projects/essai/Content/StarterContent/Shapes/Shape_Trim_90_In.uasset"
[2015.12.18-15.09.52:241][  0]LogPackFactory: Copied "../../../Samples/StarterContent/Content/StarterContent/Shapes/Shape_Trim_90_Out.uasset" to "../../../../../../Users/Mathieu/Documents/Unreal Projects/essai/Content/StarterContent/Shapes/Shape_Trim_90_Out.uasset"
[2015.12.18-15.09.52:243][  0]LogPackFactory: Copied "../../../Samples/StarterContent/Content/StarterContent/Shapes/Shape_TriPyramid.uasset" to "../../../../../../Users/Mathieu/Documents/Unreal Projects/essai/Content/StarterContent/Shapes/Shape_TriPyramid.uasset"
[2015.12.18-15.09.52:245][  0]LogPackFactory: Copied "../../../Samples/StarterContent/Content/StarterContent/Shapes/Shape_Tube.uasset" to "../../../../../../Users/Mathieu/Documents/Unreal Projects/essai/Content/StarterContent/Shapes/Shape_Tube.uasset"
[2015.12.18-15.09.52:246][  0]LogPackFactory: Copied "../../../Samples/StarterContent/Content/StarterContent/Shapes/Shape_Wedge_A.uasset" to "../../../../../../Users/Mathieu/Documents/Unreal Projects/essai/Content/StarterContent/Shapes/Shape_Wedge_A.uasset"
[2015.12.18-15.09.52:247][  0]LogPackFactory: Copied "../../../Samples/StarterContent/Content/StarterContent/Shapes/Shape_Wedge_B.uasset" to "../../../../../../Users/Mathieu/Documents/Unreal Projects/essai/Content/StarterContent/Shapes/Shape_Wedge_B.uasset"
[2015.12.18-15.09.52:248][  0]LogPackFactory: Copied "../../../Samples/StarterContent/Content/StarterContent/Shapes/Shape_WideCapsule.uasset" to "../../../../../../Users/Mathieu/Documents/Unreal Projects/essai/Content/StarterContent/Shapes/Shape_WideCapsule.uasset"
[2015.12.18-15.09.52:255][  0]LogPackFactory: Copied "../../../Samples/StarterContent/Content/StarterContent/Textures/T_Brick_Clay_Beveled_D.uasset" to "../../../../../../Users/Mathieu/Documents/Unreal Projects/essai/Content/StarterContent/Textures/T_Brick_Clay_Beveled_D.uasset"
[2015.12.18-15.09.52:262][  0]LogPackFactory: Copied "../../../Samples/StarterContent/Content/StarterContent/Textures/T_Brick_Clay_Beveled_M.uasset" to "../../../../../../Users/Mathieu/Documents/Unreal Projects/essai/Content/StarterContent/Textures/T_Brick_Clay_Beveled_M.uasset"
[2015.12.18-15.09.52:268][  0]LogPackFactory: Copied "../../../Samples/StarterContent/Content/StarterContent/Textures/T_Brick_Clay_Beveled_N.uasset" to "../../../../../../Users/Mathieu/Documents/Unreal Projects/essai/Content/StarterContent/Textures/T_Brick_Clay_Beveled_N.uasset"
[2015.12.18-15.09.52:275][  0]LogPackFactory: Copied "../../../Samples/StarterContent/Content/StarterContent/Textures/T_Brick_Clay_New_D.uasset" to "../../../../../../Users/Mathieu/Documents/Unreal Projects/essai/Content/StarterContent/Textures/T_Brick_Clay_New_D.uasset"
[2015.12.18-15.09.52:283][  0]LogPackFactory: Copied "../../../Samples/StarterContent/Content/StarterContent/Textures/T_Brick_Clay_New_M.uasset" to "../../../../../../Users/Mathieu/Documents/Unreal Projects/essai/Content/StarterContent/Textures/T_Brick_Clay_New_M.uasset"
[2015.12.18-15.09.52:290][  0]LogPackFactory: Copied "../../../Samples/StarterContent/Content/StarterContent/Textures/T_Brick_Clay_New_N.uasset" to "../../../../../../Users/Mathieu/Documents/Unreal Projects/essai/Content/StarterContent/Textures/T_Brick_Clay_New_N.uasset"
[2015.12.18-15.09.52:299][  0]LogPackFactory: Copied "../../../Samples/StarterContent/Content/StarterContent/Textures/T_Brick_Clay_Old_D.uasset" to "../../../../../../Users/Mathieu/Documents/Unreal Projects/essai/Content/StarterContent/Textures/T_Brick_Clay_Old_D.uasset"
[2015.12.18-15.09.52:307][  0]LogPackFactory: Copied "../../../Samples/StarterContent/Content/StarterContent/Textures/T_Brick_Clay_Old_N.uasset" to "../../../../../../Users/Mathieu/Documents/Unreal Projects/essai/Content/StarterContent/Textures/T_Brick_Clay_Old_N.uasset"
[2015.12.18-15.09.52:317][  0]LogPackFactory: Copied "../../../Samples/StarterContent/Content/StarterContent/Textures/T_Brick_Cut_Stone_D.uasset" to "../../../../../../Users/Mathieu/Documents/Unreal Projects/essai/Content/StarterContent/Textures/T_Brick_Cut_Stone_D.uasset"
[2015.12.18-15.09.52:323][  0]LogPackFactory: Copied "../../../Samples/StarterContent/Content/StarterContent/Textures/T_Brick_Cut_Stone_N.uasset" to "../../../../../../Users/Mathieu/Documents/Unreal Projects/essai/Content/StarterContent/Textures/T_Brick_Cut_Stone_N.uasset"
[2015.12.18-15.09.52:329][  0]LogPackFactory: Copied "../../../Samples/StarterContent/Content/StarterContent/Textures/T_Brick_Hewn_Stone_D.uasset" to "../../../../../../Users/Mathieu/Documents/Unreal Projects/essai/Content/StarterContent/Textures/T_Brick_Hewn_Stone_D.uasset"
[2015.12.18-15.09.52:338][  0]LogPackFactory: Copied "../../../Samples/StarterContent/Content/StarterContent/Textures/T_Brick_Hewn_Stone_M.uasset" to "../../../../../../Users/Mathieu/Documents/Unreal Projects/essai/Content/StarterContent/Textures/T_Brick_Hewn_Stone_M.uasset"
[2015.12.18-15.09.52:347][  0]LogPackFactory: Copied "../../../Samples/StarterContent/Content/StarterContent/Textures/T_Brick_Hewn_Stone_N.uasset" to "../../../../../../Users/Mathieu/Documents/Unreal Projects/essai/Content/StarterContent/Textures/T_Brick_Hewn_Stone_N.uasset"
[2015.12.18-15.09.52:348][  0]LogPackFactory: Copied "../../../Samples/StarterContent/Content/StarterContent/Textures/T_Burst_M.uasset" to "../../../../../../Users/Mathieu/Documents/Unreal Projects/essai/Content/StarterContent/Textures/T_Burst_M.uasset"
[2015.12.18-15.09.52:349][  0]LogPackFactory: Copied "../../../Samples/StarterContent/Content/StarterContent/Textures/T_Bush_D.uasset" to "../../../../../../Users/Mathieu/Documents/Unreal Projects/essai/Content/StarterContent/Textures/T_Bush_D.uasset"
[2015.12.18-15.09.52:351][  0]LogPackFactory: Copied "../../../Samples/StarterContent/Content/StarterContent/Textures/T_Bush_N.uasset" to "../../../../../../Users/Mathieu/Documents/Unreal Projects/essai/Content/StarterContent/Textures/T_Bush_N.uasset"
[2015.12.18-15.09.52:352][  0]LogPackFactory: Copied "../../../Samples/StarterContent/Content/StarterContent/Textures/T_Ceramic_Tile_M.uasset" to "../../../../../../Users/Mathieu/Documents/Unreal Projects/essai/Content/StarterContent/Textures/T_Ceramic_Tile_M.uasset"
[2015.12.18-15.09.52:354][  0]LogPackFactory: Copied "../../../Samples/StarterContent/Content/StarterContent/Textures/T_Ceramic_Tile_N.uasset" to "../../../../../../Users/Mathieu/Documents/Unreal Projects/essai/Content/StarterContent/Textures/T_Ceramic_Tile_N.uasset"
[2015.12.18-15.09.52:355][  0]LogPackFactory: Copied "../../../Samples/StarterContent/Content/StarterContent/Textures/T_Chair_M.uasset" to "../../../../../../Users/Mathieu/Documents/Unreal Projects/essai/Content/StarterContent/Textures/T_Chair_M.uasset"
[2015.12.18-15.09.52:359][  0]LogPackFactory: Copied "../../../Samples/StarterContent/Content/StarterContent/Textures/T_Chair_N.uasset" to "../../../../../../Users/Mathieu/Documents/Unreal Projects/essai/Content/StarterContent/Textures/T_Chair_N.uasset"
[2015.12.18-15.09.52:360][  0]LogPackFactory: Copied "../../../Samples/StarterContent/Content/StarterContent/Textures/T_Checker_Noise_M.uasset" to "../../../../../../Users/Mathieu/Documents/Unreal Projects/essai/Content/StarterContent/Textures/T_Checker_Noise_M.uasset"
[2015.12.18-15.09.52:374][  0]LogPackFactory: Copied "../../../Samples/StarterContent/Content/StarterContent/Textures/T_CobbleStone_Pebble_D.uasset" to "../../../../../../Users/Mathieu/Documents/Unreal Projects/essai/Content/StarterContent/Textures/T_CobbleStone_Pebble_D.uasset"
[2015.12.18-15.09.52:377][  0]LogPackFactory: Copied "../../../Samples/StarterContent/Content/StarterContent/Textures/T_CobbleStone_Pebble_M.uasset" to "../../../../../../Users/Mathieu/Documents/Unreal Projects/essai/Content/StarterContent/Textures/T_CobbleStone_Pebble_M.uasset"
[2015.12.18-15.09.52:388][  0]LogPackFactory: Copied "../../../Samples/StarterContent/Content/StarterContent/Textures/T_CobbleStone_Pebble_N.uasset" to "../../../../../../Users/Mathieu/Documents/Unreal Projects/essai/Content/StarterContent/Textures/T_CobbleStone_Pebble_N.uasset"
[2015.12.18-15.09.52:392][  0]LogPackFactory: Copied "../../../Samples/StarterContent/Content/StarterContent/Textures/T_CobbleStone_Rough_D.uasset" to "../../../../../../Users/Mathieu/Documents/Unreal Projects/essai/Content/StarterContent/Textures/T_CobbleStone_Rough_D.uasset"
[2015.12.18-15.09.52:395][  0]LogPackFactory: Copied "../../../Samples/StarterContent/Content/StarterContent/Textures/T_CobbleStone_Rough_N.uasset" to "../../../../../../Users/Mathieu/Documents/Unreal Projects/essai/Content/StarterContent/Textures/T_CobbleStone_Rough_N.uasset"
[2015.12.18-15.09.52:402][  0]LogPackFactory: Copied "../../../Samples/StarterContent/Content/StarterContent/Textures/T_CobbleStone_Smooth_D.uasset" to "../../../../../../Users/Mathieu/Documents/Unreal Projects/essai/Content/StarterContent/Textures/T_CobbleStone_Smooth_D.uasset"
[2015.12.18-15.09.52:409][  0]LogPackFactory: Copied "../../../Samples/StarterContent/Content/StarterContent/Textures/T_CobbleStone_Smooth_M.uasset" to "../../../../../../Users/Mathieu/Documents/Unreal Projects/essai/Content/StarterContent/Textures/T_CobbleStone_Smooth_M.uasset"
[2015.12.18-15.09.52:420][  0]LogPackFactory: Copied "../../../Samples/StarterContent/Content/StarterContent/Textures/T_CobbleStone_Smooth_N.uasset" to "../../../../../../Users/Mathieu/Documents/Unreal Projects/essai/Content/StarterContent/Textures/T_CobbleStone_Smooth_N.uasset"
[2015.12.18-15.09.52:429][  0]LogPackFactory: Copied "../../../Samples/StarterContent/Content/StarterContent/Textures/T_Concrete_Grime_D.uasset" to "../../../../../../Users/Mathieu/Documents/Unreal Projects/essai/Content/StarterContent/Textures/T_Concrete_Grime_D.uasset"
[2015.12.18-15.09.52:436][  0]LogPackFactory: Copied "../../../Samples/StarterContent/Content/StarterContent/Textures/T_Concrete_Panels_D.uasset" to "../../../../../../Users/Mathieu/Documents/Unreal Projects/essai/Content/StarterContent/Textures/T_Concrete_Panels_D.uasset"
[2015.12.18-15.09.52:444][  0]LogPackFactory: Copied "../../../Samples/StarterContent/Content/StarterContent/Textures/T_Concrete_Panels_N.uasset" to "../../../../../../Users/Mathieu/Documents/Unreal Projects/essai/Content/StarterContent/Textures/T_Concrete_Panels_N.uasset"
[2015.12.18-15.09.52:456][  0]LogPackFactory: Copied "../../../Samples/StarterContent/Content/StarterContent/Textures/T_Concrete_Poured_D.uasset" to "../../../../../../Users/Mathieu/Documents/Unreal Projects/essai/Content/StarterContent/Textures/T_Concrete_Poured_D.uasset"
[2015.12.18-15.09.52:466][  0]LogPackFactory: Copied "../../../Samples/StarterContent/Content/StarterContent/Textures/T_Concrete_Poured_N.uasset" to "../../../../../../Users/Mathieu/Documents/Unreal Projects/essai/Content/StarterContent/Textures/T_Concrete_Poured_N.uasset"
[2015.12.18-15.09.52:472][  0]LogPackFactory: Copied "../../../Samples/StarterContent/Content/StarterContent/Textures/T_Concrete_Tiles_D.uasset" to "../../../../../../Users/Mathieu/Documents/Unreal Projects/essai/Content/StarterContent/Textures/T_Concrete_Tiles_D.uasset"
[2015.12.18-15.09.52:478][  0]LogPackFactory: Copied "../../../Samples/StarterContent/Content/StarterContent/Textures/T_Concrete_Tiles_M.uasset" to "../../../../../../Users/Mathieu/Documents/Unreal Projects/essai/Content/StarterContent/Textures/T_Concrete_Tiles_M.uasset"
[2015.12.18-15.09.52:485][  0]LogPackFactory: Copied "../../../Samples/StarterContent/Content/StarterContent/Textures/T_Concrete_Tiles_N.uasset" to "../../../../../../Users/Mathieu/Documents/Unreal Projects/essai/Content/StarterContent/Textures/T_Concrete_Tiles_N.uasset"
[2015.12.18-15.09.52:486][  0]LogPackFactory: Copied "../../../Samples/StarterContent/Content/StarterContent/Textures/T_Concrete_Tiles_Variation_M.uasset" to "../../../../../../Users/Mathieu/Documents/Unreal Projects/essai/Content/StarterContent/Textures/T_Concrete_Tiles_Variation_M.uasset"
[2015.12.18-15.09.52:490][  0]LogPackFactory: Copied "../../../Samples/StarterContent/Content/StarterContent/Textures/T_Detail_Rocky_N.uasset" to "../../../../../../Users/Mathieu/Documents/Unreal Projects/essai/Content/StarterContent/Textures/T_Detail_Rocky_N.uasset"
[2015.12.18-15.09.52:501][  0]LogPackFactory: Copied "../../../Samples/StarterContent/Content/StarterContent/Textures/T_Door_M.uasset" to "../../../../../../Users/Mathieu/Documents/Unreal Projects/essai/Content/StarterContent/Textures/T_Door_M.uasset"
[2015.12.18-15.09.52:539][  0]LogPackFactory: Copied "../../../Samples/StarterContent/Content/StarterContent/Textures/T_Door_N.uasset" to "../../../../../../Users/Mathieu/Documents/Unreal Projects/essai/Content/StarterContent/Textures/T_Door_N.uasset"
[2015.12.18-15.09.52:541][  0]LogPackFactory: Copied "../../../Samples/StarterContent/Content/StarterContent/Textures/T_Dust_Particle_D.uasset" to "../../../../../../Users/Mathieu/Documents/Unreal Projects/essai/Content/StarterContent/Textures/T_Dust_Particle_D.uasset"
[2015.12.18-15.09.52:561][  0]LogPackFactory: Copied "../../../Samples/StarterContent/Content/StarterContent/Textures/T_Explosion_SubUV.uasset" to "../../../../../../Users/Mathieu/Documents/Unreal Projects/essai/Content/StarterContent/Textures/T_Explosion_SubUV.uasset"
[2015.12.18-15.09.52:659][  0]LogPackFactory: Copied "../../../Samples/StarterContent/Content/StarterContent/Textures/T_Fire_SubUV.uasset" to "../../../../../../Users/Mathieu/Documents/Unreal Projects/essai/Content/StarterContent/Textures/T_Fire_SubUV.uasset"
[2015.12.18-15.09.52:921][  0]LogPackFactory: Copied "../../../Samples/StarterContent/Content/StarterContent/Textures/T_Fire_Tiled_D.uasset" to "../../../../../../Users/Mathieu/Documents/Unreal Projects/essai/Content/StarterContent/Textures/T_Fire_Tiled_D.uasset"
[2015.12.18-15.09.53:039][  0]LogPackFactory: Copied "../../../Samples/StarterContent/Content/StarterContent/Textures/T_Frame_M.uasset" to "../../../../../../Users/Mathieu/Documents/Unreal Projects/essai/Content/StarterContent/Textures/T_Frame_M.uasset"
[2015.12.18-15.09.53:136][  0]LogPackFactory: Copied "../../../Samples/StarterContent/Content/StarterContent/Textures/T_Frame_N.uasset" to "../../../../../../Users/Mathieu/Documents/Unreal Projects/essai/Content/StarterContent/Textures/T_Frame_N.uasset"
[2015.12.18-15.09.53:172][  0]LogPackFactory: Copied "../../../Samples/StarterContent/Content/StarterContent/Textures/T_Gradinet_01.uasset" to "../../../../../../Users/Mathieu/Documents/Unreal Projects/essai/Content/StarterContent/Textures/T_Gradinet_01.uasset"
[2015.12.18-15.09.53:181][  0]LogPackFactory: Copied "../../../Samples/StarterContent/Content/StarterContent/Textures/T_Ground_Grass_D.uasset" to "../../../../../../Users/Mathieu/Documents/Unreal Projects/essai/Content/StarterContent/Textures/T_Ground_Grass_D.uasset"
[2015.12.18-15.09.53:190][  0]LogPackFactory: Copied "../../../Samples/StarterContent/Content/StarterContent/Textures/T_Ground_Grass_N.uasset" to "../../../../../../Users/Mathieu/Documents/Unreal Projects/essai/Content/StarterContent/Textures/T_Ground_Grass_N.uasset"
[2015.12.18-15.09.53:516][  0]LogPackFactory: Copied "../../../Samples/StarterContent/Content/StarterContent/Textures/T_Ground_Gravel_D.uasset" to "../../../../../../Users/Mathieu/Documents/Unreal Projects/essai/Content/StarterContent/Textures/T_Ground_Gravel_D.uasset"
[2015.12.18-15.09.53:523][  0]LogPackFactory: Copied "../../../Samples/StarterContent/Content/StarterContent/Textures/T_Ground_Gravel_N.uasset" to "../../../../../../Users/Mathieu/Documents/Unreal Projects/essai/Content/StarterContent/Textures/T_Ground_Gravel_N.uasset"
[2015.12.18-15.09.53:752][  0]LogPackFactory: Copied "../../../Samples/StarterContent/Content/StarterContent/Textures/T_ground_Moss_D.uasset" to "../../../../../../Users/Mathieu/Documents/Unreal Projects/essai/Content/StarterContent/Textures/T_ground_Moss_D.uasset"
[2015.12.18-15.09.54:032][  0]LogPackFactory: Copied "../../../Samples/StarterContent/Content/StarterContent/Textures/T_Ground_Moss_N.uasset" to "../../../../../../Users/Mathieu/Documents/Unreal Projects/essai/Content/StarterContent/Textures/T_Ground_Moss_N.uasset"
[2015.12.18-15.09.54:034][  0]LogPackFactory: Copied "../../../Samples/StarterContent/Content/StarterContent/Textures/T_Lamp_M.uasset" to "../../../../../../Users/Mathieu/Documents/Unreal Projects/essai/Content/StarterContent/Textures/T_Lamp_M.uasset"
[2015.12.18-15.09.54:048][  0]LogPackFactory: Copied "../../../Samples/StarterContent/Content/StarterContent/Textures/T_Lamp_N.uasset" to "../../../../../../Users/Mathieu/Documents/Unreal Projects/essai/Content/StarterContent/Textures/T_Lamp_N.uasset"
[2015.12.18-15.09.54:146][  0]LogPackFactory: Copied "../../../Samples/StarterContent/Content/StarterContent/Textures/T_MacroVariation.uasset" to "../../../../../../Users/Mathieu/Documents/Unreal Projects/essai/Content/StarterContent/Textures/T_MacroVariation.uasset"
[2015.12.18-15.09.54:434][  0]LogPackFactory: Copied "../../../Samples/StarterContent/Content/StarterContent/Textures/T_Metal_Aluminum_D.uasset" to "../../../../../../Users/Mathieu/Documents/Unreal Projects/essai/Content/StarterContent/Textures/T_Metal_Aluminum_D.uasset"
[2015.12.18-15.09.54:610][  0]LogPackFactory: Copied "../../../Samples/StarterContent/Content/StarterContent/Textures/T_Metal_Copper_D.uasset" to "../../../../../../Users/Mathieu/Documents/Unreal Projects/essai/Content/StarterContent/Textures/T_Metal_Copper_D.uasset"
[2015.12.18-15.09.54:810][  0]LogPackFactory: Copied "../../../Samples/StarterContent/Content/StarterContent/Textures/T_Metal_Gold_D.uasset" to "../../../../../../Users/Mathieu/Documents/Unreal Projects/essai/Content/StarterContent/Textures/T_Metal_Gold_D.uasset"
[2015.12.18-15.09.54:902][  0]LogPackFactory: Copied "../../../Samples/StarterContent/Content/StarterContent/Textures/T_Metal_Gold_N.uasset" to "../../../../../../Users/Mathieu/Documents/Unreal Projects/essai/Content/StarterContent/Textures/T_Metal_Gold_N.uasset"
[2015.12.18-15.09.55:059][  0]LogPackFactory: Copied "../../../Samples/StarterContent/Content/StarterContent/Textures/T_Metal_Rust_D.uasset" to "../../../../../../Users/Mathieu/Documents/Unreal Projects/essai/Content/StarterContent/Textures/T_Metal_Rust_D.uasset"
[2015.12.18-15.09.55:254][  0]LogPackFactory: Copied "../../../Samples/StarterContent/Content/StarterContent/Textures/T_Metal_Rust_N.uasset" to "../../../../../../Users/Mathieu/Documents/Unreal Projects/essai/Content/StarterContent/Textures/T_Metal_Rust_N.uasset"
[2015.12.18-15.09.55:371][  0]LogPackFactory: Copied "../../../Samples/StarterContent/Content/StarterContent/Textures/T_Metal_Steel_D.uasset" to "../../../../../../Users/Mathieu/Documents/Unreal Projects/essai/Content/StarterContent/Textures/T_Metal_Steel_D.uasset"
[2015.12.18-15.09.55:537][  0]LogPackFactory: Copied "../../../Samples/StarterContent/Content/StarterContent/Textures/T_Metal_Steel_N.uasset" to "../../../../../../Users/Mathieu/Documents/Unreal Projects/essai/Content/StarterContent/Textures/T_Metal_Steel_N.uasset"
[2015.12.18-15.09.55:700][  0]LogPackFactory: Copied "../../../Samples/StarterContent/Content/StarterContent/Textures/T_Perlin_Noise_M.uasset" to "../../../../../../Users/Mathieu/Documents/Unreal Projects/essai/Content/StarterContent/Textures/T_Perlin_Noise_M.uasset"
[2015.12.18-15.09.55:829][  0]LogPackFactory: Copied "../../../Samples/StarterContent/Content/StarterContent/Textures/T_RockMesh_M.uasset" to "../../../../../../Users/Mathieu/Documents/Unreal Projects/essai/Content/StarterContent/Textures/T_RockMesh_M.uasset"
[2015.12.18-15.09.55:928][  0]LogPackFactory: Copied "../../../Samples/StarterContent/Content/StarterContent/Textures/T_RockMesh_N.uasset" to "../../../../../../Users/Mathieu/Documents/Unreal Projects/essai/Content/StarterContent/Textures/T_RockMesh_N.uasset"
[2015.12.18-15.09.56:193][  0]LogPackFactory: Copied "../../../Samples/StarterContent/Content/StarterContent/Textures/T_Rock_Basalt_D.uasset" to "../../../../../../Users/Mathieu/Documents/Unreal Projects/essai/Content/StarterContent/Textures/T_Rock_Basalt_D.uasset"
[2015.12.18-15.09.56:440][  0]LogPackFactory: Copied "../../../Samples/StarterContent/Content/StarterContent/Textures/T_Rock_Basalt_N.uasset" to "../../../../../../Users/Mathieu/Documents/Unreal Projects/essai/Content/StarterContent/Textures/T_Rock_Basalt_N.uasset"
[2015.12.18-15.09.56:507][  0]LogPackFactory: Copied "../../../Samples/StarterContent/Content/StarterContent/Textures/T_Rock_Marble_Polished_D.uasset" to "../../../../../../Users/Mathieu/Documents/Unreal Projects/essai/Content/StarterContent/Textures/T_Rock_Marble_Polished_D.uasset"
[2015.12.18-15.09.56:896][  0]LogPackFactory: Copied "../../../Samples/StarterContent/Content/StarterContent/Textures/T_Rock_Sandstone_D.uasset" to "../../../../../../Users/Mathieu/Documents/Unreal Projects/essai/Content/StarterContent/Textures/T_Rock_Sandstone_D.uasset"
[2015.12.18-15.09.56:938][  0]LogPackFactory: Copied "../../../Samples/StarterContent/Content/StarterContent/Textures/T_Rock_Sandstone_N.uasset" to "../../../../../../Users/Mathieu/Documents/Unreal Projects/essai/Content/StarterContent/Textures/T_Rock_Sandstone_N.uasset"
[2015.12.18-15.09.57:449][  0]LogPackFactory: Copied "../../../Samples/StarterContent/Content/StarterContent/Textures/T_Rock_Slate_D.uasset" to "../../../../../../Users/Mathieu/Documents/Unreal Projects/essai/Content/StarterContent/Textures/T_Rock_Slate_D.uasset"
[2015.12.18-15.09.57:506][  0]LogPackFactory: Copied "../../../Samples/StarterContent/Content/StarterContent/Textures/T_Rock_Slate_N.uasset" to "../../../../../../Users/Mathieu/Documents/Unreal Projects/essai/Content/StarterContent/Textures/T_Rock_Slate_N.uasset"
[2015.12.18-15.09.57:633][  0]LogPackFactory: Copied "../../../Samples/StarterContent/Content/StarterContent/Textures/T_Rock_Smooth_Granite_D.uasset" to "../../../../../../Users/Mathieu/Documents/Unreal Projects/essai/Content/StarterContent/Textures/T_Rock_Smooth_Granite_D.uasset"
[2015.12.18-15.09.57:641][  0]LogPackFactory: Copied "../../../Samples/StarterContent/Content/StarterContent/Textures/T_Shelf_M.uasset" to "../../../../../../Users/Mathieu/Documents/Unreal Projects/essai/Content/StarterContent/Textures/T_Shelf_M.uasset"
[2015.12.18-15.09.57:744][  0]LogPackFactory: Copied "../../../Samples/StarterContent/Content/StarterContent/Textures/T_Shelf_N.uasset" to "../../../../../../Users/Mathieu/Documents/Unreal Projects/essai/Content/StarterContent/Textures/T_Shelf_N.uasset"
[2015.12.18-15.09.57:812][  0]LogPackFactory: Copied "../../../Samples/StarterContent/Content/StarterContent/Textures/T_Single_Tile_N.uasset" to "../../../../../../Users/Mathieu/Documents/Unreal Projects/essai/Content/StarterContent/Textures/T_Single_Tile_N.uasset"
[2015.12.18-15.09.57:815][  0]LogPackFactory: Copied "../../../Samples/StarterContent/Content/StarterContent/Textures/T_Smoke_SubUV.uasset" to "../../../../../../Users/Mathieu/Documents/Unreal Projects/essai/Content/StarterContent/Textures/T_Smoke_SubUV.uasset"
[2015.12.18-15.09.57:816][  0]LogPackFactory: Copied "../../../Samples/StarterContent/Content/StarterContent/Textures/T_Smoke_Tiled_D.uasset" to "../../../../../../Users/Mathieu/Documents/Unreal Projects/essai/Content/StarterContent/Textures/T_Smoke_Tiled_D.uasset"
[2015.12.18-15.09.57:925][  0]LogPackFactory: Copied "../../../Samples/StarterContent/Content/StarterContent/Textures/T_Spark_Core.uasset" to "../../../../../../Users/Mathieu/Documents/Unreal Projects/essai/Content/StarterContent/Textures/T_Spark_Core.uasset"
[2015.12.18-15.09.59:942][  0]LogPackFactory: Copied "../../../Samples/StarterContent/Content/StarterContent/Textures/T_Statue_M.uasset" to "../../../../../../Users/Mathieu/Documents/Unreal Projects/essai/Content/StarterContent/Textures/T_Statue_M.uasset"
[2015.12.18-15.10.00:504][  0]LogPackFactory: Copied "../../../Samples/StarterContent/Content/StarterContent/Textures/T_Statue_N.uasset" to "../../../../../../Users/Mathieu/Documents/Unreal Projects/essai/Content/StarterContent/Textures/T_Statue_N.uasset"
[2015.12.18-15.10.01:153][  0]LogPackFactory: Copied "../../../Samples/StarterContent/Content/StarterContent/Textures/T_TableRound_M.uasset" to "../../../../../../Users/Mathieu/Documents/Unreal Projects/essai/Content/StarterContent/Textures/T_TableRound_M.uasset"
[2015.12.18-15.10.01:380][  0]LogPackFactory: Copied "../../../Samples/StarterContent/Content/StarterContent/Textures/T_TableRound_N.uasset" to "../../../../../../Users/Mathieu/Documents/Unreal Projects/essai/Content/StarterContent/Textures/T_TableRound_N.uasset"
[2015.12.18-15.10.01:401][  0]LogPackFactory: Copied "../../../Samples/StarterContent/Content/StarterContent/Textures/T_Tech_Dot_M.uasset" to "../../../../../../Users/Mathieu/Documents/Unreal Projects/essai/Content/StarterContent/Textures/T_Tech_Dot_M.uasset"
[2015.12.18-15.10.01:402][  0]LogPackFactory: Copied "../../../Samples/StarterContent/Content/StarterContent/Textures/T_Tech_Dot_N.uasset" to "../../../../../../Users/Mathieu/Documents/Unreal Projects/essai/Content/StarterContent/Textures/T_Tech_Dot_N.uasset"
[2015.12.18-15.10.01:550][  0]LogPackFactory: Copied "../../../Samples/StarterContent/Content/StarterContent/Textures/T_Tech_Hex_Tile_M.uasset" to "../../../../../../Users/Mathieu/Documents/Unreal Projects/essai/Content/StarterContent/Textures/T_Tech_Hex_Tile_M.uasset"
[2015.12.18-15.10.01:793][  0]LogPackFactory: Copied "../../../Samples/StarterContent/Content/StarterContent/Textures/T_Tech_Hex_Tile_N.uasset" to "../../../../../../Users/Mathieu/Documents/Unreal Projects/essai/Content/StarterContent/Textures/T_Tech_Hex_Tile_N.uasset"
[2015.12.18-15.10.01:891][  0]LogPackFactory: Copied "../../../Samples/StarterContent/Content/StarterContent/Textures/T_Tech_Panel_M.uasset" to "../../../../../../Users/Mathieu/Documents/Unreal Projects/essai/Content/StarterContent/Textures/T_Tech_Panel_M.uasset"
[2015.12.18-15.10.02:478][  0]LogPackFactory: Copied "../../../Samples/StarterContent/Content/StarterContent/Textures/T_Tech_Panel_N.uasset" to "../../../../../../Users/Mathieu/Documents/Unreal Projects/essai/Content/StarterContent/Textures/T_Tech_Panel_N.uasset"
[2015.12.18-15.10.02:738][  0]LogPackFactory: Copied "../../../Samples/StarterContent/Content/StarterContent/Textures/T_Water_M.uasset" to "../../../../../../Users/Mathieu/Documents/Unreal Projects/essai/Content/StarterContent/Textures/T_Water_M.uasset"
[2015.12.18-15.10.03:357][  0]LogPackFactory: Copied "../../../Samples/StarterContent/Content/StarterContent/Textures/T_Water_N.uasset" to "../../../../../../Users/Mathieu/Documents/Unreal Projects/essai/Content/StarterContent/Textures/T_Water_N.uasset"
[2015.12.18-15.10.04:712][  0]LogPackFactory: Copied "../../../Samples/StarterContent/Content/StarterContent/Textures/T_Wood_Floor_Walnut_D.uasset" to "../../../../../../Users/Mathieu/Documents/Unreal Projects/essai/Content/StarterContent/Textures/T_Wood_Floor_Walnut_D.uasset"
[2015.12.18-15.10.06:139][  0]LogPackFactory: Copied "../../../Samples/StarterContent/Content/StarterContent/Textures/T_Wood_Floor_Walnut_M.uasset" to "../../../../../../Users/Mathieu/Documents/Unreal Projects/essai/Content/StarterContent/Textures/T_Wood_Floor_Walnut_M.uasset"
[2015.12.18-15.10.06:365][  0]LogPackFactory: Copied "../../../Samples/StarterContent/Content/StarterContent/Textures/T_Wood_Floor_Walnut_N.uasset" to "../../../../../../Users/Mathieu/Documents/Unreal Projects/essai/Content/StarterContent/Textures/T_Wood_Floor_Walnut_N.uasset"
[2015.12.18-15.10.06:502][  0]LogPackFactory: Copied "../../../Samples/StarterContent/Content/StarterContent/Textures/T_Wood_Oak_D.uasset" to "../../../../../../Users/Mathieu/Documents/Unreal Projects/essai/Content/StarterContent/Textures/T_Wood_Oak_D.uasset"
[2015.12.18-15.10.06:634][  0]LogPackFactory: Copied "../../../Samples/StarterContent/Content/StarterContent/Textures/T_Wood_Oak_N.uasset" to "../../../../../../Users/Mathieu/Documents/Unreal Projects/essai/Content/StarterContent/Textures/T_Wood_Oak_N.uasset"
[2015.12.18-15.10.06:798][  0]LogPackFactory: Copied "../../../Samples/StarterContent/Content/StarterContent/Textures/T_Wood_Pine_D.uasset" to "../../../../../../Users/Mathieu/Documents/Unreal Projects/essai/Content/StarterContent/Textures/T_Wood_Pine_D.uasset"
[2015.12.18-15.10.06:865][  0]LogPackFactory: Copied "../../../Samples/StarterContent/Content/StarterContent/Textures/T_Wood_Pine_N.uasset" to "../../../../../../Users/Mathieu/Documents/Unreal Projects/essai/Content/StarterContent/Textures/T_Wood_Pine_N.uasset"
[2015.12.18-15.10.06:975][  0]LogPackFactory: Copied "../../../Samples/StarterContent/Content/StarterContent/Textures/T_Wood_Walnut_D.uasset" to "../../../../../../Users/Mathieu/Documents/Unreal Projects/essai/Content/StarterContent/Textures/T_Wood_Walnut_D.uasset"
[2015.12.18-15.10.07:024][  0]LogPackFactory: Copied "../../../Samples/StarterContent/Content/StarterContent/Textures/T_Wood_Walnut_N.uasset" to "../../../../../../Users/Mathieu/Documents/Unreal Projects/essai/Content/StarterContent/Textures/T_Wood_Walnut_N.uasset"
[2015.12.18-15.10.07:165][  0]LogRenderer: Reallocating scene render targets to support 256x256 (Frame:2).
[2015.12.18-15.10.07:345][  0]LogSavePackage: Save=10.087036ms
[2015.12.18-15.10.07:345][  0]LogSavePackage: Moving '../../../../../../Users/Mathieu/Documents/Unreal Projects/essai/Saved/Floor_400x400531C75DD45E5520EA35344ABF53FBC0C.tmp' to '../../../../../../Users/Mathieu/Documents/Unreal Projects/essai/Content/StarterContent/Architecture/Floor_400x400.uasset'
[2015.12.18-15.10.07:454][  0]LogSavePackage: Total save time: 133.583527ms
[2015.12.18-15.10.07:454][  0]LogSavePackage:Display: Finished SavePackage ../../../../../../Users/Mathieu/Documents/Unreal Projects/essai/Content/StarterContent/Architecture/Floor_400x400.uasset
[2015.12.18-15.10.07:455][  0]LogFeaturePack:Warning: Inserted 1 feature packs
[2015.12.18-15.10.07:456][  0]Cmd: MAP LOAD FILE="../../../../../../Users/Mathieu/Documents/Unreal Projects/essai/Content/FirstPersonBP/Maps/FirstPersonExampleMap.umap" TEMPLATE=0 SHOWPROGRESS=1 FEATURELEVEL=3
[2015.12.18-15.10.07:456][  0]LightingResults: New page: Lighting Build
[2015.12.18-15.10.07:460][  0]MapCheck: New page: Map Check
[2015.12.18-15.10.07:460][  0]LightingResults: New page: Lighting Build
[2015.12.18-15.10.07:472][  0]LogParticles: Destroying 0 GPU particle simulations for FXSystem 0x000000AA0077BB00
[2015.12.18-15.10.07:633][  0]LogLinker:Warning: Asset '../../../../../../Users/Mathieu/Documents/Unreal Projects/essai/Content/FirstPerson/Meshes/FirstPersonProjectileMesh.uasset' has been saved with empty engine version. The asset will be loaded but may be incompatible.
[2015.12.18-15.10.08:578][  0]LogAIModule: Creating AISystem for world FirstPersonExampleMap
[2015.12.18-15.10.08:590][  0]LogEditorServer: Finished looking for orphan Actors (0.000 secs)
[2015.12.18-15.10.08:590][  0]Cmd: MAP CHECKDEP NOCLEARLOG
[2015.12.18-15.10.08:698][  0]MapCheck: Info Map check complete: 0 Error(s), 0 Warning(s), took 107.744ms to complete.
[2015.12.18-15.10.08:698][  0]LogFileHelpers: Loading map 'FirstPersonExampleMap' took 1.243
[2015.12.18-15.10.08:994][  0]LogCollectionManager: Loaded 0 collections in 0.002686 seconds
[2015.12.18-15.10.09:040][  0]LogFileCache: Scanning file cache for directory 'C:/Users/Mathieu/Documents/Unreal Projects/essai/Saved/Collections/' took 0.01s
[2015.12.18-15.10.09:040][  0]LogFileCache: Scanning file cache for directory 'C:/Users/Mathieu/Documents/Unreal Projects/essai/Content/Developers/Mathieu/Collections/' took 0.01s
[2015.12.18-15.10.09:040][  0]LogFileCache: Scanning file cache for directory 'C:/Users/Mathieu/Documents/Unreal Projects/essai/Content/Collections/' took 0.01s
[2015.12.18-15.10.09:040][  0]LogCollectionManager: Rebuilt the GUID cache for 0 collections in 0.000002 seconds
[2015.12.18-15.10.09:049][  0]LogContentBrowser: Native class hierarchy populated in 0.0085 seconds. Added 1893 classes and 338 folders.
[2015.12.18-15.10.09:057][  0]LogContentBrowser: Native class hierarchy updated for 'WidgetCarousel' in 0.0004 seconds. Added 0 classes and 0 folders.
[2015.12.18-15.10.09:132][  0]LogContentBrowser: Native class hierarchy updated for 'AddContentDialog' in 0.0004 seconds. Added 0 classes and 0 folders.
[2015.12.18-15.10.09:188][  0]LogContentBrowser: Native class hierarchy updated for 'SceneOutliner' in 0.0004 seconds. Added 1 classes and 2 folders.
[2015.12.18-15.10.09:240][  0]LogCrashTracker: Crashtracker disabled due to settings.
[2015.12.18-15.10.09:246][  0]LogUObjectGlobals:Warning: Failed to find object 'Class None.'
[2015.12.18-15.10.09:269][  0]LogLoad: Full Startup: 23.94 seconds (BP compile: 0.15 seconds)
[2015.12.18-15.10.09:291][  0]LogOcInput: Can't find Oculus library dev build: is proper Runtime installed? Version: 0.8.0.0
[2015.12.18-15.10.09:527][  0]LogContentStreaming: Texture pool size now 1000 MB
[2015.12.18-15.10.09:634][  0]LogRenderer: Reallocating scene render targets to support 736x368 (Frame:3).
[2015.12.18-15.10.10:224][  5]LogAssetRegistry: Asset discovery search completed in 20.5614 seconds
[2015.12.18-15.10.10:225][  5]LogCollectionManager: Rebuilt the object cache for 0 collections in 0.000001 seconds (found 0 objects)
[2015.12.18-15.10.10:225][  5]LogCollectionManager: Fixed up redirectors for 0 collections in 0.000024 seconds (updated 0 objects)
[2015.12.18-15.10.16:461][219]LogEditorViewport: Clicking on Actor (LMB): FirstPersonCharacter_C (FirstPersonCharacter)
[2015.12.18-15.11.56:291][512]LogLinker:Warning: Asset '../../../Engine/Content/ArtTools/RenderToTexture/Macros/RenderToTextureMacros.uasset' has been saved with empty engine version. The asset will be loaded but may be incompatible.
[2015.12.18-15.11.56:813][512]LogContentBrowser: Native class hierarchy updated for 'BlueprintGraph' in 0.0010 seconds. Added 107 classes and 0 folders.
[2015.12.18-15.20.21:973][963]LogFileHelpers: Editor autosave (incl. sublevels) for '/Game/FirstPersonBP/Maps/FirstPersonExampleMap' took 0.044
[2015.12.18-15.20.21:980][963]OBJ SavePackage: Generating thumbnails for [0] asset(s) in package [/Game/FirstPersonBP/MathieuHUD/WidgetBP] ([1] browsable assets)...
[2015.12.18-15.20.21:980][963]OBJ SavePackage: Finished generating thumbnails for package [/Game/FirstPersonBP/MathieuHUD/WidgetBP]
[2015.12.18-15.20.21:989][963]LogSavePackage: Save=7.717087ms
[2015.12.18-15.20.21:989][963]LogSavePackage: Moving '../../../../../../Users/Mathieu/Documents/Unreal Projects/essai/Saved/WidgetBP_Auto1397D2D964696895FD7FA828564ABDA28.tmp' to '../../../../../../Users/Mathieu/Documents/Unreal Projects/essai/Saved/Autosaves/Game/FirstPersonBP/MathieuHUD/WidgetBP_Auto1.uasset'
[2015.12.18-15.20.21:990][963]LogSavePackage: Total save time: 9.192426ms
[2015.12.18-15.20.21:990][963]LogSavePackage:Display: Finished SavePackage ../../../../../../Users/Mathieu/Documents/Unreal Projects/essai/Saved/Autosaves/Game/FirstPersonBP/MathieuHUD/WidgetBP_Auto1.uasset
[2015.12.18-15.20.21:990][963]LogFileHelpers: Auto-saving content packages took 0.016
[2015.12.18-15.20.56:327][710]LogEditorTransaction: Undo Comment Bubble Visibility
[2015.12.18-15.20.58:406][768]LogEditorTransaction: Undo Add Node
[2015.12.18-15.25.46:463][826]LogEditorTransaction: Undo Add Node
[2015.12.18-15.27.45:226][978]BlueprintLog: New page: Compile WidgetBP
[2015.12.18-15.27.45:350][978]LogActorComponent: UnregisterComponent: (/Engine/Transient.CharMoveComp) Not registered. Aborting.
[2015.12.18-15.27.45:350][978]LogActorComponent: UnregisterComponent: (/Engine/Transient.ProjectileMovementComponent_40__A6522401) Not registered. Aborting.
[2015.12.18-15.27.45:385][978]BlueprintEditorCompileResults: Info [1080.05] Compile of WidgetBP successful! [in 159 ms]
[2015.12.18-15.30.22:857][733]LogFileHelpers: Editor autosave (incl. sublevels) for '/Game/FirstPersonBP/Maps/FirstPersonExampleMap' took 0.033
[2015.12.18-15.30.22:864][733]OBJ SavePackage: Generating thumbnails for [0] asset(s) in package [/Game/FirstPersonBP/MathieuHUD/WidgetBP] ([1] browsable assets)...
[2015.12.18-15.30.22:864][733]OBJ SavePackage: Finished generating thumbnails for package [/Game/FirstPersonBP/MathieuHUD/WidgetBP]
[2015.12.18-15.30.22:881][733]LogSavePackage: Save=15.401247ms
[2015.12.18-15.30.22:881][733]LogSavePackage: Moving '../../../../../../Users/Mathieu/Documents/Unreal Projects/essai/Saved/WidgetBP_Auto2BE9AAEA3477F5FABB89AE18097E24CB7.tmp' to '../../../../../../Users/Mathieu/Documents/Unreal Projects/essai/Saved/Autosaves/Game/FirstPersonBP/MathieuHUD/WidgetBP_Auto2.uasset'
[2015.12.18-15.30.22:882][733]LogSavePackage: Total save time: 17.430797ms
[2015.12.18-15.30.22:882][733]LogSavePackage:Display: Finished SavePackage ../../../../../../Users/Mathieu/Documents/Unreal Projects/essai/Saved/Autosaves/Game/FirstPersonBP/MathieuHUD/WidgetBP_Auto2.uasset
[2015.12.18-15.30.22:883][733]LogFileHelpers: Auto-saving content packages took 0.024
[2015.12.18-15.31.11:440][931]LogEditorTransaction: Undo Rename Widget
[2015.12.18-15.31.12:248][931]LogCrashTracker: 


[2015.12.18-15.31.12:252][931]LogCrashTracker: 


[2015.12.18-15.31.12:252][931]LogWindows:Error: === Critical error: ===
Fatal error!



[2015.12.18-15.31.12:313][931]LogExit: Executing StaticShutdownAfterError
[2015.12.18-15.31.12:318][931]LogPhysics:Warning: PHYSX: ..\..\PhysX\src\NpScene.cpp (2946) 8 : PxScene::unlockWrite() called without matching call to PxScene::lockWrite(), behaviour will be undefined.
[2015.12.18-15.31.12:319][931]LogPhysics:Warning: PHYSX: ..\..\PhysX\src\NpScene.cpp (2946) 8 : PxScene::unlockWrite() called without matching call to PxScene::lockWrite(), behaviour will be undefined.
[2015.12.18-15.31.12:319][931]LogPhysics:Warning: PHYSX: ..\..\PhysX\src\NpScene.cpp (2946) 8 : PxScene::unlockWrite() called without matching call to PxScene::lockWrite(), behaviour will be undefined.
[2015.12.18-15.31.12:319][931]LogPhysics:Warning: PHYSX: ..\..\PhysX\src\NpScene.cpp (2946) 8 : PxScene::unlockWrite() called without matching call to PxScene::lockWrite(), behaviour will be undefined.
[2015.12.18-15.31.12:319][931]LogPhysics:Warning: PHYSX: ..\..\PhysX\src\NpScene.cpp (2946) 8 : PxScene::unlockWrite() called without matching call to PxScene::lockWrite(), behaviour will be undefined.
[2015.12.18-15.31.12:319][931]LogPhysics:Warning: PHYSX: ..\..\PhysX\src\NpScene.cpp (2946) 8 : PxScene::unlockWrite() called without matching call to PxScene::lockWrite(), behaviour will be undefined.
[2015.12.18-15.31.12:319][931]LogWindows: FPlatformMisc::RequestExit(1)
[2015.12.18-15.31.12:319][931]Log file closed, 12/18/15 10:31:12
