[2015.12.18-15.31.49:152][  0]Log file open, 12/18/15 10:31:49
[2015.12.18-15.31.49:152][  0]LogInit:Display: Running engine for game: essai
[2015.12.18-15.31.49:152][  0]LogPlatformFile: Not using cached read wrapper
[2015.12.18-15.31.49:152][  0]LogInit:Display: RandInit(1593925369) SRandInit(1593925371).
[2015.12.18-15.31.49:152][  0]LogTaskGraph: Started task graph with 4 named threads and 7 total threads.
[2015.12.18-15.31.49:152][  0]LogStats: Stats thread started at 0.092872
[2015.12.18-15.31.49:152][  0]LogInit: Version: 4.10.1-2791327+++depot+UE4-Releases+4.10
[2015.12.18-15.31.49:152][  0]LogInit: API Version: 2758231
[2015.12.18-15.31.49:152][  0]LogInit: Compiled (64-bit): Dec  4 2015 19:44:40
[2015.12.18-15.31.49:152][  0]LogInit: Compiled with Visual C++: 19.00.23026.00
[2015.12.18-15.31.49:152][  0]LogInit: Build Configuration: Development
[2015.12.18-15.31.49:152][  0]LogInit: Branch Name: ++depot+UE4-Releases+4.10
[2015.12.18-15.31.49:152][  0]LogInit: Command line:  
[2015.12.18-15.31.49:152][  0]LogInit: Base directory: C:/Program Files/Epic Games/4.10/Engine/Binaries/Win64/
[2015.12.18-15.31.49:152][  0]LogInit: Rocket: 1
[2015.12.18-15.31.49:166][  0]LogInit: Using libcurl 7.41.0
[2015.12.18-15.31.49:166][  0]LogInit:  - built for x86_64-pc-win32
[2015.12.18-15.31.49:166][  0]LogInit:  - supports SSL with WinSSL
[2015.12.18-15.31.49:166][  0]LogInit:  - other features:
[2015.12.18-15.31.49:166][  0]LogInit:      CURL_VERSION_SSL
[2015.12.18-15.31.49:166][  0]LogInit:      CURL_VERSION_IPV6
[2015.12.18-15.31.49:166][  0]LogInit:      CURL_VERSION_ASYNCHDNS
[2015.12.18-15.31.49:166][  0]LogInit:      CURL_VERSION_LARGEFILE
[2015.12.18-15.31.49:166][  0]LogInit:      CURL_VERSION_IDN
[2015.12.18-15.31.49:166][  0]LogInit:  CurlRequestOptions (configurable via config and command line):
[2015.12.18-15.31.49:166][  0]LogInit:  - bVerifyPeer = true  - Libcurl will verify peer certificate
[2015.12.18-15.31.49:166][  0]LogInit:  - bUseHttpProxy = false  - Libcurl will NOT use HTTP proxy
[2015.12.18-15.31.49:166][  0]LogInit:  - bDontReuseConnections = false  - Libcurl will reuse connections
[2015.12.18-15.31.49:166][  0]LogInit:  - CertBundlePath = nullptr  - Libcurl will use whatever was configured at build time.
[2015.12.18-15.31.49:178][  0]LogInit: Presizing for 0 objects not considered by GC, pre-allocating 0 bytes.
[2015.12.18-15.31.49:187][  0]LogInit: Object subsystem initialized
[2015.12.18-15.31.49:190][  0]LogInit: Selected Device Profile: [Windows]
[2015.12.18-15.31.49:190][  0]LogInit: Applying CVar settings loaded from the selected device profile: [Windows]
[2015.12.18-15.31.49:201][  0]LogInit: Computer: LABAGUETTE
[2015.12.18-15.31.49:201][  0]LogInit: User: Mathieu
[2015.12.18-15.31.49:201][  0]LogInit: CPU Page size=4096, Cores=4
[2015.12.18-15.31.49:201][  0]LogInit: High frequency timer resolution =2.338447 MHz
[2015.12.18-15.31.49:201][  0]LogMemory: Memory total: Physical=7.7GB (8GB approx)
[2015.12.18-15.31.49:201][  0]LogMemory: Platform Memory Stats for Windows
[2015.12.18-15.31.49:201][  0]LogMemory: Process Physical Memory: 55.08 MB used, 55.08 MB peak
[2015.12.18-15.31.49:201][  0]LogMemory: Process Virtual Memory: 56.94 MB used, 56.94 MB peak
[2015.12.18-15.31.49:201][  0]LogMemory: Physical Memory: 4724.58 MB used, 7888.79 MB total
[2015.12.18-15.31.49:201][  0]LogMemory: Virtual Memory: 366.34 MB used, 134217728.00 MB total
[2015.12.18-15.31.49:253][  0]LogTextLocalizationManager: No specific translations for ('en-CA') exist, so ('en') translations will be used.
[2015.12.18-15.31.49:803][  0]LogD3D11RHI: Found D3D11 adapter 0: NVIDIA NVS 5400M     (Feature Level 11_0)
[2015.12.18-15.31.49:803][  0]LogD3D11RHI: Adapter has 973MB of dedicated video memory, 0MB of dedicated system memory, and 3071MB of shared system memory, 1 output[s]
[2015.12.18-15.31.49:834][  0]LogD3D11RHI: Found D3D11 adapter 1: NVIDIA NVS 5400M     (Feature Level 11_0)
[2015.12.18-15.31.49:834][  0]LogD3D11RHI: Adapter has 973MB of dedicated video memory, 0MB of dedicated system memory, and 3071MB of shared system memory, 0 output[s]
[2015.12.18-15.31.49:836][  0]LogD3D11RHI: Found D3D11 adapter 2: Microsoft Basic Render Driver (Feature Level 11_0)
[2015.12.18-15.31.49:836][  0]LogD3D11RHI: Adapter has 973MB of dedicated video memory, 0MB of dedicated system memory, and 3071MB of shared system memory, 0 output[s]
[2015.12.18-15.31.49:836][  0]LogD3D11RHI: Chosen D3D11 Adapter Id = 0
[2015.12.18-15.31.49:845][  0]LogD3D11RHI: !Direct3DDevice
[2015.12.18-15.31.49:845][  0]LogRHI: Texture pool is 1361 MB (70% of 1945 MB)
[2015.12.18-15.31.49:866][  0]LogD3D11RHI: Async texture creation enabled
[2015.12.18-15.31.49:886][  0]LogShaderCompilers: Guid format shader working directory is -16 characters bigger than the processId version (../../../../../../Users/Mathieu/Documents/Unreal Projects/essai/Intermediate/Shaders/WorkingDirectory/14088/).
[2015.12.18-15.31.49:887][  0]LogShaderCompilers: Cleaned the shader compiler working directory 'C:/Users/Mathieu/AppData/Local/Temp/UnrealShaderWorkingDir/DE0998544792C8CD9DC63D868A8846D8/'.
[2015.12.18-15.31.49:887][  0]LogShaderCompilers:Display: Using Local Shader Compiler.
[2015.12.18-15.31.51:202][  0]LogTemp:Display: Loaded TP AllDesktopTargetPlatform
[2015.12.18-15.31.51:211][  0]LogTemp:Display: Loaded TP WindowsClientTargetPlatform
[2015.12.18-15.31.51:219][  0]LogTemp:Display: Loaded TP WindowsNoEditorTargetPlatform
[2015.12.18-15.31.51:229][  0]LogTemp:Display: Loaded TP WindowsServerTargetPlatform
[2015.12.18-15.31.51:238][  0]LogTemp:Display: Loaded TP WindowsTargetPlatform
[2015.12.18-15.31.51:244][  0]LogTemp:Display: Loaded TP AndroidTargetPlatform
[2015.12.18-15.31.51:251][  0]LogTemp:Display: Loaded TP Android_ASTCTargetPlatform
[2015.12.18-15.31.51:258][  0]LogTemp:Display: Loaded TP Android_ATCTargetPlatform
[2015.12.18-15.31.51:264][  0]LogTemp:Display: Loaded TP Android_DXTTargetPlatform
[2015.12.18-15.31.51:271][  0]LogTemp:Display: Loaded TP Android_ETC1TargetPlatform
[2015.12.18-15.31.51:277][  0]LogTemp:Display: Loaded TP Android_ETC2TargetPlatform
[2015.12.18-15.31.51:289][  0]LogTemp:Display: Loaded TP Android_MultiTargetPlatform
[2015.12.18-15.31.51:289][  0]LogTemp:Display: Loaded TP Android_PVRTCTargetPlatform
[2015.12.18-15.31.51:292][  0]LogTemp:Display: Loaded TP HTML5TargetPlatform
[2015.12.18-15.31.51:314][  0]LogTemp:Display: Loaded TP IOSTargetPlatform
[2015.12.18-15.31.51:319][  0]LogTemp:Display: Loaded TP LinuxNoEditorTargetPlatform
[2015.12.18-15.31.51:325][  0]LogTemp:Display: Loaded TP LinuxServerTargetPlatform
[2015.12.18-15.31.51:331][  0]LogTemp:Display: Loaded TP LinuxTargetPlatform
[2015.12.18-15.31.51:331][  0]LogTargetPlatformManager:Display: Building Assets For Windows
[2015.12.18-15.31.51:501][  0]LogDerivedDataCache:Display: Max Cache Size: 512 MB
[2015.12.18-15.31.51:566][  0]LogDerivedDataCache: Loaded boot cache 0.07s 41MB C:/Users/Mathieu/AppData/Local/UnrealEngine/4.10/DerivedDataCache/Boot.ddc.
[2015.12.18-15.31.51:566][  0]LogDerivedDataCache:Display: Loaded Boot cache: C:/Users/Mathieu/AppData/Local/UnrealEngine/4.10/DerivedDataCache/Boot.ddc
[2015.12.18-15.31.51:567][  0]LogDerivedDataCache: FDerivedDataBackendGraph:  Pak pak cache file ../../../../../../Users/Mathieu/Documents/Unreal Projects/essai/DerivedDataCache/DDC.ddp not found, will not use a pak cache.
[2015.12.18-15.31.51:567][  0]LogDerivedDataCache: Unable to find inner node Pak for hierarchical cache Hierarchy.
[2015.12.18-15.31.51:567][  0]LogDerivedDataCache: FDerivedDataBackendGraph:  CompressedPak pak cache file ../../../../../../Users/Mathieu/Documents/Unreal Projects/essai/DerivedDataCache/Compressed.ddp not found, will not use a pak cache.
[2015.12.18-15.31.51:567][  0]LogDerivedDataCache: Unable to find inner node CompressedPak for hierarchical cache Hierarchy.
[2015.12.18-15.31.51:681][  0]LogDerivedDataCache:Display: Pak cache opened for reading ../../../Engine/DerivedDataCache/Compressed.ddp.
[2015.12.18-15.31.51:694][  0]LogDerivedDataCache: Using Local data cache path C:/Users/Mathieu/AppData/Local/UnrealEngine/Common/DerivedDataCache: Writable
[2015.12.18-15.31.52:082][  0]LogInit: Selected Device Profile: [Windows]
[2015.12.18-15.31.52:088][  0]LogContentStreaming: Texture pool size is 0.000000MB
[2015.12.18-15.31.52:283][  0]LogMeshUtilities: No automatic mesh reduction module available
[2015.12.18-15.31.52:283][  0]LogMeshUtilities: No automatic mesh merging module available
[2015.12.18-15.31.52:685][  0]LogInit: WinSock: version 1.1 (2.2), MaxSocks=32767, MaxUdp=65467
[2015.12.18-15.31.54:304][  0]UdpMessaging: Initializing bridge on interface 0.0.0.0:0 to multicast group 230.0.0.1:6666.
[2015.12.18-15.31.54:439][  0]LogAssetRegistry: FAssetRegistry took 0.0108 seconds to start up
[2015.12.18-15.31.54:772][  0]SourceControl: Info Source control is disabled
[2015.12.18-15.31.54:885][  0]SourceControl: Info Source control is disabled
[2015.12.18-15.31.54:914][  0]SourceControl: Info Source control is disabled
[2015.12.18-15.31.54:944][  0]SourceControl: Info Source control is disabled
[2015.12.18-15.31.55:435][  0]LogObj: 28633 objects as part of root set at end of initial load.
[2015.12.18-15.31.55:435][  0]LogUObjectAllocator: 6099744 out of 0 bytes used by permanent object pool.
[2015.12.18-15.31.55:530][  0]LogEngine: Initializing Engine...
[2015.12.18-15.31.55:537][  0]LogHMD: Can't find Oculus library dev build: is proper Runtime installed? Version: 0.8.0.0
[2015.12.18-15.31.55:539][  0]LogHMD: SteamVR failed to initialize.  Err: 110
[2015.12.18-15.31.55:740][  0]LogAIModule: Creating AISystem for world NewWorld
[2015.12.18-15.31.55:748][  0]LogInit: XAudio2 using 'Headphones (High Definition Audio Device)' : 2 channels at 44.1 kHz using 16 bits per sample (channel mask 0x3)
[2015.12.18-15.31.55:757][  0]LogInit: FAudioDevice initialized.
[2015.12.18-15.31.55:786][  0]LogDerivedDataCache: Saved boot cache 0.03s 41MB C:/Users/Mathieu/AppData/Local/UnrealEngine/4.10/DerivedDataCache/Boot.ddc.
[2015.12.18-15.31.55:789][  0]LogInit: Texture streaming: Enabled
[2015.12.18-15.31.55:798][  0]LogAnalytics: Creating configured Analytics provider AnalyticsET
[2015.12.18-15.31.55:798][  0]LogAnalytics: [UEEditor.Rocket.Release] APIServer = http://et2.epicgames.com/ET2/. AppVersion = 4.10.1-2791327+++depot+UE4-Releases+4.10
[2015.12.18-15.31.55:798][  0]LogAnalytics: [UEEditor.Rocket.Release] SetUserId dca4fec74d4e3c1ff6b015804794b88a|121a6ec79910484cb2ff136d0597de7f|315e9ff7-8e3a-48f8-92e8-2458b76a9466
[2015.12.18-15.31.55:798][  0]LogAnalytics: [UEEditor.Rocket.Release] AnalyticsET::StartSession
[2015.12.18-15.31.55:822][  0]LogWindowsTextInputMethodSystem:Display: IME system now deactivated.
[2015.12.18-15.31.55:906][  0]LogInit: Transaction tracking system initialized
[2015.12.18-15.31.55:967][  0]BlueprintLog: New page: Editor Load
[2015.12.18-15.31.56:143][  0]LocalizationService: Info Localization service is disabled
[2015.12.18-15.31.56:302][  0]LogConsoleResponse:Display: 
[2015.12.18-15.31.56:499][  0]LogCook:Display: Done creating registry. It took  0.00s.
[2015.12.18-15.31.56:627][  0]LogFileCache: Scanning file cache for directory 'C:/Users/Mathieu/Documents/Unreal Projects/essai/Content/' took 0.02s
[2015.12.18-15.31.56:627][  0]SourceControl: Info Source control is disabled
[2015.12.18-15.32.14:480][  0]LogWindowsTextInputMethodSystem:Display: IME system now deactivated.
[2015.12.18-15.32.14:489][  0]LogWindowsTextInputMethodSystem:Display: IME system now deactivated.
[2015.12.18-15.32.14:490][  0]Cmd: MAP LOAD FILE="../../../../../../Users/Mathieu/Documents/Unreal Projects/essai/Content/FirstPersonBP/Maps/FirstPersonExampleMap.umap" TEMPLATE=0 SHOWPROGRESS=1 FEATURELEVEL=3
[2015.12.18-15.32.14:491][  0]LightingResults: New page: Lighting Build
[2015.12.18-15.32.14:499][  0]MapCheck: New page: Map Check
[2015.12.18-15.32.14:499][  0]LightingResults: New page: Lighting Build
[2015.12.18-15.32.14:523][  0]LogParticles: Destroying 0 GPU particle simulations for FXSystem 0x000000EA850C7B00
[2015.12.18-15.32.14:796][  0]LogLinker:Warning: Asset '../../../../../../Users/Mathieu/Documents/Unreal Projects/essai/Content/FirstPerson/Meshes/FirstPersonProjectileMesh.uasset' has been saved with empty engine version. The asset will be loaded but may be incompatible.
[2015.12.18-15.32.15:470][  0]LogAIModule: Creating AISystem for world FirstPersonExampleMap
[2015.12.18-15.32.15:490][  0]LogEditorServer: Finished looking for orphan Actors (0.000 secs)
[2015.12.18-15.32.15:491][  0]Cmd: MAP CHECKDEP NOCLEARLOG
[2015.12.18-15.32.15:658][  0]MapCheck: Info Map check complete: 0 Error(s), 0 Warning(s), took 166.17ms to complete.
[2015.12.18-15.32.15:658][  0]LogFileHelpers: Loading map 'FirstPersonExampleMap' took 1.168
[2015.12.18-15.32.15:752][  0]LogCollectionManager: Loaded 0 collections in 0.004521 seconds
[2015.12.18-15.32.15:797][  0]LogFileCache: Scanning file cache for directory 'C:/Users/Mathieu/Documents/Unreal Projects/essai/Saved/Collections/' took 0.01s
[2015.12.18-15.32.15:797][  0]LogFileCache: Scanning file cache for directory 'C:/Users/Mathieu/Documents/Unreal Projects/essai/Content/Developers/Mathieu/Collections/' took 0.01s
[2015.12.18-15.32.15:797][  0]LogFileCache: Scanning file cache for directory 'C:/Users/Mathieu/Documents/Unreal Projects/essai/Content/Collections/' took 0.01s
[2015.12.18-15.32.15:797][  0]LogCollectionManager: Rebuilt the GUID cache for 0 collections in 0.000003 seconds
[2015.12.18-15.32.15:808][  0]LogContentBrowser: Native class hierarchy populated in 0.0109 seconds. Added 1893 classes and 338 folders.
[2015.12.18-15.32.15:820][  0]LogContentBrowser: Native class hierarchy updated for 'WidgetCarousel' in 0.0005 seconds. Added 0 classes and 0 folders.
[2015.12.18-15.32.15:937][  0]LogContentBrowser: Native class hierarchy updated for 'AddContentDialog' in 0.0006 seconds. Added 0 classes and 0 folders.
[2015.12.18-15.32.15:945][  0]LogContentBrowser: Native class hierarchy updated for 'SceneOutliner' in 0.0009 seconds. Added 1 classes and 2 folders.
[2015.12.18-15.32.15:980][  0]LogCrashTracker: Crashtracker disabled due to settings.
[2015.12.18-15.32.15:984][  0]LogUObjectGlobals:Warning: Failed to find object 'Class None.'
[2015.12.18-15.32.16:009][  0]LogStats:Warning: MetaData mismatch. Did you assign a stat to two groups? New //STATGROUP_Threads//SplashScreenThread///Thread_3a4c_0///####STATCAT_Advanced#### old //STATGROUP_Threads//SplashScreenThread///Thread_2a8_0///####STATCAT_Advanced####
[2015.12.18-15.32.16:009][  0]LogLoad: Full Startup: 27.45 seconds (BP compile: 0.23 seconds)
[2015.12.18-15.32.16:034][  0]LogOcInput: Can't find Oculus library dev build: is proper Runtime installed? Version: 0.8.0.0
[2015.12.18-15.32.16:111][  0]LogContentStreaming: Texture pool size now 1000 MB
[2015.12.18-15.32.16:340][  0]LogRenderer: Reallocating scene render targets to support 736x368 (Frame:2).
[2015.12.18-15.32.16:947][  5]LogAssetRegistry: Asset discovery search completed in 22.5195 seconds
[2015.12.18-15.32.16:947][  5]LogCollectionManager: Rebuilt the object cache for 0 collections in 0.000003 seconds (found 0 objects)
[2015.12.18-15.32.16:947][  5]LogCollectionManager: Fixed up redirectors for 0 collections in 0.000049 seconds (updated 0 objects)
[2015.12.18-15.48.42:656][ 84]LogLinker:Warning: Asset '../../../Engine/Content/ArtTools/RenderToTexture/Macros/RenderToTextureMacros.uasset' has been saved with empty engine version. The asset will be loaded but may be incompatible.
[2015.12.18-15.48.43:226][ 84]LogContentBrowser: Native class hierarchy updated for 'BlueprintGraph' in 0.0009 seconds. Added 107 classes and 0 folders.
[2015.12.18-18.03.00:203][834]LogActorComponent: UnregisterComponent: (/Engine/Transient.ProjectileMovementComponent_40__A6522401) Not registered. Aborting.
[2015.12.18-18.03.00:204][834]LogActorComponent: UnregisterComponent: (/Engine/Transient.CharMoveComp) Not registered. Aborting.
[2015.12.18-18.03.00:243][834]LogParticles: Destroying 0 GPU particle simulations for FXSystem 0x000000EA927EE340
[2015.12.18-18.03.00:246][834]LogParticles: Destroying 0 GPU particle simulations for FXSystem 0x000000EA98323BA0
[2015.12.18-18.03.00:248][834]LogParticles: Destroying 0 GPU particle simulations for FXSystem 0x000000EAB22B6340
[2015.12.18-19.05.44:976][425]LogActorComponent: UnregisterComponent: (/Engine/Transient.ProjectileMovementComponent_40__A6522401) Not registered. Aborting.
[2015.12.18-19.05.44:977][425]LogActorComponent: UnregisterComponent: (/Engine/Transient.CharMoveComp) Not registered. Aborting.
[2015.12.18-19.05.45:363][426]Cmd: QUIT_EDITOR
[2015.12.18-19.05.45:439][426]LogWindowsTextInputMethodSystem:Display: IME system now deactivated.
[2015.12.18-19.05.45:510][426]LogExit: Preparing to exit.
[2015.12.18-19.05.46:799][426]LogExit: Editor shut down
[2015.12.18-19.05.46:799][426]LogExit: Transaction tracking system shut down
[2015.12.18-19.05.46:826][426]LogParticles: Destroying 0 GPU particle simulations for FXSystem 0x000000EA81B2D800
[2015.12.18-19.05.46:829][426]LogParticles: Destroying 0 GPU particle simulations for FXSystem 0x000000EA928D9DA0
[2015.12.18-19.05.46:831][426]LogParticles: Destroying 0 GPU particle simulations for FXSystem 0x000000EA8F10A3E0
[2015.12.18-19.05.47:175][426]LogExit: Object subsystem successfully closed.
[2015.12.18-19.05.47:212][426]LogD3D11RHI: Shutdown
[2015.12.18-19.05.47:212][426]LogD3D11RHI: CleanupD3DDevice
[2015.12.18-19.05.47:488][426]LogD3D11RHI: ~FD3D11DynamicRHI
[2015.12.18-19.05.47:526][426]LogModuleManager: Shutting down and abandoning module SequencerWidgets (200)
[2015.12.18-19.05.47:526][426]LogModuleManager: Shutting down and abandoning module BlueprintGraph (199)
[2015.12.18-19.05.47:526][426]LogModuleManager: Shutting down and abandoning module CrashTracker (198)
[2015.12.18-19.05.47:526][426]LogModuleManager: Shutting down and abandoning module SceneOutliner (197)
[2015.12.18-19.05.47:526][426]LogModuleManager: Shutting down and abandoning module SuperSearch (196)
[2015.12.18-19.05.47:526][426]LogModuleManager: Shutting down and abandoning module WidgetCarousel (195)
[2015.12.18-19.05.47:526][426]LogModuleManager: Shutting down and abandoning module AddContentDialog (194)
[2015.12.18-19.05.47:543][426]LogModuleManager: Shutting down and abandoning module EditorWidgets (193)
[2015.12.18-19.05.47:543][426]LogModuleManager: Shutting down and abandoning module CollectionManager (192)
[2015.12.18-19.05.47:543][426]LogModuleManager: Shutting down and abandoning module StatsViewer (191)
[2015.12.18-19.05.47:544][426]LogModuleManager: Shutting down and abandoning module FoliageEdit (190)
[2015.12.18-19.05.47:544][426]LogModuleManager: Shutting down and abandoning module LandscapeEditor (189)
[2015.12.18-19.05.47:544][426]LogModuleManager: Shutting down and abandoning module ActorPickerMode (188)
[2015.12.18-19.05.47:544][426]LogModuleManager: Shutting down and abandoning module GeometryMode (187)
[2015.12.18-19.05.47:544][426]LogModuleManager: Shutting down and abandoning module TextureAlignMode (186)
[2015.12.18-19.05.47:544][426]LogModuleManager: Shutting down and abandoning module BspMode (185)
[2015.12.18-19.05.47:544][426]LogModuleManager: Shutting down and abandoning module PlacementMode (184)
[2015.12.18-19.05.47:544][426]LogModuleManager: Shutting down and abandoning module AutomationWorker (183)
[2015.12.18-19.05.47:544][426]LogModuleManager: Shutting down and abandoning module CharacterAI (182)
[2015.12.18-19.05.47:544][426]LogModuleManager: Shutting down and abandoning module SmartSnapping (181)
[2015.12.18-19.05.47:544][426]LogModuleManager: Shutting down and abandoning module ViewportSnapping (180)
[2015.12.18-19.05.47:544][426]LogModuleManager: Shutting down and abandoning module LogVisualizer (179)
[2015.12.18-19.05.47:544][426]LogModuleManager: Shutting down and abandoning module GameProjectGeneration (178)
[2015.12.18-19.05.47:544][426]LogModuleManager: Shutting down and abandoning module IntroTutorials (177)
[2015.12.18-19.05.47:544][426]LogModuleManager: Shutting down and abandoning module EditorLiveStreaming (176)
[2015.12.18-19.05.47:544][426]LogModuleManager: Shutting down and abandoning module IOSPlatformEditor (175)
[2015.12.18-19.05.47:545][426]LogModuleManager: Shutting down and abandoning module HTML5PlatformEditor (174)
[2015.12.18-19.05.47:545][426]LogModuleManager: Shutting down and abandoning module AndroidDeviceDetection (173)
[2015.12.18-19.05.48:506][426]LogModuleManager: Shutting down and abandoning module AndroidPlatformEditor (172)
[2015.12.18-19.05.48:506][426]LogModuleManager: Shutting down and abandoning module IOSRuntimeSettings (171)
[2015.12.18-19.05.48:506][426]LogModuleManager: Shutting down and abandoning module AndroidRuntimeSettings (170)
[2015.12.18-19.05.48:506][426]LogModuleManager: Shutting down and abandoning module MergeActors (169)
[2015.12.18-19.05.48:506][426]LogModuleManager: Shutting down and abandoning module SizeMap (168)
[2015.12.18-19.05.48:506][426]LogModuleManager: Shutting down and abandoning module TreeMap (167)
[2015.12.18-19.05.48:506][426]LogModuleManager: Shutting down and abandoning module ReferenceViewer (166)
[2015.12.18-19.05.48:506][426]LogModuleManager: Shutting down and abandoning module LocalizationService (165)
[2015.12.18-19.05.48:506][426]LogModuleManager: Shutting down and abandoning module LocalizationDashboard (164)
[2015.12.18-19.05.48:506][426]LogModuleManager: Shutting down and abandoning module HardwareTargeting (163)
[2015.12.18-19.05.48:506][426]LogModuleManager: Shutting down and abandoning module DeviceProfileEditor (162)
[2015.12.18-19.05.48:506][426]LogModuleManager: Shutting down and abandoning module UndoHistory (161)
[2015.12.18-19.05.48:506][426]LogModuleManager: Shutting down and abandoning module GameplayTagsEditor (160)
[2015.12.18-19.05.48:506][426]LogModuleManager: Shutting down and abandoning module UserFeedback (159)
[2015.12.18-19.05.48:506][426]LogModuleManager: Shutting down and abandoning module XmlParser (158)
[2015.12.18-19.05.48:506][426]LogModuleManager: Shutting down and abandoning module Blutility (157)
[2015.12.18-19.05.48:506][426]LogModuleManager: Shutting down and abandoning module ProjectTargetPlatformEditor (156)
[2015.12.18-19.05.48:506][426]LogModuleManager: Shutting down and abandoning module ProjectSettingsViewer (155)
[2015.12.18-19.05.48:506][426]LogModuleManager: Shutting down and abandoning module InputBindingEditor (154)
[2015.12.18-19.05.48:506][426]LogModuleManager: Shutting down and abandoning module EditorSettingsViewer (153)
[2015.12.18-19.05.48:506][426]LogModuleManager: Shutting down and abandoning module SettingsEditor (152)
[2015.12.18-19.05.48:506][426]LogModuleManager: Shutting down and abandoning module ProjectLauncher (151)
[2015.12.18-19.05.48:506][426]LogModuleManager: Shutting down and abandoning module SessionFrontend (150)
[2015.12.18-19.05.48:506][426]LogModuleManager: Shutting down and abandoning module ProfilerClient (149)
[2015.12.18-19.05.48:506][426]LogModuleManager: Shutting down and abandoning module TargetDeviceServices (148)
[2015.12.18-19.05.48:506][426]LogModuleManager: Shutting down and abandoning module DeviceManager (147)
[2015.12.18-19.05.48:507][426]LogModuleManager: Shutting down and abandoning module AutomationController (146)
[2015.12.18-19.05.48:507][426]LogModuleManager: Shutting down and abandoning module AutomationWindow (145)
[2015.12.18-19.05.48:507][426]LogModuleManager: Shutting down and abandoning module Layers (144)
[2015.12.18-19.05.48:507][426]LogModuleManager: Shutting down and abandoning module ComponentVisualizers (143)
[2015.12.18-19.05.48:507][426]LogModuleManager: Shutting down and abandoning module DetailCustomizations (142)
[2015.12.18-19.05.48:507][426]LogModuleManager: Shutting down and abandoning module PackagesDialog (141)
[2015.12.18-19.05.48:507][426]LogModuleManager: Shutting down and abandoning module Persona (140)
[2015.12.18-19.05.48:507][426]LogModuleManager: Shutting down and abandoning module Kismet (139)
[2015.12.18-19.05.48:507][426]LogModuleManager: Shutting down and abandoning module GraphEditor (138)
[2015.12.18-19.05.48:507][426]LogModuleManager: Shutting down and abandoning module ClassViewer (137)
[2015.12.18-19.05.48:508][426]LogModuleManager: Shutting down and abandoning module Toolbox (136)
[2015.12.18-19.05.48:508][426]LogModuleManager: Shutting down and abandoning module ModuleUI (135)
[2015.12.18-19.05.48:508][426]LogModuleManager: Shutting down and abandoning module MovieSceneTools (134)
[2015.12.18-19.05.48:508][426]LogModuleManager: Shutting down and abandoning module OutputLog (133)
[2015.12.18-19.05.48:508][426]LogModuleManager: Shutting down and abandoning module GammaUI (132)
[2015.12.18-19.05.48:508][426]LogModuleManager: Shutting down and abandoning module Documentation (131)
[2015.12.18-19.05.48:508][426]LogModuleManager: Shutting down and abandoning module GameLiveStreaming (130)
[2015.12.18-19.05.48:508][426]LogModuleManager: Shutting down and abandoning module StreamingPauseRendering (129)
[2015.12.18-19.05.48:508][426]LogModuleManager: Shutting down and abandoning module AnalyticsET (128)
[2015.12.18-19.05.48:508][426]LogModuleManager: Shutting down and abandoning module Analytics (127)
[2015.12.18-19.05.48:508][426]LogModuleManager: Shutting down and abandoning module AITestSuite (126)
[2015.12.18-19.05.48:508][426]LogModuleManager: Shutting down and abandoning module GameplayDebugger (125)
[2015.12.18-19.05.48:508][426]LogModuleManager: Shutting down and abandoning module AIModule (124)
[2015.12.18-19.05.48:508][426]LogModuleManager: Shutting down and abandoning module ProfilerService (123)
[2015.12.18-19.05.48:519][426]LogModuleManager: Shutting down and abandoning module TaskGraph (122)
[2015.12.18-19.05.48:519][426]LogModuleManager: Shutting down and abandoning module SlateRemote (121)
[2015.12.18-19.05.48:519][426]LogModuleManager: Shutting down and abandoning module SteamVRController (120)
[2015.12.18-19.05.48:519][426]LogModuleManager: Shutting down and abandoning module SteamVR (119)
[2015.12.18-19.05.48:519][426]LogModuleManager: Shutting down and abandoning module ProceduralMeshComponent (118)
[2015.12.18-19.05.48:519][426]LogModuleManager: Shutting down and abandoning module OculusLibrary (117)
[2015.12.18-19.05.48:519][426]LogModuleManager: Shutting down and abandoning module OculusInput (116)
[2015.12.18-19.05.48:519][426]LogModuleManager: Shutting down and abandoning module LeapMotionController (115)
[2015.12.18-19.05.48:537][426]LogModuleManager: Shutting down and abandoning module CustomMeshComponent (114)
[2015.12.18-19.05.48:537][426]LogModuleManager: Shutting down and abandoning module CableComponent (113)
[2015.12.18-19.05.48:537][426]LogModuleManager: Shutting down and abandoning module ArchVisCharacter (112)
[2015.12.18-19.05.48:537][426]LogModuleManager: Shutting down and abandoning module MessagingDebugger (111)
[2015.12.18-19.05.48:538][426]LogModuleManager: Shutting down and abandoning module MediaPlayerEditor (110)
[2015.12.18-19.05.48:538][426]LogModuleManager: Shutting down and abandoning module HTML5Networking (109)
[2015.12.18-19.05.48:538][426]LogModuleManager: Shutting down and abandoning module SpeedTreeImporter (108)
[2015.12.18-19.05.48:538][426]LogModuleManager: Shutting down and abandoning module PluginBrowser (107)
[2015.12.18-19.05.48:538][426]LogModuleManager: Shutting down and abandoning module EpicSurvey (106)
[2015.12.18-19.05.48:538][426]LogModuleManager: Shutting down and abandoning module DesktopPlatform (105)
[2015.12.18-19.05.48:538][426]LogModuleManager: Shutting down and abandoning module VisualStudioSourceCodeAccess (104)
[2015.12.18-19.05.48:538][426]LogModuleManager: Shutting down and abandoning module UObjectPlugin (103)
[2015.12.18-19.05.48:538][426]LogModuleManager: Shutting down and abandoning module SubversionSourceControl (102)
[2015.12.18-19.05.48:538][426]LogModuleManager: Shutting down and abandoning module PerforceSourceControl (101)
[2015.12.18-19.05.48:538][426]LogModuleManager: Shutting down and abandoning module SourceControl (100)
[2015.12.18-19.05.48:538][426]LogModuleManager: Shutting down and abandoning module GitSourceControl (99)
[2015.12.18-19.05.48:538][426]LogModuleManager: Shutting down and abandoning module LightPropagationVolumeEditor (98)
[2015.12.18-19.05.48:538][426]LogModuleManager: Shutting down and abandoning module PaperTiledImporter (97)
[2015.12.18-19.05.48:538][426]LogModuleManager: Shutting down and abandoning module PaperSpriteSheetImporter (96)
[2015.12.18-19.05.48:538][426]LogModuleManager: Shutting down and abandoning module MeshPaint (95)
[2015.12.18-19.05.48:538][426]LogModuleManager: Shutting down and abandoning module SlateReflector (94)
[2015.12.18-19.05.48:538][426]LogModuleManager: Shutting down and abandoning module HotReload (93)
[2015.12.18-19.05.48:538][426]LogModuleManager: Shutting down and abandoning module MainFrame (92)
[2015.12.18-19.05.48:538][426]LogModuleManager: Shutting down and abandoning module LevelEditor (91)
[2015.12.18-19.05.48:539][426]LogModuleManager: Shutting down and abandoning module DirectoryWatcher (90)
[2015.12.18-19.05.48:542][426]LogModuleManager: Shutting down and abandoning module AssetRegistry (89)
[2015.12.18-19.05.48:654][426]LogModuleManager: Shutting down and abandoning module ContentBrowser (88)
[2015.12.18-19.05.48:655][426]LogModuleManager: Shutting down and abandoning module Paper2DEditor (87)
[2015.12.18-19.05.48:655][426]LogModuleManager: Shutting down and abandoning module UdpMessaging (86)
[2015.12.18-19.05.48:756][426]LogModuleManager: Shutting down and abandoning module LightPropagationVolumeRuntime (85)
[2015.12.18-19.05.48:756][426]LogModuleManager: Shutting down and abandoning module Paper2D (84)
[2015.12.18-19.05.48:756][426]LogModuleManager: Shutting down and abandoning module WindowsMoviePlayer (83)
[2015.12.18-19.05.48:761][426]LogModuleManager: Shutting down and abandoning module Media (82)
[2015.12.18-19.05.48:761][426]LogModuleManager: Shutting down and abandoning module WmfMedia (81)
[2015.12.18-19.05.48:761][426]LogModuleManager: Shutting down and abandoning module OnlineBlueprintSupport (80)
[2015.12.18-19.05.48:761][426]LogModuleManager: Shutting down and abandoning module GameplayTasksEditor (79)
[2015.12.18-19.05.48:762][426]LogModuleManager: Shutting down and abandoning module PropertyEditor (78)
[2015.12.18-19.05.48:762][426]LogModuleManager: Shutting down and abandoning module BehaviorTreeEditor (77)
[2015.12.18-19.05.48:762][426]LogModuleManager: Shutting down and abandoning module FunctionalTesting (76)
[2015.12.18-19.05.48:762][426]LogModuleManager: Shutting down and abandoning module CollisionAnalyzer (75)
[2015.12.18-19.05.48:762][426]LogModuleManager: Shutting down and abandoning module WorkspaceMenuStructure (74)
[2015.12.18-19.05.48:762][426]LogModuleManager: Shutting down and abandoning module MessageLog (73)
[2015.12.18-19.05.48:762][426]LogModuleManager: Shutting down and abandoning module Sequencer (72)
[2015.12.18-19.05.48:762][426]LogModuleManager: Shutting down and abandoning module AssetTools (71)
[2015.12.18-19.05.48:762][426]LogModuleManager: Shutting down and abandoning module UMGEditor (70)
[2015.12.18-19.05.48:762][426]LogModuleManager: Shutting down and abandoning module UMG (69)
[2015.12.18-19.05.48:763][426]LogModuleManager: Shutting down and abandoning module Slate (68)
[2015.12.18-19.05.48:763][426]LogModuleManager: Shutting down and abandoning module EditorStyle (67)
[2015.12.18-19.05.48:766][426]LogModuleManager: Shutting down and abandoning module SessionServices (66)
[2015.12.18-19.05.48:766][426]LogModuleManager: Shutting down and abandoning module SourceCodeAccess (65)
[2015.12.18-19.05.48:766][426]LogModuleManager: Shutting down and abandoning module HeadMountedDisplay (64)
[2015.12.18-19.05.48:766][426]LogModuleManager: Shutting down and abandoning module XAudio2 (63)
[2015.12.18-19.05.48:766][426]LogModuleManager: Shutting down and abandoning module Networking (61)
[2015.12.18-19.05.48:766][426]LogModuleManager: Shutting down and abandoning module Core (60)
[2015.12.18-19.05.48:766][426]LogModuleManager: Shutting down and abandoning module KismetCompiler (59)
[2015.12.18-19.05.48:766][426]LogModuleManager: Shutting down and abandoning module PhysXFormats (58)
[2015.12.18-19.05.48:766][426]LogModuleManager: Shutting down and abandoning module MeshUtilities (57)
[2015.12.18-19.05.48:766][426]LogModuleManager: Shutting down and abandoning module DerivedDataCache (56)
[2015.12.18-19.05.48:806][426]LogDerivedDataCache: Shutdown
[2015.12.18-19.05.48:806][426]LogModuleManager: Shutting down and abandoning module ShaderFormatOpenGL (55)
[2015.12.18-19.05.48:806][426]LogModuleManager: Shutting down and abandoning module ShaderFormatD3D (54)
[2015.12.18-19.05.48:806][426]LogModuleManager: Shutting down and abandoning module MetalShaderFormat (53)
[2015.12.18-19.05.48:806][426]LogModuleManager: Shutting down and abandoning module TextureFormatUncompressed (52)
[2015.12.18-19.05.48:806][426]LogModuleManager: Shutting down and abandoning module TextureFormatPVR (51)
[2015.12.18-19.05.48:806][426]LogModuleManager: Shutting down and abandoning module TextureFormatIntelISPCTexComp (50)
[2015.12.18-19.05.48:806][426]LogModuleManager: Shutting down and abandoning module TextureFormatDXT (49)
[2015.12.18-19.05.48:806][426]LogModuleManager: Shutting down and abandoning module ImageWrapper (48)
[2015.12.18-19.05.48:806][426]LogModuleManager: Shutting down and abandoning module TextureFormatASTC (47)
[2015.12.18-19.05.48:806][426]LogModuleManager: Shutting down and abandoning module TextureFormatAndroid (46)
[2015.12.18-19.05.48:806][426]LogModuleManager: Shutting down and abandoning module AudioFormatOpus (45)
[2015.12.18-19.05.48:806][426]LogModuleManager: Shutting down and abandoning module AudioFormatOgg (44)
[2015.12.18-19.05.48:806][426]LogModuleManager: Shutting down and abandoning module AudioFormatADPCM (43)
[2015.12.18-19.05.48:806][426]LogModuleManager: Shutting down and abandoning module LinuxTargetPlatform (42)
[2015.12.18-19.05.48:806][426]LogModuleManager: Shutting down and abandoning module LinuxServerTargetPlatform (41)
[2015.12.18-19.05.48:806][426]LogModuleManager: Shutting down and abandoning module LinuxNoEditorTargetPlatform (40)
[2015.12.18-19.05.48:806][426]LogModuleManager: Shutting down and abandoning module Messaging (39)
[2015.12.18-19.05.48:806][426]LogModuleManager: Shutting down and abandoning module IOSTargetPlatform (38)
[2015.12.18-19.05.48:806][426]LogModuleManager: Shutting down and abandoning module HTML5TargetPlatform (37)
[2015.12.18-19.05.48:807][426]LogModuleManager: Shutting down and abandoning module Android_PVRTCTargetPlatform (36)
[2015.12.18-19.05.48:807][426]LogModuleManager: Shutting down and abandoning module Android_MultiTargetPlatform (35)
[2015.12.18-19.05.48:807][426]LogModuleManager: Shutting down and abandoning module Android_ETC2TargetPlatform (34)
[2015.12.18-19.05.48:807][426]LogModuleManager: Shutting down and abandoning module Android_ETC1TargetPlatform (33)
[2015.12.18-19.05.48:807][426]LogModuleManager: Shutting down and abandoning module Android_DXTTargetPlatform (32)
[2015.12.18-19.05.48:807][426]LogModuleManager: Shutting down and abandoning module Android_ATCTargetPlatform (31)
[2015.12.18-19.05.48:807][426]LogModuleManager: Shutting down and abandoning module Android_ASTCTargetPlatform (30)
[2015.12.18-19.05.48:807][426]LogModuleManager: Shutting down and abandoning module AndroidTargetPlatform (29)
[2015.12.18-19.05.48:807][426]LogModuleManager: Shutting down and abandoning module WindowsTargetPlatform (28)
[2015.12.18-19.05.48:807][426]LogModuleManager: Shutting down and abandoning module WindowsServerTargetPlatform (27)
[2015.12.18-19.05.48:807][426]LogModuleManager: Shutting down and abandoning module WindowsNoEditorTargetPlatform (26)
[2015.12.18-19.05.48:807][426]LogModuleManager: Shutting down and abandoning module WindowsClientTargetPlatform (25)
[2015.12.18-19.05.48:807][426]LogModuleManager: Shutting down and abandoning module AllDesktopTargetPlatform (24)
[2015.12.18-19.05.48:807][426]LogModuleManager: Shutting down and abandoning module TargetPlatform (23)
[2015.12.18-19.05.48:808][426]LogModuleManager: Shutting down and abandoning module InputCore (22)
[2015.12.18-19.05.48:808][426]LogModuleManager: Shutting down and abandoning module Settings (21)
[2015.12.18-19.05.48:808][426]LogModuleManager: Shutting down and abandoning module OnlineSubsystem (19)
[2015.12.18-19.05.48:808][426]LogModuleManager: Shutting down and abandoning module HTTP (18)
[2015.12.18-19.05.50:812][426]LogModuleManager: Shutting down and abandoning module XMPP (17)
[2015.12.18-19.05.50:812][426]LogModuleManager: Shutting down and abandoning module OculusRift (16)
[2015.12.18-19.05.50:812][426]LogModuleManager: Shutting down and abandoning module ExampleDeviceProfileSelector (15)
[2015.12.18-19.05.50:812][426]LogModuleManager: Shutting down and abandoning module TextureCompressor (14)
[2015.12.18-19.05.50:812][426]LogModuleManager: Shutting down and abandoning module ShaderCore (13)
[2015.12.18-19.05.50:812][426]LogModuleManager: Shutting down and abandoning module Landscape (12)
[2015.12.18-19.05.50:812][426]LogModuleManager: Shutting down and abandoning module SlateRHIRenderer (11)
[2015.12.18-19.05.50:820][426]LogModuleManager: Shutting down and abandoning module OpenGLDrv (10)
[2015.12.18-19.05.50:820][426]LogModuleManager: Shutting down and abandoning module D3D11RHI (9)
[2015.12.18-19.05.50:820][426]LogModuleManager: Shutting down and abandoning module AnimGraphRuntime (8)
[2015.12.18-19.05.50:820][426]LogModuleManager: Shutting down and abandoning module Renderer (7)
[2015.12.18-19.05.50:820][426]LogModuleManager: Shutting down and abandoning module Engine (6)
[2015.12.18-19.05.50:820][426]LogModuleManager: Shutting down and abandoning module CoreUObject (5)
[2015.12.18-19.05.50:820][426]LogModuleManager: Shutting down and abandoning module NetworkFile (4)
[2015.12.18-19.05.50:820][426]LogModuleManager: Shutting down and abandoning module StreamingFile (3)
[2015.12.18-19.05.50:820][426]LogModuleManager: Shutting down and abandoning module SandboxFile (2)
[2015.12.18-19.05.50:820][426]LogModuleManager: Shutting down and abandoning module PakFile (1)
[2015.12.18-19.05.50:824][426]LogExit: Exiting.
[2015.12.18-19.05.50:850][426]Log file closed, 12/18/15 14:05:50
