[2015.12.29-22.57.33:787][  0]Log file open, 12/29/15 17:57:33
[2015.12.29-22.57.33:787][  0]LogInit:Display: Running engine for game: UnrealPrototype
[2015.12.29-22.57.33:787][  0]LogPlatformFile: Not using cached read wrapper
[2015.12.29-22.57.33:787][  0]LogInit:Display: RandInit(964697783) SRandInit(964697785).
[2015.12.29-22.57.33:787][  0]LogTaskGraph: Started task graph with 4 named threads and 7 total threads.
[2015.12.29-22.57.33:787][  0]LogStats: Stats thread started at 0.107944
[2015.12.29-22.57.33:787][  0]LogInit: Version: 4.10.0-2758231+++depot+UE4-Releases+4.10
[2015.12.29-22.57.33:787][  0]LogInit: API Version: 2758231
[2015.12.29-22.57.33:787][  0]LogInit: Compiled (64-bit): Nov  7 2015 05:13:45
[2015.12.29-22.57.33:787][  0]LogInit: Compiled with Visual C++: 19.00.23026.00
[2015.12.29-22.57.33:787][  0]LogInit: Build Configuration: Development
[2015.12.29-22.57.33:787][  0]LogInit: Branch Name: ++depot+UE4-Releases+4.10
[2015.12.29-22.57.33:787][  0]LogInit: Command line: 
[2015.12.29-22.57.33:787][  0]LogInit: Base directory: C:/Program Files/Epic Games/4.10/Engine/Binaries/Win64/
[2015.12.29-22.57.33:787][  0]LogInit: Rocket: 1
[2015.12.29-22.57.33:798][  0]LogInit: Using libcurl 7.41.0
[2015.12.29-22.57.33:798][  0]LogInit:  - built for x86_64-pc-win32
[2015.12.29-22.57.33:798][  0]LogInit:  - supports SSL with WinSSL
[2015.12.29-22.57.33:798][  0]LogInit:  - other features:
[2015.12.29-22.57.33:798][  0]LogInit:      CURL_VERSION_SSL
[2015.12.29-22.57.33:798][  0]LogInit:      CURL_VERSION_IPV6
[2015.12.29-22.57.33:798][  0]LogInit:      CURL_VERSION_ASYNCHDNS
[2015.12.29-22.57.33:798][  0]LogInit:      CURL_VERSION_LARGEFILE
[2015.12.29-22.57.33:798][  0]LogInit:      CURL_VERSION_IDN
[2015.12.29-22.57.33:798][  0]LogInit:  CurlRequestOptions (configurable via config and command line):
[2015.12.29-22.57.33:798][  0]LogInit:  - bVerifyPeer = true  - Libcurl will verify peer certificate
[2015.12.29-22.57.33:798][  0]LogInit:  - bUseHttpProxy = false  - Libcurl will NOT use HTTP proxy
[2015.12.29-22.57.33:798][  0]LogInit:  - bDontReuseConnections = false  - Libcurl will reuse connections
[2015.12.29-22.57.33:798][  0]LogInit:  - CertBundlePath = nullptr  - Libcurl will use whatever was configured at build time.
[2015.12.29-22.57.33:808][  0]LogInit: Presizing for 0 objects not considered by GC, pre-allocating 0 bytes.
[2015.12.29-22.57.33:815][  0]LogInit: Object subsystem initialized
[2015.12.29-22.57.33:816][  0]LogInit: Selected Device Profile: [Windows]
[2015.12.29-22.57.33:816][  0]LogInit: Applying CVar settings loaded from the selected device profile: [Windows]
[2015.12.29-22.57.33:825][  0]LogInit: Computer: VINCENT-PC
[2015.12.29-22.57.33:825][  0]LogInit: User: vincent
[2015.12.29-22.57.33:825][  0]LogInit: CPU Page size=4096, Cores=4
[2015.12.29-22.57.33:825][  0]LogInit: High frequency timer resolution =2.241012 MHz
[2015.12.29-22.57.33:825][  0]LogMemory: Memory total: Physical=8.0GB (8GB approx)
[2015.12.29-22.57.33:825][  0]LogMemory: Platform Memory Stats for Windows
[2015.12.29-22.57.33:825][  0]LogMemory: Process Physical Memory: 57.20 MB used, 57.20 MB peak
[2015.12.29-22.57.33:825][  0]LogMemory: Process Virtual Memory: 56.85 MB used, 56.85 MB peak
[2015.12.29-22.57.33:825][  0]LogMemory: Physical Memory: 5319.83 MB used, 8163.10 MB total
[2015.12.29-22.57.33:825][  0]LogMemory: Virtual Memory: 383.62 MB used, 134217728.00 MB total
[2015.12.29-22.57.33:873][  0]LogTextLocalizationManager: No translations for ('fr-FR') exist, falling back to 'en' for localization and internationalization data.
[2015.12.29-22.57.34:383][  0]LogD3D11RHI: Found D3D11 adapter 0: NVIDIA GeForce GTX 675M (Feature Level 11_0)
[2015.12.29-22.57.34:383][  0]LogD3D11RHI: Adapter has 1999MB of dedicated video memory, 0MB of dedicated system memory, and 4081MB of shared system memory, 1 output[s]
[2015.12.29-22.57.34:385][  0]LogD3D11RHI: Found D3D11 adapter 1: Microsoft Basic Render Driver (Feature Level 11_0)
[2015.12.29-22.57.34:385][  0]LogD3D11RHI: Adapter has 0MB of dedicated video memory, 0MB of dedicated system memory, and 4081MB of shared system memory, 0 output[s]
[2015.12.29-22.57.34:385][  0]LogD3D11RHI: Chosen D3D11 Adapter Id = 0
[2015.12.29-22.57.34:392][  0]LogD3D11RHI: !Direct3DDevice
[2015.12.29-22.57.34:392][  0]LogRHI: Texture pool is 1361 MB (70% of 1945 MB)
[2015.12.29-22.57.34:411][  0]LogD3D11RHI: Async texture creation enabled
[2015.12.29-22.57.34:430][  0]LogShaderCompilers: Guid format shader working directory is -39 characters bigger than the processId version (../../../../../../Users/vincent/Documents/Unreal Projects/Unreal_Prototype_Musical 4.10/Intermediate/Shaders/WorkingDirectory/2092/).
[2015.12.29-22.57.34:430][  0]LogShaderCompilers: Cleaned the shader compiler working directory 'C:/Users/vincent/AppData/Local/Temp/UnrealShaderWorkingDir/FA619110452251F20B3B88B0A2553FA2/'.
[2015.12.29-22.57.34:430][  0]LogShaderCompilers:Display: Using Local Shader Compiler.
[2015.12.29-22.57.35:481][  0]LogTemp:Display: Loaded TP AllDesktopTargetPlatform
[2015.12.29-22.57.35:488][  0]LogTemp:Display: Loaded TP WindowsClientTargetPlatform
[2015.12.29-22.57.35:495][  0]LogTemp:Display: Loaded TP WindowsNoEditorTargetPlatform
[2015.12.29-22.57.35:502][  0]LogTemp:Display: Loaded TP WindowsServerTargetPlatform
[2015.12.29-22.57.35:508][  0]LogTemp:Display: Loaded TP WindowsTargetPlatform
[2015.12.29-22.57.35:512][  0]LogTemp:Display: Loaded TP AndroidTargetPlatform
[2015.12.29-22.57.35:516][  0]LogTemp:Display: Loaded TP Android_ASTCTargetPlatform
[2015.12.29-22.57.35:520][  0]LogTemp:Display: Loaded TP Android_ATCTargetPlatform
[2015.12.29-22.57.35:524][  0]LogTemp:Display: Loaded TP Android_DXTTargetPlatform
[2015.12.29-22.57.35:528][  0]LogTemp:Display: Loaded TP Android_ETC1TargetPlatform
[2015.12.29-22.57.35:533][  0]LogTemp:Display: Loaded TP Android_ETC2TargetPlatform
[2015.12.29-22.57.35:541][  0]LogTemp:Display: Loaded TP Android_MultiTargetPlatform
[2015.12.29-22.57.35:541][  0]LogTemp:Display: Loaded TP Android_PVRTCTargetPlatform
[2015.12.29-22.57.35:542][  0]LogTemp:Display: Loaded TP HTML5TargetPlatform
[2015.12.29-22.57.35:562][  0]LogTemp:Display: Loaded TP IOSTargetPlatform
[2015.12.29-22.57.35:566][  0]LogTemp:Display: Loaded TP LinuxNoEditorTargetPlatform
[2015.12.29-22.57.35:569][  0]LogTemp:Display: Loaded TP LinuxServerTargetPlatform
[2015.12.29-22.57.35:574][  0]LogTemp:Display: Loaded TP LinuxTargetPlatform
[2015.12.29-22.57.35:574][  0]LogTargetPlatformManager:Display: Building Assets For Windows
[2015.12.29-22.57.35:718][  0]LogDerivedDataCache:Display: Max Cache Size: 512 MB
[2015.12.29-22.57.35:761][  0]LogDerivedDataCache: Loaded boot cache 0.04s 41MB C:/Users/vincent/AppData/Local/UnrealEngine/4.10/DerivedDataCache/Boot.ddc.
[2015.12.29-22.57.35:761][  0]LogDerivedDataCache:Display: Loaded Boot cache: C:/Users/vincent/AppData/Local/UnrealEngine/4.10/DerivedDataCache/Boot.ddc
[2015.12.29-22.57.35:761][  0]LogDerivedDataCache: FDerivedDataBackendGraph:  Pak pak cache file ../../../../../../Users/vincent/Documents/Unreal Projects/Unreal_Prototype_Musical 4.10/DerivedDataCache/DDC.ddp not found, will not use a pak cache.
[2015.12.29-22.57.35:761][  0]LogDerivedDataCache: Unable to find inner node Pak for hierarchical cache Hierarchy.
[2015.12.29-22.57.35:761][  0]LogDerivedDataCache: FDerivedDataBackendGraph:  CompressedPak pak cache file ../../../../../../Users/vincent/Documents/Unreal Projects/Unreal_Prototype_Musical 4.10/DerivedDataCache/Compressed.ddp not found, will not use a pak cache.
[2015.12.29-22.57.35:761][  0]LogDerivedDataCache: Unable to find inner node CompressedPak for hierarchical cache Hierarchy.
[2015.12.29-22.57.35:840][  0]LogDerivedDataCache:Display: Pak cache opened for reading ../../../Engine/DerivedDataCache/Compressed.ddp.
[2015.12.29-22.57.35:853][  0]LogDerivedDataCache: Using Local data cache path C:/Users/vincent/AppData/Local/UnrealEngine/Common/DerivedDataCache: Writable
[2015.12.29-22.57.36:150][  0]LogInit: Selected Device Profile: [Windows]
[2015.12.29-22.57.36:153][  0]LogContentStreaming: Texture pool size is 0.000000MB
[2015.12.29-22.57.36:287][  0]LogMeshUtilities: No automatic mesh reduction module available
[2015.12.29-22.57.36:287][  0]LogMeshUtilities: No automatic mesh merging module available
[2015.12.29-22.57.36:546][  0]LogInit: WinSock: version 1.1 (2.2), MaxSocks=32767, MaxUdp=65467
[2015.12.29-22.57.37:646][  0]UdpMessaging: Initializing bridge on interface 0.0.0.0:0 to multicast group 230.0.0.1:6666.
[2015.12.29-22.57.37:760][  0]LogAssetRegistry: FAssetRegistry took 0.0110 seconds to start up
[2015.12.29-22.57.37:998][  0]SourceControl: Info Source control is disabled
[2015.12.29-22.57.37:998][  0]SourceControl: Info Source control is disabled
[2015.12.29-22.57.38:019][  0]SourceControl: Info Source control is disabled
[2015.12.29-22.57.38:043][  0]SourceControl: Info Source control is disabled
[2015.12.29-22.57.38:472][  0]LogObj: 28633 objects as part of root set at end of initial load.
[2015.12.29-22.57.38:472][  0]LogUObjectAllocator: 6099752 out of 0 bytes used by permanent object pool.
[2015.12.29-22.57.38:537][  0]LogEngine: Initializing Engine...
[2015.12.29-22.57.38:543][  0]LogHMD: Can't find Oculus library dev build: is proper Runtime installed? Version: 0.8.0.0
[2015.12.29-22.57.38:544][  0]LogHMD: SteamVR failed to initialize.  Err: 110
[2015.12.29-22.57.38:686][  0]LogAIModule: Creating AISystem for world NewWorld
[2015.12.29-22.57.38:692][  0]LogInit: XAudio2 using 'Speakers (Realtek High Definition Audio)' : 2 channels at 48 kHz using 32 bits per sample (channel mask 0x3)
[2015.12.29-22.57.38:756][  0]LogInit: FAudioDevice initialized.
[2015.12.29-22.57.38:776][  0]LogDerivedDataCache: Saved boot cache 0.02s 41MB C:/Users/vincent/AppData/Local/UnrealEngine/4.10/DerivedDataCache/Boot.ddc.
[2015.12.29-22.57.38:779][  0]LogInit: Texture streaming: Enabled
[2015.12.29-22.57.38:787][  0]LogAnalytics: Creating configured Analytics provider AnalyticsET
[2015.12.29-22.57.38:787][  0]LogAnalytics: [UEEditor.Rocket.Release] APIServer = http://et2.epicgames.com/ET2/. AppVersion = 4.10.0-2758231+++depot+UE4-Releases+4.10
[2015.12.29-22.57.38:788][  0]LogAnalytics: [UEEditor.Rocket.Release] SetUserId 41f8f9ee482000de5b91a88b4c762277|c6c2c08136ec4af0a44a2b6255636aa2|ae723e03-9ff8-48ee-a0e4-c4dd4e5e3910
[2015.12.29-22.57.38:788][  0]LogAnalytics: [UEEditor.Rocket.Release] AnalyticsET::StartSession
[2015.12.29-22.57.38:805][  0]LogWindowsTextInputMethodSystem:Display: IME system now deactivated.
[2015.12.29-22.57.38:866][  0]LogInit: Transaction tracking system initialized
[2015.12.29-22.57.38:910][  0]BlueprintLog: New page: Editor Load
[2015.12.29-22.57.39:047][  0]LocalizationService: Info Localization service is disabled
[2015.12.29-22.57.39:161][  0]LogConsoleResponse:Display: 
[2015.12.29-22.57.39:329][  0]LogCook:Display: Done creating registry. It took  0.00s.
[2015.12.29-22.57.39:443][  0]LogFileCache: Scanning file cache for directory 'C:/Users/vincent/Documents/Unreal Projects/Unreal_Prototype_Musical 4.10/Content/' took 0.05s
[2015.12.29-22.57.39:443][  0]SourceControl: Info Source control is disabled
[2015.12.29-22.57.39:443][  0]Cmd: MAP LOAD FILE="../../../../../../Users/vincent/Documents/Unreal Projects/Unreal_Prototype_Musical 4.10/Content/FirstPersonBP/Maps/FirstPersonExampleMap.umap" TEMPLATE=0 SHOWPROGRESS=1 FEATURELEVEL=3
[2015.12.29-22.57.39:472][  0]LightingResults: New page: Lighting Build
[2015.12.29-22.57.39:477][  0]MapCheck: New page: Map Check
[2015.12.29-22.57.39:477][  0]LightingResults: New page: Lighting Build
[2015.12.29-22.57.39:488][  0]LogParticles: Destroying 0 GPU particle simulations for FXSystem 0x000002AEDAC1B420
[2015.12.29-22.57.39:702][  0]LogLinker:Warning: Asset '../../../../../../Users/vincent/Documents/Unreal Projects/Unreal_Prototype_Musical 4.10/Content/FirstPersonBP/Blueprints/FirstPersonProjectile.uasset' has been saved with empty engine version. The asset will be loaded but may be incompatible.
[2015.12.29-22.57.39:704][  0]LogLinker:Warning: Asset '../../../../../../Users/vincent/Documents/Unreal Projects/Unreal_Prototype_Musical 4.10/Content/FirstPerson/Meshes/FirstPersonProjectileMesh.uasset' has been saved with empty engine version. The asset will be loaded but may be incompatible.
[2015.12.29-22.57.41:160][  0]LogAIModule: Creating AISystem for world FirstPersonExampleMap
[2015.12.29-22.57.41:181][  0]LogEditorServer: Finished looking for orphan Actors (0.000 secs)
[2015.12.29-22.57.41:182][  0]Cmd: MAP CHECKDEP NOCLEARLOG
[2015.12.29-22.57.41:356][  0]MapCheck:Warning: Warning FirstPerson_AnimBP_C_0 FirstPerson_AnimBP_C /Game/FirstPersonBP/Maps/FirstPersonExampleMap.FirstPersonExampleMap:PersistentLevel.FirstPersonCharacter_C_0.TRASH_SkeletalMeshComponent_3.FirstPerson_AnimBP_C_0 : Externally referenced 
[2015.12.29-22.57.41:356][  0]MapCheck:Warning: Warning FirstPerson_AnimBP_C_1 FirstPerson_AnimBP_C /Game/FirstPersonBP/Maps/FirstPersonExampleMap.FirstPersonExampleMap:PersistentLevel.FirstPersonCharacter_C_0.Mesh2P.FirstPerson_AnimBP_C_1 : Externally referenced 
[2015.12.29-22.57.41:356][  0]MapCheck:Warning: Warning FirstPerson_AnimBP_C_0 FirstPerson_AnimBP_C /Game/FirstPersonBP/Maps/FirstPersonExampleMap.FirstPersonExampleMap:PersistentLevel.FirstPersonCharacter_C_0.TRASH_SkeletalMeshComponent_3.FirstPerson_AnimBP_C_0 : Externally referenced 
[2015.12.29-22.57.41:356][  0]MapCheck:Warning: Warning FirstPerson_AnimBP_C_1 FirstPerson_AnimBP_C /Game/FirstPersonBP/Maps/FirstPersonExampleMap.FirstPersonExampleMap:PersistentLevel.FirstPersonCharacter_C_0.Mesh2P.FirstPerson_AnimBP_C_1 : Externally referenced 
[2015.12.29-22.57.41:356][  0]MapCheck:Warning: Warning FirstPerson_AnimBP_C_0 FirstPerson_AnimBP_C /Game/FirstPersonBP/Maps/FirstPersonExampleMap.FirstPersonExampleMap:PersistentLevel.FirstPersonCharacter_C_0.TRASH_SkeletalMeshComponent_3.FirstPerson_AnimBP_C_0 : Externally referenced 
[2015.12.29-22.57.41:357][  0]MapCheck:Warning: Warning FirstPerson_AnimBP_C_1 FirstPerson_AnimBP_C /Game/FirstPersonBP/Maps/FirstPersonExampleMap.FirstPersonExampleMap:PersistentLevel.FirstPersonCharacter_C_0.Mesh2P.FirstPerson_AnimBP_C_1 : Externally referenced 
[2015.12.29-22.57.41:357][  0]MapCheck:Warning: Warning FirstPerson_AnimBP_C_0 FirstPerson_AnimBP_C /Game/FirstPersonBP/Maps/FirstPersonExampleMap.FirstPersonExampleMap:PersistentLevel.FirstPersonCharacter_C_0.TRASH_SkeletalMeshComponent_3.FirstPerson_AnimBP_C_0 : Externally referenced 
[2015.12.29-22.57.41:357][  0]MapCheck:Warning: Warning FirstPerson_AnimBP_C_1 FirstPerson_AnimBP_C /Game/FirstPersonBP/Maps/FirstPersonExampleMap.FirstPersonExampleMap:PersistentLevel.FirstPersonCharacter_C_0.Mesh2P.FirstPerson_AnimBP_C_1 : Externally referenced 
[2015.12.29-22.57.41:357][  0]MapCheck:Warning: Warning FirstPerson_AnimBP_C_0 FirstPerson_AnimBP_C /Game/FirstPersonBP/Maps/FirstPersonExampleMap.FirstPersonExampleMap:PersistentLevel.FirstPersonCharacter_C_0.TRASH_SkeletalMeshComponent_3.FirstPerson_AnimBP_C_0 : Externally referenced 
[2015.12.29-22.57.41:357][  0]MapCheck:Warning: Warning FirstPerson_AnimBP_C_1 FirstPerson_AnimBP_C /Game/FirstPersonBP/Maps/FirstPersonExampleMap.FirstPersonExampleMap:PersistentLevel.FirstPersonCharacter_C_0.Mesh2P.FirstPerson_AnimBP_C_1 : Externally referenced 
[2015.12.29-22.57.41:357][  0]MapCheck:Warning: Warning FirstPerson_AnimBP_C_0 FirstPerson_AnimBP_C /Game/FirstPersonBP/Maps/FirstPersonExampleMap.FirstPersonExampleMap:PersistentLevel.FirstPersonCharacter_C_0.TRASH_SkeletalMeshComponent_3.FirstPerson_AnimBP_C_0 : Externally referenced 
[2015.12.29-22.57.41:357][  0]MapCheck:Warning: Warning FirstPerson_AnimBP_C_1 FirstPerson_AnimBP_C /Game/FirstPersonBP/Maps/FirstPersonExampleMap.FirstPersonExampleMap:PersistentLevel.FirstPersonCharacter_C_0.Mesh2P.FirstPerson_AnimBP_C_1 : Externally referenced 
[2015.12.29-22.57.41:357][  0]MapCheck:Warning: Warning FP_Gun SkeletalMeshComponent /Game/FirstPersonBP/Maps/FirstPersonExampleMap.FirstPersonExampleMap:PersistentLevel.FirstPersonCharacter_C_0.FP_Gun : Externally referenced 
[2015.12.29-22.57.41:357][  0]MapCheck:Warning: Warning Mesh2P SkeletalMeshComponent /Game/FirstPersonBP/Maps/FirstPersonExampleMap.FirstPersonExampleMap:PersistentLevel.FirstPersonCharacter_C_0.Mesh2P : Externally referenced 
[2015.12.29-22.57.41:358][  0]MapCheck:Warning: Warning StaticMeshComponent0 StaticMeshComponent /Game/FirstPersonBP/Maps/FirstPersonExampleMap.FirstPersonExampleMap:PersistentLevel.Cubelumineux.StaticMeshComponent0 : Externally referenced 
[2015.12.29-22.57.41:358][  0]MapCheck:Warning: Warning StaticMeshComponent0 StaticMeshComponent /Game/FirstPersonBP/Maps/FirstPersonExampleMap.FirstPersonExampleMap:PersistentLevel.EditorCube10_4.StaticMeshComponent0 : Externally referenced 
[2015.12.29-22.57.41:358][  0]MapCheck:Warning: Warning StaticMeshComponent0 StaticMeshComponent /Game/FirstPersonBP/Maps/FirstPersonExampleMap.FirstPersonExampleMap:PersistentLevel.EditorCube11_5.StaticMeshComponent0 : Externally referenced 
[2015.12.29-22.57.41:358][  0]MapCheck:Warning: Warning StaticMeshComponent0 StaticMeshComponent /Game/FirstPersonBP/Maps/FirstPersonExampleMap.FirstPersonExampleMap:PersistentLevel.EditorCube12_6.StaticMeshComponent0 : Externally referenced 
[2015.12.29-22.57.41:358][  0]MapCheck:Warning: Warning StaticMeshComponent0 StaticMeshComponent /Game/FirstPersonBP/Maps/FirstPersonExampleMap.FirstPersonExampleMap:PersistentLevel.EditorCube13_7.StaticMeshComponent0 : Externally referenced 
[2015.12.29-22.57.41:358][  0]MapCheck:Warning: Warning StaticMeshComponent0 StaticMeshComponent /Game/FirstPersonBP/Maps/FirstPersonExampleMap.FirstPersonExampleMap:PersistentLevel.EditorCube14_8.StaticMeshComponent0 : Externally referenced 
[2015.12.29-22.57.41:358][  0]MapCheck:Warning: Warning StaticMeshComponent0 StaticMeshComponent /Game/FirstPersonBP/Maps/FirstPersonExampleMap.FirstPersonExampleMap:PersistentLevel.EditorCube15_9.StaticMeshComponent0 : Externally referenced 
[2015.12.29-22.57.41:358][  0]MapCheck:Warning: Warning StaticMeshComponent0 StaticMeshComponent /Game/FirstPersonBP/Maps/FirstPersonExampleMap.FirstPersonExampleMap:PersistentLevel.EditorCube16_10.StaticMeshComponent0 : Externally referenced 
[2015.12.29-22.57.41:358][  0]MapCheck:Warning: Warning StaticMeshComponent0 StaticMeshComponent /Game/FirstPersonBP/Maps/FirstPersonExampleMap.FirstPersonExampleMap:PersistentLevel.EditorCube17_11.StaticMeshComponent0 : Externally referenced 
[2015.12.29-22.57.41:358][  0]MapCheck:Warning: Warning StaticMeshComponent0 StaticMeshComponent /Game/FirstPersonBP/Maps/FirstPersonExampleMap.FirstPersonExampleMap:PersistentLevel.EditorCube18_12.StaticMeshComponent0 : Externally referenced 
[2015.12.29-22.57.41:358][  0]MapCheck:Warning: Warning StaticMeshComponent0 StaticMeshComponent /Game/FirstPersonBP/Maps/FirstPersonExampleMap.FirstPersonExampleMap:PersistentLevel.EditorCube19_13.StaticMeshComponent0 : Externally referenced 
[2015.12.29-22.57.41:358][  0]MapCheck:Warning: Warning StaticMeshComponent0 StaticMeshComponent /Game/FirstPersonBP/Maps/FirstPersonExampleMap.FirstPersonExampleMap:PersistentLevel.EditorCube20_14.StaticMeshComponent0 : Externally referenced 
[2015.12.29-22.57.41:358][  0]MapCheck:Warning: Warning StaticMeshComponent0 StaticMeshComponent /Game/FirstPersonBP/Maps/FirstPersonExampleMap.FirstPersonExampleMap:PersistentLevel.EditorCube21_15.StaticMeshComponent0 : Externally referenced 
[2015.12.29-22.57.41:358][  0]MapCheck:Warning: Warning StaticMeshComponent0 StaticMeshComponent /Game/FirstPersonBP/Maps/FirstPersonExampleMap.FirstPersonExampleMap:PersistentLevel.EditorCube9_3.StaticMeshComponent0 : Externally referenced 
[2015.12.29-22.57.41:358][  0]MapCheck:Warning: Warning AudioComponent0 AudioComponent /Game/FirstPersonBP/Maps/FirstPersonExampleMap.FirstPersonExampleMap:PersistentLevel.AmbientSound_1.AudioComponent0 : Externally referenced 
[2015.12.29-22.57.41:358][  0]MapCheck:Warning: Warning StaticMeshComponent0 StaticMeshComponent /Game/FirstPersonBP/Maps/FirstPersonExampleMap.FirstPersonExampleMap:PersistentLevel.BigWall2_22.StaticMeshComponent0 : Externally referenced 
[2015.12.29-22.57.41:359][  0]MapCheck:Warning: Warning StaticMeshComponent0 StaticMeshComponent /Game/FirstPersonBP/Maps/FirstPersonExampleMap.FirstPersonExampleMap:PersistentLevel.BigWall3.StaticMeshComponent0 : Externally referenced 
[2015.12.29-22.57.41:359][  0]MapCheck:Warning: Warning StaticMeshComponent0 StaticMeshComponent /Game/FirstPersonBP/Maps/FirstPersonExampleMap.FirstPersonExampleMap:PersistentLevel.BigWall4.StaticMeshComponent0 : Externally referenced 
[2015.12.29-22.57.41:359][  0]MapCheck:Warning: Warning StaticMeshComponent0 StaticMeshComponent /Game/FirstPersonBP/Maps/FirstPersonExampleMap.FirstPersonExampleMap:PersistentLevel.BigWall_21.StaticMeshComponent0 : Externally referenced 
[2015.12.29-22.57.41:359][  0]MapCheck:Warning: Warning StaticMeshComponent0 StaticMeshComponent /Game/FirstPersonBP/Maps/FirstPersonExampleMap.FirstPersonExampleMap:PersistentLevel.Cubelumineux.StaticMeshComponent0 : Externally referenced 
[2015.12.29-22.57.41:359][  0]MapCheck:Warning: Warning StaticMeshComponent0 StaticMeshComponent /Game/FirstPersonBP/Maps/FirstPersonExampleMap.FirstPersonExampleMap:PersistentLevel.EditorCube10_4.StaticMeshComponent0 : Externally referenced 
[2015.12.29-22.57.41:359][  0]MapCheck:Warning: Warning StaticMeshComponent0 StaticMeshComponent /Game/FirstPersonBP/Maps/FirstPersonExampleMap.FirstPersonExampleMap:PersistentLevel.EditorCube11_5.StaticMeshComponent0 : Externally referenced 
[2015.12.29-22.57.41:359][  0]MapCheck:Warning: Warning StaticMeshComponent0 StaticMeshComponent /Game/FirstPersonBP/Maps/FirstPersonExampleMap.FirstPersonExampleMap:PersistentLevel.EditorCube12_6.StaticMeshComponent0 : Externally referenced 
[2015.12.29-22.57.41:359][  0]MapCheck:Warning: Warning StaticMeshComponent0 StaticMeshComponent /Game/FirstPersonBP/Maps/FirstPersonExampleMap.FirstPersonExampleMap:PersistentLevel.EditorCube13_7.StaticMeshComponent0 : Externally referenced 
[2015.12.29-22.57.41:359][  0]MapCheck:Warning: Warning StaticMeshComponent0 StaticMeshComponent /Game/FirstPersonBP/Maps/FirstPersonExampleMap.FirstPersonExampleMap:PersistentLevel.EditorCube14_8.StaticMeshComponent0 : Externally referenced 
[2015.12.29-22.57.41:359][  0]MapCheck:Warning: Warning StaticMeshComponent0 StaticMeshComponent /Game/FirstPersonBP/Maps/FirstPersonExampleMap.FirstPersonExampleMap:PersistentLevel.EditorCube15_9.StaticMeshComponent0 : Externally referenced 
[2015.12.29-22.57.41:359][  0]MapCheck:Warning: Warning StaticMeshComponent0 StaticMeshComponent /Game/FirstPersonBP/Maps/FirstPersonExampleMap.FirstPersonExampleMap:PersistentLevel.EditorCube16_10.StaticMeshComponent0 : Externally referenced 
[2015.12.29-22.57.41:359][  0]MapCheck:Warning: Warning StaticMeshComponent0 StaticMeshComponent /Game/FirstPersonBP/Maps/FirstPersonExampleMap.FirstPersonExampleMap:PersistentLevel.EditorCube17_11.StaticMeshComponent0 : Externally referenced 
[2015.12.29-22.57.41:359][  0]MapCheck:Warning: Warning StaticMeshComponent0 StaticMeshComponent /Game/FirstPersonBP/Maps/FirstPersonExampleMap.FirstPersonExampleMap:PersistentLevel.EditorCube18_12.StaticMeshComponent0 : Externally referenced 
[2015.12.29-22.57.41:359][  0]MapCheck:Warning: Warning StaticMeshComponent0 StaticMeshComponent /Game/FirstPersonBP/Maps/FirstPersonExampleMap.FirstPersonExampleMap:PersistentLevel.EditorCube19_13.StaticMeshComponent0 : Externally referenced 
[2015.12.29-22.57.41:359][  0]MapCheck:Warning: Warning StaticMeshComponent0 StaticMeshComponent /Game/FirstPersonBP/Maps/FirstPersonExampleMap.FirstPersonExampleMap:PersistentLevel.EditorCube20_14.StaticMeshComponent0 : Externally referenced 
[2015.12.29-22.57.41:359][  0]MapCheck:Warning: Warning StaticMeshComponent0 StaticMeshComponent /Game/FirstPersonBP/Maps/FirstPersonExampleMap.FirstPersonExampleMap:PersistentLevel.EditorCube21_15.StaticMeshComponent0 : Externally referenced 
[2015.12.29-22.57.41:359][  0]MapCheck:Warning: Warning StaticMeshComponent0 StaticMeshComponent /Game/FirstPersonBP/Maps/FirstPersonExampleMap.FirstPersonExampleMap:PersistentLevel.EditorCube9_3.StaticMeshComponent0 : Externally referenced 
[2015.12.29-22.57.41:360][  0]MapCheck:Warning: Warning StaticMeshComponent0 StaticMeshComponent /Game/FirstPersonBP/Maps/FirstPersonExampleMap.FirstPersonExampleMap:PersistentLevel.Floor_16.StaticMeshComponent0 : Externally referenced 
[2015.12.29-22.57.41:360][  0]MapCheck:Warning: Warning StaticMeshComponent0 StaticMeshComponent /Game/FirstPersonBP/Maps/FirstPersonExampleMap.FirstPersonExampleMap:PersistentLevel.Wall1_17.StaticMeshComponent0 : Externally referenced 
[2015.12.29-22.57.41:360][  0]MapCheck:Warning: Warning StaticMeshComponent0 StaticMeshComponent /Game/FirstPersonBP/Maps/FirstPersonExampleMap.FirstPersonExampleMap:PersistentLevel.Wall2_18.StaticMeshComponent0 : Externally referenced 
[2015.12.29-22.57.41:360][  0]MapCheck:Warning: Warning StaticMeshComponent0 StaticMeshComponent /Game/FirstPersonBP/Maps/FirstPersonExampleMap.FirstPersonExampleMap:PersistentLevel.Wall3_19.StaticMeshComponent0 : Externally referenced 
[2015.12.29-22.57.41:360][  0]MapCheck:Warning: Warning StaticMeshComponent0 StaticMeshComponent /Game/FirstPersonBP/Maps/FirstPersonExampleMap.FirstPersonExampleMap:PersistentLevel.Wall4_20.StaticMeshComponent0 : Externally referenced 
[2015.12.29-22.57.41:360][  0]MapCheck: Info Map check complete: 0 Error(s), 52 Warning(s), took 177.859ms to complete.
[2015.12.29-22.57.41:366][  0]LogFileHelpers: Loading map 'FirstPersonExampleMap' took 1.923
[2015.12.29-22.57.41:484][  0]LogCollectionManager: Loaded 0 collections in 0.004490 seconds
[2015.12.29-22.57.41:528][  0]LogFileCache: Scanning file cache for directory 'C:/Users/vincent/Documents/Unreal Projects/Unreal_Prototype_Musical 4.10/Saved/Collections/' took 0.01s
[2015.12.29-22.57.41:528][  0]LogFileCache: Scanning file cache for directory 'C:/Users/vincent/Documents/Unreal Projects/Unreal_Prototype_Musical 4.10/Content/Developers/vincent/Collections/' took 0.01s
[2015.12.29-22.57.41:528][  0]LogFileCache: Scanning file cache for directory 'C:/Users/vincent/Documents/Unreal Projects/Unreal_Prototype_Musical 4.10/Content/Collections/' took 0.01s
[2015.12.29-22.57.41:528][  0]LogCollectionManager: Rebuilt the GUID cache for 0 collections in 0.000003 seconds
[2015.12.29-22.57.41:539][  0]LogContentBrowser: Native class hierarchy populated in 0.0104 seconds. Added 1893 classes and 338 folders.
[2015.12.29-22.57.41:552][  0]LogContentBrowser: Native class hierarchy updated for 'WidgetCarousel' in 0.0006 seconds. Added 0 classes and 0 folders.
[2015.12.29-22.57.41:653][  0]LogContentBrowser: Native class hierarchy updated for 'AddContentDialog' in 0.0004 seconds. Added 0 classes and 0 folders.
[2015.12.29-22.57.41:660][  0]LogContentBrowser: Native class hierarchy updated for 'SceneOutliner' in 0.0004 seconds. Added 1 classes and 2 folders.
[2015.12.29-22.57.41:689][  0]LogCrashTracker: Crashtracker disabled due to settings.
[2015.12.29-22.57.41:694][  0]LogUObjectGlobals:Warning: Failed to find object 'Class None.'
[2015.12.29-22.57.41:717][  0]LogLoad: Full Startup: 8.46 seconds (BP compile: 0.37 seconds)
[2015.12.29-22.57.41:741][  0]LogOcInput: Can't find Oculus library dev build: is proper Runtime installed? Version: 0.8.0.0
[2015.12.29-22.57.41:861][  0]LogContentStreaming: Texture pool size now 400 MB
[2015.12.29-22.57.42:067][  0]LogRenderer: Reallocating scene render targets to support 1056x624 (Frame:2).
[2015.12.29-22.57.42:671][  6]LogAssetRegistry: Asset discovery search completed in 4.9220 seconds
[2015.12.29-22.57.42:671][  6]LogCollectionManager: Rebuilt the object cache for 0 collections in 0.000001 seconds (found 0 objects)
[2015.12.29-22.57.42:671][  6]LogCollectionManager: Fixed up redirectors for 0 collections in 0.000027 seconds (updated 0 objects)
[2015.12.29-22.58.25:119][669]LogRenderer: Reallocating scene render targets to support 1208x676 (Frame:11).
[2015.12.29-22.59.00:022][514]LogBlueprintUserMessages: Early PlayInEditor Detection: Level '/Game/FirstPersonBP/Maps/FirstPersonExampleMap.FirstPersonExampleMap:PersistentLevel' has LevelScriptBlueprint '/Game/FirstPersonBP/Maps/FirstPersonExampleMap.FirstPersonExampleMap:PersistentLevel.FirstPersonExampleMap' with GeneratedClass '/Game/FirstPersonBP/Maps/FirstPersonExampleMap.FirstPersonExampleMap_C' with ClassGeneratedBy '/Game/FirstPersonBP/Maps/FirstPersonExampleMap.FirstPersonExampleMap:PersistentLevel.FirstPersonExampleMap'
[2015.12.29-22.59.00:022][514]LogPlayLevel: PlayLevel: No blueprints needed recompiling
[2015.12.29-22.59.00:023][514]PIE: New page: PIE session: FirstPersonExampleMap (Dec 29, 2015, 12:59:00 PM)
[2015.12.29-22.59.00:023][514]LogPlayLevel: Creating play world package: /Game/FirstPersonBP/Maps/UEDPIE_0_FirstPersonExampleMap
[2015.12.29-22.59.00:055][514]LogPlayLevel: PIE: StaticDuplicateObject took: (0.031863s)
[2015.12.29-22.59.00:056][514]LogAIModule: Creating AISystem for world FirstPersonExampleMap
[2015.12.29-22.59.00:056][514]LogPlayLevel: PIE: World Init took: (0.001479s)
[2015.12.29-22.59.00:056][514]LogPlayLevel: PIE: Created PIE world by copying editor world from /Game/FirstPersonBP/Maps/FirstPersonExampleMap.FirstPersonExampleMap to /Game/FirstPersonBP/Maps/UEDPIE_0_FirstPersonExampleMap.FirstPersonExampleMap (0.033665s)
[2015.12.29-22.59.00:056][514]LogActorComponent: UnregisterComponent: (/Engine/Transient.ProjectileMovementComponent_40__A6522401) Not registered. Aborting.
[2015.12.29-22.59.00:056][514]LogActorComponent: UnregisterComponent: (/Engine/Transient.CharMoveComp) Not registered. Aborting.
[2015.12.29-22.59.00:106][514]LogInit: XAudio2 using 'Speakers (Realtek High Definition Audio)' : 2 channels at 48 kHz using 32 bits per sample (channel mask 0x3)
[2015.12.29-22.59.00:121][514]LogInit: FAudioDevice initialized.
[2015.12.29-22.59.00:257][514]LogWorld: Game class is 'FirstPersonGameMode_C'
[2015.12.29-22.59.00:267][514]LogWorld: Bringing World /Game/FirstPersonBP/Maps/UEDPIE_0_FirstPersonExampleMap.FirstPersonExampleMap up for play (max tick rate 60) at 2015.12.29-17.59.00
[2015.12.29-22.59.00:267][514]LogActor:Warning: GameSession /Game/FirstPersonBP/Maps/UEDPIE_0_FirstPersonExampleMap.FirstPersonExampleMap:PersistentLevel.GameSession_0 has natively added scene component(s), but none of them were set as the actor's RootComponent - picking one arbitrarily
[2015.12.29-22.59.00:267][514]LogActor:Warning: GameNetworkManager /Game/FirstPersonBP/Maps/UEDPIE_0_FirstPersonExampleMap.FirstPersonExampleMap:PersistentLevel.GameNetworkManager_0 has natively added scene component(s), but none of them were set as the actor's RootComponent - picking one arbitrarily
[2015.12.29-22.59.00:268][514]LogWorld: Bringing up level for play took: 0.009296
[2015.12.29-22.59.00:272][514]PIE: Info Play in editor start time for /Game/FirstPersonBP/Maps/UEDPIE_0_FirstPersonExampleMap 0.294
[2015.12.29-22.59.00:272][514]LogBlueprintUserMessages: Late PlayInEditor Detection: Level '/Game/FirstPersonBP/Maps/FirstPersonExampleMap.FirstPersonExampleMap:PersistentLevel' has LevelScriptBlueprint '/Game/FirstPersonBP/Maps/FirstPersonExampleMap.FirstPersonExampleMap:PersistentLevel.FirstPersonExampleMap' with GeneratedClass '/Game/FirstPersonBP/Maps/FirstPersonExampleMap.FirstPersonExampleMap_C' with ClassGeneratedBy '/Game/FirstPersonBP/Maps/FirstPersonExampleMap.FirstPersonExampleMap:PersistentLevel.FirstPersonExampleMap'
[2015.12.29-22.59.00:981][551]LogBlueprintUserMessages: [FirstPersonCharacter_C_0] 1
[2015.12.29-22.59.01:984][611]LogBlueprintUserMessages: [FirstPersonCharacter_C_0] 2
[2015.12.29-22.59.02:984][671]LogBlueprintUserMessages: [FirstPersonCharacter_C_0] 3
[2015.12.29-22.59.03:984][731]LogBlueprintUserMessages: [FirstPersonCharacter_C_0] 4
[2015.12.29-22.59.04:986][788]LogBlueprintUserMessages: [FirstPersonCharacter_C_0] 5
[2015.12.29-22.59.05:987][848]LogBlueprintUserMessages: [FirstPersonCharacter_C_0] 6
[2015.12.29-22.59.06:987][908]LogBlueprintUserMessages: [FirstPersonCharacter_C_0] 7
[2015.12.29-22.59.07:987][968]LogBlueprintUserMessages: [FirstPersonCharacter_C_0] 8
[2015.12.29-22.59.08:987][ 28]LogBlueprintUserMessages: [FirstPersonCharacter_C_0] 9
[2015.12.29-22.59.09:991][ 85]LogBlueprintUserMessages: [FirstPersonCharacter_C_0] 10
[2015.12.29-22.59.10:991][145]LogBlueprintUserMessages: [FirstPersonCharacter_C_0] 11
[2015.12.29-22.59.12:007][203]LogBlueprintUserMessages: [FirstPersonCharacter_C_0] 12
[2015.12.29-22.59.12:692][244]LogBlueprintUserMessages: Early EndPlayMap Detection: Level '/Game/FirstPersonBP/Maps/FirstPersonExampleMap.FirstPersonExampleMap:PersistentLevel' has LevelScriptBlueprint '/Game/FirstPersonBP/Maps/FirstPersonExampleMap.FirstPersonExampleMap:PersistentLevel.FirstPersonExampleMap' with GeneratedClass '/Game/FirstPersonBP/Maps/FirstPersonExampleMap.FirstPersonExampleMap_C' with ClassGeneratedBy '/Game/FirstPersonBP/Maps/FirstPersonExampleMap.FirstPersonExampleMap:PersistentLevel.FirstPersonExampleMap'
[2015.12.29-22.59.12:779][244]LogBlueprintUserMessages: Late EndPlayMap Detection: Level '/Game/FirstPersonBP/Maps/FirstPersonExampleMap.FirstPersonExampleMap:PersistentLevel' has LevelScriptBlueprint '/Game/FirstPersonBP/Maps/FirstPersonExampleMap.FirstPersonExampleMap:PersistentLevel.FirstPersonExampleMap' with GeneratedClass '/Game/FirstPersonBP/Maps/FirstPersonExampleMap.FirstPersonExampleMap_C' with ClassGeneratedBy '/Game/FirstPersonBP/Maps/FirstPersonExampleMap.FirstPersonExampleMap:PersistentLevel.FirstPersonExampleMap'
[2015.12.29-22.59.12:799][244]LogParticles: Destroying 0 GPU particle simulations for FXSystem 0x000002AEFF38E5C0
[2015.12.29-22.59.23:890][643]LogSavePackage: Save=3611.445068ms
[2015.12.29-22.59.23:890][643]LogSavePackage: Moving '../../../../../../Users/vincent/Documents/Unreal Projects/Unreal_Prototype_Musical 4.10/Saved/FirstPersonExampleMapD7F349DD4784F334C7B4CDA833D04890.tmp' to '../../../../../../Users/vincent/Documents/Unreal Projects/Unreal_Prototype_Musical 4.10/Content/FirstPersonBP/Maps/FirstPersonExampleMap.umap'
[2015.12.29-22.59.23:911][643]LogSavePackage: Total save time: 4325.896516ms
[2015.12.29-22.59.23:911][643]LogSavePackage:Display: Finished SavePackage ../../../../../../Users/vincent/Documents/Unreal Projects/Unreal_Prototype_Musical 4.10/Content/FirstPersonBP/Maps/FirstPersonExampleMap.umap
[2015.12.29-22.59.43:777][806]LogUProjectInfo: Found projects:
[2015.12.29-23.04.32:148][620]LogActorComponent: UnregisterComponent: (/Engine/Transient.ProjectileMovementComponent_40__A6522401) Not registered. Aborting.
[2015.12.29-23.04.32:148][620]LogActorComponent: UnregisterComponent: (/Engine/Transient.CharMoveComp) Not registered. Aborting.
[2015.12.29-23.04.32:596][621]Cmd: QUIT_EDITOR
[2015.12.29-23.04.33:209][621]LogWindowsTextInputMethodSystem:Display: IME system now deactivated.
[2015.12.29-23.04.33:279][621]LogExit: Preparing to exit.
[2015.12.29-23.04.33:826][621]LogExit: Editor shut down
[2015.12.29-23.04.33:826][621]LogExit: Transaction tracking system shut down
[2015.12.29-23.04.33:830][621]LogParticles: Destroying 0 GPU particle simulations for FXSystem 0x000002AEE28BD300
[2015.12.29-23.04.33:831][621]LogParticles: Destroying 0 GPU particle simulations for FXSystem 0x000002AEE7CA3920
[2015.12.29-23.04.33:831][621]LogParticles: Destroying 0 GPU particle simulations for FXSystem 0x000002AEE7C01800
[2015.12.29-23.04.33:831][621]LogParticles: Destroying 0 GPU particle simulations for FXSystem 0x000002AEE727A480
[2015.12.29-23.04.34:133][621]LogExit: Object subsystem successfully closed.
[2015.12.29-23.04.34:152][621]LogD3D11RHI: Shutdown
[2015.12.29-23.04.34:152][621]LogD3D11RHI: CleanupD3DDevice
[2015.12.29-23.04.34:235][621]LogD3D11RHI: ~FD3D11DynamicRHI
[2015.12.29-23.04.34:263][621]LogModuleManager: Shutting down and abandoning module CookingStats (200)
[2015.12.29-23.04.34:263][621]LogModuleManager: Shutting down and abandoning module ExternalImagePicker (199)
[2015.12.29-23.04.34:263][621]LogModuleManager: Shutting down and abandoning module CrashTracker (198)
[2015.12.29-23.04.34:263][621]LogModuleManager: Shutting down and abandoning module SceneOutliner (197)
[2015.12.29-23.04.34:263][621]LogModuleManager: Shutting down and abandoning module SuperSearch (196)
[2015.12.29-23.04.34:263][621]LogModuleManager: Shutting down and abandoning module WidgetCarousel (195)
[2015.12.29-23.04.34:263][621]LogModuleManager: Shutting down and abandoning module AddContentDialog (194)
[2015.12.29-23.04.34:266][621]LogModuleManager: Shutting down and abandoning module EditorWidgets (193)
[2015.12.29-23.04.34:266][621]LogModuleManager: Shutting down and abandoning module CollectionManager (192)
[2015.12.29-23.04.34:266][621]LogModuleManager: Shutting down and abandoning module StatsViewer (191)
[2015.12.29-23.04.34:266][621]LogModuleManager: Shutting down and abandoning module FoliageEdit (190)
[2015.12.29-23.04.34:266][621]LogModuleManager: Shutting down and abandoning module LandscapeEditor (189)
[2015.12.29-23.04.34:266][621]LogModuleManager: Shutting down and abandoning module ActorPickerMode (188)
[2015.12.29-23.04.34:266][621]LogModuleManager: Shutting down and abandoning module GeometryMode (187)
[2015.12.29-23.04.34:266][621]LogModuleManager: Shutting down and abandoning module TextureAlignMode (186)
[2015.12.29-23.04.34:266][621]LogModuleManager: Shutting down and abandoning module BspMode (185)
[2015.12.29-23.04.34:266][621]LogModuleManager: Shutting down and abandoning module PlacementMode (184)
[2015.12.29-23.04.34:266][621]LogModuleManager: Shutting down and abandoning module AutomationWorker (183)
[2015.12.29-23.04.34:266][621]LogModuleManager: Shutting down and abandoning module CharacterAI (182)
[2015.12.29-23.04.34:266][621]LogModuleManager: Shutting down and abandoning module SmartSnapping (181)
[2015.12.29-23.04.34:266][621]LogModuleManager: Shutting down and abandoning module ViewportSnapping (180)
[2015.12.29-23.04.34:266][621]LogModuleManager: Shutting down and abandoning module LogVisualizer (179)
[2015.12.29-23.04.34:266][621]LogModuleManager: Shutting down and abandoning module GameProjectGeneration (178)
[2015.12.29-23.04.34:266][621]LogModuleManager: Shutting down and abandoning module IntroTutorials (177)
[2015.12.29-23.04.34:266][621]LogModuleManager: Shutting down and abandoning module EditorLiveStreaming (176)
[2015.12.29-23.04.34:266][621]LogModuleManager: Shutting down and abandoning module IOSPlatformEditor (175)
[2015.12.29-23.04.34:266][621]LogModuleManager: Shutting down and abandoning module HTML5PlatformEditor (174)
[2015.12.29-23.04.34:267][621]LogModuleManager: Shutting down and abandoning module AndroidDeviceDetection (173)
[2015.12.29-23.04.35:248][621]LogModuleManager: Shutting down and abandoning module AndroidPlatformEditor (172)
[2015.12.29-23.04.35:248][621]LogModuleManager: Shutting down and abandoning module IOSRuntimeSettings (171)
[2015.12.29-23.04.35:248][621]LogModuleManager: Shutting down and abandoning module AndroidRuntimeSettings (170)
[2015.12.29-23.04.35:248][621]LogModuleManager: Shutting down and abandoning module MergeActors (169)
[2015.12.29-23.04.35:248][621]LogModuleManager: Shutting down and abandoning module SizeMap (168)
[2015.12.29-23.04.35:248][621]LogModuleManager: Shutting down and abandoning module TreeMap (167)
[2015.12.29-23.04.35:248][621]LogModuleManager: Shutting down and abandoning module ReferenceViewer (166)
[2015.12.29-23.04.35:248][621]LogModuleManager: Shutting down and abandoning module LocalizationService (165)
[2015.12.29-23.04.35:248][621]LogModuleManager: Shutting down and abandoning module LocalizationDashboard (164)
[2015.12.29-23.04.35:248][621]LogModuleManager: Shutting down and abandoning module HardwareTargeting (163)
[2015.12.29-23.04.35:248][621]LogModuleManager: Shutting down and abandoning module DeviceProfileEditor (162)
[2015.12.29-23.04.35:248][621]LogModuleManager: Shutting down and abandoning module UndoHistory (161)
[2015.12.29-23.04.35:248][621]LogModuleManager: Shutting down and abandoning module GameplayTagsEditor (160)
[2015.12.29-23.04.35:248][621]LogModuleManager: Shutting down and abandoning module UserFeedback (159)
[2015.12.29-23.04.35:248][621]LogModuleManager: Shutting down and abandoning module XmlParser (158)
[2015.12.29-23.04.35:248][621]LogModuleManager: Shutting down and abandoning module Blutility (157)
[2015.12.29-23.04.35:249][621]LogModuleManager: Shutting down and abandoning module ProjectTargetPlatformEditor (156)
[2015.12.29-23.04.35:249][621]LogModuleManager: Shutting down and abandoning module ProjectSettingsViewer (155)
[2015.12.29-23.04.35:249][621]LogModuleManager: Shutting down and abandoning module InputBindingEditor (154)
[2015.12.29-23.04.35:249][621]LogModuleManager: Shutting down and abandoning module EditorSettingsViewer (153)
[2015.12.29-23.04.35:249][621]LogModuleManager: Shutting down and abandoning module SettingsEditor (152)
[2015.12.29-23.04.35:249][621]LogModuleManager: Shutting down and abandoning module ProjectLauncher (151)
[2015.12.29-23.04.35:249][621]LogModuleManager: Shutting down and abandoning module SessionFrontend (150)
[2015.12.29-23.04.35:249][621]LogModuleManager: Shutting down and abandoning module ProfilerClient (149)
[2015.12.29-23.04.35:249][621]LogModuleManager: Shutting down and abandoning module TargetDeviceServices (148)
[2015.12.29-23.04.35:249][621]LogModuleManager: Shutting down and abandoning module DeviceManager (147)
[2015.12.29-23.04.35:249][621]LogModuleManager: Shutting down and abandoning module AutomationController (146)
[2015.12.29-23.04.35:249][621]LogModuleManager: Shutting down and abandoning module AutomationWindow (145)
[2015.12.29-23.04.35:249][621]LogModuleManager: Shutting down and abandoning module Layers (144)
[2015.12.29-23.04.35:249][621]LogModuleManager: Shutting down and abandoning module ComponentVisualizers (143)
[2015.12.29-23.04.35:249][621]LogModuleManager: Shutting down and abandoning module DetailCustomizations (142)
[2015.12.29-23.04.35:249][621]LogModuleManager: Shutting down and abandoning module PackagesDialog (141)
[2015.12.29-23.04.35:249][621]LogModuleManager: Shutting down and abandoning module Persona (140)
[2015.12.29-23.04.35:249][621]LogModuleManager: Shutting down and abandoning module Kismet (139)
[2015.12.29-23.04.35:249][621]LogModuleManager: Shutting down and abandoning module GraphEditor (138)
[2015.12.29-23.04.35:249][621]LogModuleManager: Shutting down and abandoning module ClassViewer (137)
[2015.12.29-23.04.35:249][621]LogModuleManager: Shutting down and abandoning module Toolbox (136)
[2015.12.29-23.04.35:249][621]LogModuleManager: Shutting down and abandoning module ModuleUI (135)
[2015.12.29-23.04.35:249][621]LogModuleManager: Shutting down and abandoning module MovieSceneTools (134)
[2015.12.29-23.04.35:249][621]LogModuleManager: Shutting down and abandoning module OutputLog (133)
[2015.12.29-23.04.35:249][621]LogModuleManager: Shutting down and abandoning module GammaUI (132)
[2015.12.29-23.04.35:250][621]LogModuleManager: Shutting down and abandoning module Documentation (131)
[2015.12.29-23.04.35:250][621]LogModuleManager: Shutting down and abandoning module GameLiveStreaming (130)
[2015.12.29-23.04.35:250][621]LogModuleManager: Shutting down and abandoning module StreamingPauseRendering (129)
[2015.12.29-23.04.35:250][621]LogModuleManager: Shutting down and abandoning module AnalyticsET (128)
[2015.12.29-23.04.35:250][621]LogModuleManager: Shutting down and abandoning module Analytics (127)
[2015.12.29-23.04.35:250][621]LogModuleManager: Shutting down and abandoning module AITestSuite (126)
[2015.12.29-23.04.35:250][621]LogModuleManager: Shutting down and abandoning module GameplayDebugger (125)
[2015.12.29-23.04.35:250][621]LogModuleManager: Shutting down and abandoning module AIModule (124)
[2015.12.29-23.04.35:250][621]LogModuleManager: Shutting down and abandoning module ProfilerService (123)
[2015.12.29-23.04.35:404][621]LogModuleManager: Shutting down and abandoning module TaskGraph (122)
[2015.12.29-23.04.35:404][621]LogModuleManager: Shutting down and abandoning module SlateRemote (121)
[2015.12.29-23.04.35:404][621]LogModuleManager: Shutting down and abandoning module SteamVRController (120)
[2015.12.29-23.04.35:404][621]LogModuleManager: Shutting down and abandoning module SteamVR (119)
[2015.12.29-23.04.35:404][621]LogModuleManager: Shutting down and abandoning module ProceduralMeshComponent (118)
[2015.12.29-23.04.35:404][621]LogModuleManager: Shutting down and abandoning module OculusLibrary (117)
[2015.12.29-23.04.35:405][621]LogModuleManager: Shutting down and abandoning module OculusInput (116)
[2015.12.29-23.04.35:405][621]LogModuleManager: Shutting down and abandoning module LeapMotionController (115)
[2015.12.29-23.04.35:443][621]LogModuleManager: Shutting down and abandoning module CustomMeshComponent (114)
[2015.12.29-23.04.35:443][621]LogModuleManager: Shutting down and abandoning module CableComponent (113)
[2015.12.29-23.04.35:443][621]LogModuleManager: Shutting down and abandoning module ArchVisCharacter (112)
[2015.12.29-23.04.35:443][621]LogModuleManager: Shutting down and abandoning module MessagingDebugger (111)
[2015.12.29-23.04.35:443][621]LogModuleManager: Shutting down and abandoning module MediaPlayerEditor (110)
[2015.12.29-23.04.35:443][621]LogModuleManager: Shutting down and abandoning module HTML5Networking (109)
[2015.12.29-23.04.35:443][621]LogModuleManager: Shutting down and abandoning module SpeedTreeImporter (108)
[2015.12.29-23.04.35:443][621]LogModuleManager: Shutting down and abandoning module PluginBrowser (107)
[2015.12.29-23.04.35:443][621]LogModuleManager: Shutting down and abandoning module EpicSurvey (106)
[2015.12.29-23.04.35:443][621]LogModuleManager: Shutting down and abandoning module DesktopPlatform (105)
[2015.12.29-23.04.35:443][621]LogModuleManager: Shutting down and abandoning module VisualStudioSourceCodeAccess (104)
[2015.12.29-23.04.35:443][621]LogModuleManager: Shutting down and abandoning module UObjectPlugin (103)
[2015.12.29-23.04.35:443][621]LogModuleManager: Shutting down and abandoning module SubversionSourceControl (102)
[2015.12.29-23.04.35:443][621]LogModuleManager: Shutting down and abandoning module PerforceSourceControl (101)
[2015.12.29-23.04.35:443][621]LogModuleManager: Shutting down and abandoning module SourceControl (100)
[2015.12.29-23.04.35:443][621]LogModuleManager: Shutting down and abandoning module GitSourceControl (99)
[2015.12.29-23.04.35:443][621]LogModuleManager: Shutting down and abandoning module LightPropagationVolumeEditor (98)
[2015.12.29-23.04.35:443][621]LogModuleManager: Shutting down and abandoning module PaperTiledImporter (97)
[2015.12.29-23.04.35:443][621]LogModuleManager: Shutting down and abandoning module PaperSpriteSheetImporter (96)
[2015.12.29-23.04.35:443][621]LogModuleManager: Shutting down and abandoning module MeshPaint (95)
[2015.12.29-23.04.35:443][621]LogModuleManager: Shutting down and abandoning module SlateReflector (94)
[2015.12.29-23.04.35:443][621]LogModuleManager: Shutting down and abandoning module HotReload (93)
[2015.12.29-23.04.35:443][621]LogModuleManager: Shutting down and abandoning module MainFrame (92)
[2015.12.29-23.04.35:443][621]LogModuleManager: Shutting down and abandoning module LevelEditor (91)
[2015.12.29-23.04.35:444][621]LogModuleManager: Shutting down and abandoning module DirectoryWatcher (90)
[2015.12.29-23.04.35:446][621]LogModuleManager: Shutting down and abandoning module AssetRegistry (89)
[2015.12.29-23.04.35:601][621]LogModuleManager: Shutting down and abandoning module ContentBrowser (88)
[2015.12.29-23.04.35:602][621]LogModuleManager: Shutting down and abandoning module Paper2DEditor (87)
[2015.12.29-23.04.35:602][621]LogModuleManager: Shutting down and abandoning module UdpMessaging (86)
[2015.12.29-23.04.35:703][621]LogModuleManager: Shutting down and abandoning module LightPropagationVolumeRuntime (85)
[2015.12.29-23.04.35:703][621]LogModuleManager: Shutting down and abandoning module Paper2D (84)
[2015.12.29-23.04.35:703][621]LogModuleManager: Shutting down and abandoning module WindowsMoviePlayer (83)
[2015.12.29-23.04.35:709][621]LogModuleManager: Shutting down and abandoning module Media (82)
[2015.12.29-23.04.35:709][621]LogModuleManager: Shutting down and abandoning module WmfMedia (81)
[2015.12.29-23.04.35:709][621]LogModuleManager: Shutting down and abandoning module OnlineBlueprintSupport (80)
[2015.12.29-23.04.35:709][621]LogModuleManager: Shutting down and abandoning module GameplayTasksEditor (79)
[2015.12.29-23.04.35:709][621]LogModuleManager: Shutting down and abandoning module PropertyEditor (78)
[2015.12.29-23.04.35:709][621]LogModuleManager: Shutting down and abandoning module BehaviorTreeEditor (77)
[2015.12.29-23.04.35:709][621]LogModuleManager: Shutting down and abandoning module FunctionalTesting (76)
[2015.12.29-23.04.35:709][621]LogModuleManager: Shutting down and abandoning module CollisionAnalyzer (75)
[2015.12.29-23.04.35:710][621]LogModuleManager: Shutting down and abandoning module WorkspaceMenuStructure (74)
[2015.12.29-23.04.35:710][621]LogModuleManager: Shutting down and abandoning module MessageLog (73)
[2015.12.29-23.04.35:710][621]LogModuleManager: Shutting down and abandoning module Sequencer (72)
[2015.12.29-23.04.35:710][621]LogModuleManager: Shutting down and abandoning module AssetTools (71)
[2015.12.29-23.04.35:710][621]LogModuleManager: Shutting down and abandoning module UMGEditor (70)
[2015.12.29-23.04.35:710][621]LogModuleManager: Shutting down and abandoning module UMG (69)
[2015.12.29-23.04.35:710][621]LogModuleManager: Shutting down and abandoning module Slate (68)
[2015.12.29-23.04.35:710][621]LogModuleManager: Shutting down and abandoning module EditorStyle (67)
[2015.12.29-23.04.35:720][621]LogModuleManager: Shutting down and abandoning module SessionServices (66)
[2015.12.29-23.04.35:720][621]LogModuleManager: Shutting down and abandoning module SourceCodeAccess (65)
[2015.12.29-23.04.35:720][621]LogModuleManager: Shutting down and abandoning module HeadMountedDisplay (64)
[2015.12.29-23.04.35:721][621]LogModuleManager: Shutting down and abandoning module XAudio2 (63)
[2015.12.29-23.04.35:721][621]LogModuleManager: Shutting down and abandoning module Networking (61)
[2015.12.29-23.04.35:721][621]LogModuleManager: Shutting down and abandoning module Core (60)
[2015.12.29-23.04.35:721][621]LogModuleManager: Shutting down and abandoning module KismetCompiler (59)
[2015.12.29-23.04.35:721][621]LogModuleManager: Shutting down and abandoning module PhysXFormats (58)
[2015.12.29-23.04.35:721][621]LogModuleManager: Shutting down and abandoning module MeshUtilities (57)
[2015.12.29-23.04.35:721][621]LogModuleManager: Shutting down and abandoning module DerivedDataCache (56)
[2015.12.29-23.04.35:770][621]LogDerivedDataCache: Shutdown
[2015.12.29-23.04.35:770][621]LogModuleManager: Shutting down and abandoning module ShaderFormatOpenGL (55)
[2015.12.29-23.04.35:770][621]LogModuleManager: Shutting down and abandoning module ShaderFormatD3D (54)
[2015.12.29-23.04.35:770][621]LogModuleManager: Shutting down and abandoning module MetalShaderFormat (53)
[2015.12.29-23.04.35:770][621]LogModuleManager: Shutting down and abandoning module TextureFormatUncompressed (52)
[2015.12.29-23.04.35:770][621]LogModuleManager: Shutting down and abandoning module TextureFormatPVR (51)
[2015.12.29-23.04.35:770][621]LogModuleManager: Shutting down and abandoning module TextureFormatIntelISPCTexComp (50)
[2015.12.29-23.04.35:770][621]LogModuleManager: Shutting down and abandoning module TextureFormatDXT (49)
[2015.12.29-23.04.35:770][621]LogModuleManager: Shutting down and abandoning module ImageWrapper (48)
[2015.12.29-23.04.35:770][621]LogModuleManager: Shutting down and abandoning module TextureFormatASTC (47)
[2015.12.29-23.04.35:770][621]LogModuleManager: Shutting down and abandoning module TextureFormatAndroid (46)
[2015.12.29-23.04.35:770][621]LogModuleManager: Shutting down and abandoning module AudioFormatOpus (45)
[2015.12.29-23.04.35:770][621]LogModuleManager: Shutting down and abandoning module AudioFormatOgg (44)
[2015.12.29-23.04.35:770][621]LogModuleManager: Shutting down and abandoning module AudioFormatADPCM (43)
[2015.12.29-23.04.35:770][621]LogModuleManager: Shutting down and abandoning module LinuxTargetPlatform (42)
[2015.12.29-23.04.35:770][621]LogModuleManager: Shutting down and abandoning module LinuxServerTargetPlatform (41)
[2015.12.29-23.04.35:770][621]LogModuleManager: Shutting down and abandoning module LinuxNoEditorTargetPlatform (40)
[2015.12.29-23.04.35:770][621]LogModuleManager: Shutting down and abandoning module Messaging (39)
[2015.12.29-23.04.35:770][621]LogModuleManager: Shutting down and abandoning module IOSTargetPlatform (38)
[2015.12.29-23.04.35:770][621]LogModuleManager: Shutting down and abandoning module HTML5TargetPlatform (37)
[2015.12.29-23.04.35:770][621]LogModuleManager: Shutting down and abandoning module Android_PVRTCTargetPlatform (36)
[2015.12.29-23.04.35:770][621]LogModuleManager: Shutting down and abandoning module Android_MultiTargetPlatform (35)
[2015.12.29-23.04.35:770][621]LogModuleManager: Shutting down and abandoning module Android_ETC2TargetPlatform (34)
[2015.12.29-23.04.35:770][621]LogModuleManager: Shutting down and abandoning module Android_ETC1TargetPlatform (33)
[2015.12.29-23.04.35:770][621]LogModuleManager: Shutting down and abandoning module Android_DXTTargetPlatform (32)
[2015.12.29-23.04.35:770][621]LogModuleManager: Shutting down and abandoning module Android_ATCTargetPlatform (31)
[2015.12.29-23.04.35:770][621]LogModuleManager: Shutting down and abandoning module Android_ASTCTargetPlatform (30)
[2015.12.29-23.04.35:770][621]LogModuleManager: Shutting down and abandoning module AndroidTargetPlatform (29)
[2015.12.29-23.04.35:770][621]LogModuleManager: Shutting down and abandoning module WindowsTargetPlatform (28)
[2015.12.29-23.04.35:770][621]LogModuleManager: Shutting down and abandoning module WindowsServerTargetPlatform (27)
[2015.12.29-23.04.35:770][621]LogModuleManager: Shutting down and abandoning module WindowsNoEditorTargetPlatform (26)
[2015.12.29-23.04.35:770][621]LogModuleManager: Shutting down and abandoning module WindowsClientTargetPlatform (25)
[2015.12.29-23.04.35:770][621]LogModuleManager: Shutting down and abandoning module AllDesktopTargetPlatform (24)
[2015.12.29-23.04.35:770][621]LogModuleManager: Shutting down and abandoning module TargetPlatform (23)
[2015.12.29-23.04.35:770][621]LogModuleManager: Shutting down and abandoning module InputCore (22)
[2015.12.29-23.04.35:770][621]LogModuleManager: Shutting down and abandoning module Settings (21)
[2015.12.29-23.04.35:770][621]LogModuleManager: Shutting down and abandoning module OnlineSubsystem (19)
[2015.12.29-23.04.35:770][621]LogModuleManager: Shutting down and abandoning module HTTP (18)
[2015.12.29-23.04.36:771][621]LogModuleManager: Shutting down and abandoning module XMPP (17)
[2015.12.29-23.04.36:771][621]LogModuleManager: Shutting down and abandoning module OculusRift (16)
[2015.12.29-23.04.36:771][621]LogModuleManager: Shutting down and abandoning module ExampleDeviceProfileSelector (15)
[2015.12.29-23.04.36:771][621]LogModuleManager: Shutting down and abandoning module TextureCompressor (14)
[2015.12.29-23.04.36:771][621]LogModuleManager: Shutting down and abandoning module ShaderCore (13)
[2015.12.29-23.04.36:771][621]LogModuleManager: Shutting down and abandoning module Landscape (12)
[2015.12.29-23.04.36:771][621]LogModuleManager: Shutting down and abandoning module SlateRHIRenderer (11)
[2015.12.29-23.04.36:774][621]LogModuleManager: Shutting down and abandoning module OpenGLDrv (10)
[2015.12.29-23.04.36:774][621]LogModuleManager: Shutting down and abandoning module D3D11RHI (9)
[2015.12.29-23.04.36:774][621]LogModuleManager: Shutting down and abandoning module AnimGraphRuntime (8)
[2015.12.29-23.04.36:774][621]LogModuleManager: Shutting down and abandoning module Renderer (7)
[2015.12.29-23.04.36:774][621]LogModuleManager: Shutting down and abandoning module Engine (6)
[2015.12.29-23.04.36:774][621]LogModuleManager: Shutting down and abandoning module CoreUObject (5)
[2015.12.29-23.04.36:774][621]LogModuleManager: Shutting down and abandoning module NetworkFile (4)
[2015.12.29-23.04.36:774][621]LogModuleManager: Shutting down and abandoning module StreamingFile (3)
[2015.12.29-23.04.36:774][621]LogModuleManager: Shutting down and abandoning module SandboxFile (2)
[2015.12.29-23.04.36:774][621]LogModuleManager: Shutting down and abandoning module PakFile (1)
[2015.12.29-23.04.36:775][621]LogExit: Exiting.
[2015.12.29-23.04.36:777][621]Log file closed, 12/29/15 18:04:36
